SF:/Users/johannystrom/practice/TinyCMS/src/TinyCMS.Data/JsonShopNodeConverter.cs
FN:12,System.Boolean TinyCMS.JsonMappedInterfaceConverter::CanConvert(System.Type)
FNDA:0,System.Boolean TinyCMS.JsonMappedInterfaceConverter::CanConvert(System.Type)
DA:13,0
DA:14,0
DA:15,0
FN:17,System.Object TinyCMS.JsonMappedInterfaceConverter::ReadJson(Newtonsoft.Json.JsonReader,System.Type,System.Object,Newtonsoft.Json.JsonSerializer)
FNDA:0,System.Object TinyCMS.JsonMappedInterfaceConverter::ReadJson(Newtonsoft.Json.JsonReader,System.Type,System.Object,Newtonsoft.Json.JsonSerializer)
DA:18,0
DA:19,0
DA:20,0
DA:22,0
DA:24,0
DA:26,0
DA:28,0
DA:30,0
BRDA:19,13,0,0
BRDA:19,13,1,0
FN:32,System.Void TinyCMS.JsonMappedInterfaceConverter::WriteJson(Newtonsoft.Json.JsonWriter,System.Object,Newtonsoft.Json.JsonSerializer)
FNDA:0,System.Void TinyCMS.JsonMappedInterfaceConverter::WriteJson(Newtonsoft.Json.JsonWriter,System.Object,Newtonsoft.Json.JsonSerializer)
DA:33,0
DA:34,0
DA:35,0
DA:36,0
DA:37,0
DA:38,0
DA:39,0
DA:40,0
DA:41,0
DA:42,0
DA:43,0
DA:44,0
BRDA:35,86,1,0
BRDA:38,53,0,0
BRDA:38,53,1,0
BRDA:35,86,0,0
LF:23
LH:0
BRF:6
BRH:0
FNF:3
FNH:0
end_of_record
SF:/Users/johannystrom/practice/TinyCMS/src/TinyCMS.Data/JsonNodeConverter.cs
FN:21,System.Boolean TinyCMS.FileStorage.JsonNodeConverter::CanConvert(System.Type)
FNDA:0,System.Boolean TinyCMS.FileStorage.JsonNodeConverter::CanConvert(System.Type)
DA:22,0
DA:23,0
DA:24,0
FN:26,System.Object TinyCMS.FileStorage.JsonNodeConverter::ReadJson(Newtonsoft.Json.JsonReader,System.Type,System.Object,Newtonsoft.Json.JsonSerializer)
FNDA:0,System.Object TinyCMS.FileStorage.JsonNodeConverter::ReadJson(Newtonsoft.Json.JsonReader,System.Type,System.Object,Newtonsoft.Json.JsonSerializer)
DA:27,0
DA:28,0
DA:29,0
DA:31,0
DA:33,0
DA:35,0
DA:37,0
DA:39,0
BRDA:28,13,0,0
BRDA:28,13,1,0
FN:41,System.Object TinyCMS.FileStorage.JsonNodeConverter::CreateNode(Newtonsoft.Json.Linq.JObject)
FNDA:0,System.Object TinyCMS.FileStorage.JsonNodeConverter::CreateNode(Newtonsoft.Json.Linq.JObject)
DA:42,0
DA:43,0
DA:44,0
DA:45,0
DA:46,0
FN:48,System.Void TinyCMS.FileStorage.JsonNodeConverter::WriteJson(Newtonsoft.Json.JsonWriter,System.Object,Newtonsoft.Json.JsonSerializer)
FNDA:0,System.Void TinyCMS.FileStorage.JsonNodeConverter::WriteJson(Newtonsoft.Json.JsonWriter,System.Object,Newtonsoft.Json.JsonSerializer)
DA:49,0
DA:50,0
DA:51,0
DA:52,0
DA:53,0
DA:54,0
DA:55,0
DA:56,0
DA:57,0
DA:58,0
DA:59,0
DA:60,0
BRDA:51,114,1,0
BRDA:54,81,0,0
BRDA:54,81,1,0
BRDA:51,114,0,0
FN:11,System.Void TinyCMS.FileStorage.JsonNodeConverter::.ctor(TinyCMS.Interfaces.INodeTypeFactory)
FNDA:0,System.Void TinyCMS.FileStorage.JsonNodeConverter::.ctor(TinyCMS.Interfaces.INodeTypeFactory)
DA:12,0
DA:13,0
DA:14,0
DA:15,0
DA:17,0
LF:33
LH:0
BRF:6
BRH:0
FNF:5
FNH:0
end_of_record
SF:/Users/johannystrom/practice/TinyCMS/src/TinyCMS.Data/Helper.cs
FN:11,System.String TinyCMS.Serializer.Helper::ToLowerFirst(System.String)
FNDA:122,System.String TinyCMS.Serializer.Helper::ToLowerFirst(System.String)
DA:12,122
DA:13,122
DA:14,122
FN:21,System.Collections.Generic.Dictionary`2<System.String,System.Reflection.PropertyInfo> TinyCMS.Serializer.Helper::FilterExcluded(System.Collections.Generic.Dictionary`2<System.String,System.Reflection.PropertyInfo>,System.Boolean,System.String[])
FNDA:55,System.Collections.Generic.Dictionary`2<System.String,System.Reflection.PropertyInfo> TinyCMS.Serializer.Helper::FilterExcluded(System.Collections.Generic.Dictionary`2<System.String,System.Reflection.PropertyInfo>,System.Boolean,System.String[])
DA:22,55
DA:23,55
DA:24,965
DA:25,400
DA:26,400
DA:27,400
DA:28,396
DA:29,400
DA:30,0
DA:31,400
DA:32,160
DA:33,400
DA:34,55
DA:35,55
BRDA:24,143,1,400
BRDA:27,33,0,396
BRDA:27,33,1,400
BRDA:29,62,0,396
BRDA:29,62,1,4
BRDA:29,77,0,0
BRDA:30,80,0,0
BRDA:30,80,1,0
BRDA:29,77,1,400
BRDA:31,112,0,160
BRDA:31,112,1,400
BRDA:24,143,0,55
FN:37,System.Collections.Generic.Dictionary`2<System.String,System.Object> TinyCMS.Serializer.Helper::GetPropertyDictionary(System.Object,System.String[])
FNDA:55,System.Collections.Generic.Dictionary`2<System.String,System.Object> TinyCMS.Serializer.Helper::GetPropertyDictionary(System.Object,System.String[])
DA:38,55
DA:39,55
DA:40,55
DA:41,485
DA:42,160
DA:43,160
DA:44,160
DA:45,100
DA:46,100
DA:47,100
DA:48,160
DA:49,55
DA:50,55
BRDA:41,101,1,160
BRDA:44,73,0,100
BRDA:44,73,1,160
BRDA:41,101,0,55
FN:52,System.Collections.Generic.Dictionary`2<System.String,System.Reflection.PropertyInfo> TinyCMS.Serializer.Helper::GetPropertyInfoList(System.Object)
FNDA:55,System.Collections.Generic.Dictionary`2<System.String,System.Reflection.PropertyInfo> TinyCMS.Serializer.Helper::GetPropertyInfoList(System.Object)
DA:53,55
DA:54,55
DA:55,55
DA:56,55
DA:57,51
DA:59,4
DA:60,4
DA:61,4
DA:62,30
DA:64,64
DA:65,26
DA:66,26
DA:67,26
DA:68,26
DA:69,4
DA:70,4
DA:72,55
DA:73,55
BRDA:56,23,0,51
BRDA:56,23,1,4
BRDA:62,71,0,1
BRDA:62,71,1,4
BRDA:64,158,1,26
BRDA:64,158,0,4
FN:15,System.Void TinyCMS.Serializer.Helper::.cctor()
FNDA:1,System.Void TinyCMS.Serializer.Helper::.cctor()
DA:16,1
DA:18,1
DA:19,1
LF:51
LH:50
BRF:22
BRH:19
FNF:5
FNH:5
end_of_record
SF:/Users/johannystrom/practice/TinyCMS/src/TinyCMS.Data/BaseNode.cs
FN:14,System.String TinyCMS.Data.BaseNode::get_Id()
FNDA:555,System.String TinyCMS.Data.BaseNode::get_Id()
DA:15,555
FN:16,System.String TinyCMS.Data.BaseNode::get_ParentId()
FNDA:180,System.String TinyCMS.Data.BaseNode::get_ParentId()
DA:17,180
FN:18,System.Boolean TinyCMS.Data.BaseNode::get_IsParsed()
FNDA:122,System.Boolean TinyCMS.Data.BaseNode::get_IsParsed()
DA:19,122
FN:21,System.Collections.Generic.IList`1<System.String> TinyCMS.Data.BaseNode::get_Tags()
FNDA:1,System.Collections.Generic.IList`1<System.String> TinyCMS.Data.BaseNode::get_Tags()
DA:22,1
FN:23,System.Collections.ObjectModel.ObservableCollection`1<TinyCMS.Interfaces.INode> TinyCMS.Data.BaseNode::get_Children()
FNDA:493,System.Collections.ObjectModel.ObservableCollection`1<TinyCMS.Interfaces.INode> TinyCMS.Data.BaseNode::get_Children()
DA:24,493
LF:5
LH:5
BRF:10
BRH:5
FNF:5
FNH:5
end_of_record
SF:/Users/johannystrom/practice/TinyCMS/src/TinyCMS.Data/BaseRelation.cs
FN:14,System.String TinyCMS.Data.BaseRelation::get_FromId()
FNDA:22,System.String TinyCMS.Data.BaseRelation::get_FromId()
DA:15,22
FN:15,System.String TinyCMS.Data.BaseRelation::get_ToId()
FNDA:28,System.String TinyCMS.Data.BaseRelation::get_ToId()
DA:16,28
FN:18,System.Boolean TinyCMS.Data.BaseRelation::Equals(TinyCMS.Interfaces.IRelation,TinyCMS.Interfaces.IRelation)
FNDA:0,System.Boolean TinyCMS.Data.BaseRelation::Equals(TinyCMS.Interfaces.IRelation,TinyCMS.Interfaces.IRelation)
DA:19,0
DA:20,0
DA:21,0
DA:22,0
BRDA:20,18,0,0
BRDA:20,18,1,0
BRDA:20,37,0,0
BRDA:20,56,0,0
BRDA:20,56,1,0
BRDA:20,37,1,0
FN:24,System.Int32 TinyCMS.Data.BaseRelation::GetHashCode(TinyCMS.Interfaces.IRelation)
FNDA:0,System.Int32 TinyCMS.Data.BaseRelation::GetHashCode(TinyCMS.Interfaces.IRelation)
DA:25,0
DA:26,0
DA:27,0
FN:9,System.Void TinyCMS.Data.BaseRelation::.ctor(System.String,System.String)
FNDA:5,System.Void TinyCMS.Data.BaseRelation::.ctor(System.String,System.String)
DA:10,5
DA:11,5
DA:12,5
DA:13,5
DA:14,5
LF:14
LH:7
BRF:6
BRH:0
FNF:5
FNH:3
end_of_record
SF:/Users/johannystrom/practice/TinyCMS/src/TinyCMS.Data/Nodes/Column.cs
FN:7,System.String TinyCMS.Data.Nodes.Column::get_Type()
FNDA:1,System.String TinyCMS.Data.Nodes.Column::get_Type()
DA:8,1
FN:8,System.String TinyCMS.Data.Nodes.Column::get_ClassName()
FNDA:1,System.String TinyCMS.Data.Nodes.Column::get_ClassName()
DA:9,1
LF:2
LH:2
BRF:2
BRH:0
FNF:2
FNH:2
end_of_record
SF:/Users/johannystrom/practice/TinyCMS/src/TinyCMS.Data/Nodes/Component.cs
FN:7,System.String TinyCMS.Data.Nodes.Component::get_Type()
FNDA:1,System.String TinyCMS.Data.Nodes.Component::get_Type()
DA:8,1
FN:8,System.String TinyCMS.Data.Nodes.Component::get_Name()
FNDA:0,System.String TinyCMS.Data.Nodes.Component::get_Name()
DA:9,0
FN:9,System.Collections.Generic.Dictionary`2<System.String,System.Object> TinyCMS.Data.Nodes.Component::get_Props()
FNDA:0,System.Collections.Generic.Dictionary`2<System.String,System.Object> TinyCMS.Data.Nodes.Component::get_Props()
DA:10,0
LF:3
LH:1
BRF:4
BRH:0
FNF:3
FNH:1
end_of_record
SF:/Users/johannystrom/practice/TinyCMS/src/TinyCMS.Data/Nodes/CustomForm.cs
FN:4,System.String TinyCMS.Data.Nodes.CustomForm::get_Type()
FNDA:1,System.String TinyCMS.Data.Nodes.CustomForm::get_Type()
DA:5,1
LF:1
LH:1
BRF:0
BRH:0
FNF:1
FNH:1
end_of_record
SF:/Users/johannystrom/practice/TinyCMS/src/TinyCMS.Data/Nodes/File.cs
FN:7,System.String TinyCMS.Data.Nodes.File::get_Type()
FNDA:1,System.String TinyCMS.Data.Nodes.File::get_Type()
DA:8,1
FN:9,System.String TinyCMS.Data.Nodes.File::get_Path()
FNDA:13,System.String TinyCMS.Data.Nodes.File::get_Path()
DA:10,13
FN:11,System.String TinyCMS.Data.Nodes.File::get_Url()
FNDA:0,System.String TinyCMS.Data.Nodes.File::get_Url()
DA:12,0
LF:3
LH:2
BRF:4
BRH:1
FNF:3
FNH:2
end_of_record
SF:/Users/johannystrom/practice/TinyCMS/src/TinyCMS.Data/Nodes/HiddenNode.cs
FN:8,System.String TinyCMS.Data.Nodes.HiddenNode::get_Type()
FNDA:1,System.String TinyCMS.Data.Nodes.HiddenNode::get_Type()
DA:9,1
LF:1
LH:1
BRF:0
BRH:0
FNF:1
FNH:1
end_of_record
SF:/Users/johannystrom/practice/TinyCMS/src/TinyCMS.Data/Nodes/Image.cs
FN:9,System.String TinyCMS.Data.Nodes.Image::get_Type()
FNDA:1,System.String TinyCMS.Data.Nodes.Image::get_Type()
DA:10,1
FN:10,System.Double TinyCMS.Data.Nodes.Image::get_Width()
FNDA:0,System.Double TinyCMS.Data.Nodes.Image::get_Width()
DA:11,0
FN:11,System.Double TinyCMS.Data.Nodes.Image::get_Height()
FNDA:0,System.Double TinyCMS.Data.Nodes.Image::get_Height()
DA:12,0
FN:12,System.String TinyCMS.Data.Nodes.Image::get_Alt()
FNDA:0,System.String TinyCMS.Data.Nodes.Image::get_Alt()
DA:13,0
LF:4
LH:1
BRF:6
BRH:0
FNF:4
FNH:1
end_of_record
SF:/Users/johannystrom/practice/TinyCMS/src/TinyCMS.Data/Nodes/KeyValue.cs
FN:7,System.String TinyCMS.Data.Nodes.KeyValue::get_Type()
FNDA:1,System.String TinyCMS.Data.Nodes.KeyValue::get_Type()
DA:8,1
FN:8,System.String TinyCMS.Data.Nodes.KeyValue::get_Key()
FNDA:0,System.String TinyCMS.Data.Nodes.KeyValue::get_Key()
DA:9,0
FN:9,System.Object TinyCMS.Data.Nodes.KeyValue::get_Value()
FNDA:0,System.Object TinyCMS.Data.Nodes.KeyValue::get_Value()
DA:10,0
LF:3
LH:1
BRF:4
BRH:0
FNF:3
FNH:1
end_of_record
SF:/Users/johannystrom/practice/TinyCMS/src/TinyCMS.Data/Nodes/Page.cs
FN:8,System.String TinyCMS.Data.Nodes.Page::get_Type()
FNDA:1,System.String TinyCMS.Data.Nodes.Page::get_Type()
DA:9,1
FN:9,System.String TinyCMS.Data.Nodes.Page::get_Name()
FNDA:22,System.String TinyCMS.Data.Nodes.Page::get_Name()
DA:10,22
FN:10,System.String TinyCMS.Data.Nodes.Page::get_Url()
FNDA:0,System.String TinyCMS.Data.Nodes.Page::get_Url()
DA:11,0
FN:11,System.String TinyCMS.Data.Nodes.Page::get_TemplateId()
FNDA:0,System.String TinyCMS.Data.Nodes.Page::get_TemplateId()
DA:12,0
LF:4
LH:2
BRF:6
BRH:1
FNF:4
FNH:2
end_of_record
SF:/Users/johannystrom/practice/TinyCMS/src/TinyCMS.Data/Nodes/Row.cs
FN:7,System.String TinyCMS.Data.Nodes.Row::get_Type()
FNDA:1,System.String TinyCMS.Data.Nodes.Row::get_Type()
DA:8,1
LF:1
LH:1
BRF:0
BRH:0
FNF:1
FNH:1
end_of_record
SF:/Users/johannystrom/practice/TinyCMS/src/TinyCMS.Data/Nodes/Script.cs
FN:7,System.String TinyCMS.Data.Nodes.Script::get_Type()
FNDA:1,System.String TinyCMS.Data.Nodes.Script::get_Type()
DA:8,1
FN:8,System.String TinyCMS.Data.Nodes.Script::get_Name()
FNDA:0,System.String TinyCMS.Data.Nodes.Script::get_Name()
DA:9,0
FN:9,System.String TinyCMS.Data.Nodes.Script::get_Code()
FNDA:0,System.String TinyCMS.Data.Nodes.Script::get_Code()
DA:10,0
LF:3
LH:1
BRF:4
BRH:0
FNF:3
FNH:1
end_of_record
SF:/Users/johannystrom/practice/TinyCMS/src/TinyCMS.Data/Nodes/Section.cs
FN:6,System.String TinyCMS.Data.Nodes.Section::get_Type()
FNDA:1,System.String TinyCMS.Data.Nodes.Section::get_Type()
DA:7,1
FN:7,System.String TinyCMS.Data.Nodes.Section::get_Title()
FNDA:0,System.String TinyCMS.Data.Nodes.Section::get_Title()
DA:8,0
FN:8,System.String TinyCMS.Data.Nodes.Section::get_Ingress()
FNDA:0,System.String TinyCMS.Data.Nodes.Section::get_Ingress()
DA:9,0
LF:3
LH:1
BRF:4
BRH:0
FNF:3
FNH:1
end_of_record
SF:/Users/johannystrom/practice/TinyCMS/src/TinyCMS.Data/Nodes/Site.cs
FN:6,System.String TinyCMS.Data.Nodes.Site::get_Type()
FNDA:1,System.String TinyCMS.Data.Nodes.Site::get_Type()
DA:7,1
FN:7,System.String TinyCMS.Data.Nodes.Site::get_Domain()
FNDA:0,System.String TinyCMS.Data.Nodes.Site::get_Domain()
DA:8,0
LF:2
LH:1
BRF:2
BRH:0
FNF:2
FNH:1
end_of_record
SF:/Users/johannystrom/practice/TinyCMS/src/TinyCMS.Data/Nodes/SizeUnit.cs
FN:6,System.Int32 TinyCMS.Data.Nodes.SizeUnit::get_Top()
FNDA:0,System.Int32 TinyCMS.Data.Nodes.SizeUnit::get_Top()
DA:7,0
FN:7,System.Int32 TinyCMS.Data.Nodes.SizeUnit::get_Left()
FNDA:0,System.Int32 TinyCMS.Data.Nodes.SizeUnit::get_Left()
DA:8,0
FN:8,System.Int32 TinyCMS.Data.Nodes.SizeUnit::get_Right()
FNDA:0,System.Int32 TinyCMS.Data.Nodes.SizeUnit::get_Right()
DA:9,0
FN:9,System.Int32 TinyCMS.Data.Nodes.SizeUnit::get_Bottom()
FNDA:0,System.Int32 TinyCMS.Data.Nodes.SizeUnit::get_Bottom()
DA:10,0
LF:4
LH:0
BRF:0
BRH:0
FNF:4
FNH:0
end_of_record
SF:/Users/johannystrom/practice/TinyCMS/src/TinyCMS.Data/Nodes/Style.cs
FN:7,System.String TinyCMS.Data.Nodes.Style::get_Type()
FNDA:1,System.String TinyCMS.Data.Nodes.Style::get_Type()
DA:8,1
FN:8,System.String TinyCMS.Data.Nodes.Style::get_Name()
FNDA:0,System.String TinyCMS.Data.Nodes.Style::get_Name()
DA:9,0
FN:9,System.String TinyCMS.Data.Nodes.Style::get_Css()
FNDA:0,System.String TinyCMS.Data.Nodes.Style::get_Css()
DA:10,0
LF:3
LH:1
BRF:4
BRH:0
FNF:3
FNH:1
end_of_record
SF:/Users/johannystrom/practice/TinyCMS/src/TinyCMS.Data/Nodes/StyleComponent.cs
FN:6,System.String TinyCMS.Data.Nodes.StyleComponent::get_Type()
FNDA:1,System.String TinyCMS.Data.Nodes.StyleComponent::get_Type()
DA:7,1
FN:9,System.String TinyCMS.Data.Nodes.StyleComponent::get_BackgroundColor()
FNDA:0,System.String TinyCMS.Data.Nodes.StyleComponent::get_BackgroundColor()
DA:10,0
FN:12,System.String TinyCMS.Data.Nodes.StyleComponent::get_Color()
FNDA:0,System.String TinyCMS.Data.Nodes.StyleComponent::get_Color()
DA:13,0
FN:14,TinyCMS.Data.Nodes.SizeUnit TinyCMS.Data.Nodes.StyleComponent::get_Padding()
FNDA:1,TinyCMS.Data.Nodes.SizeUnit TinyCMS.Data.Nodes.StyleComponent::get_Padding()
DA:15,1
FN:16,TinyCMS.Data.Nodes.SizeUnit TinyCMS.Data.Nodes.StyleComponent::get_Margin()
FNDA:1,TinyCMS.Data.Nodes.SizeUnit TinyCMS.Data.Nodes.StyleComponent::get_Margin()
DA:17,1
LF:5
LH:3
BRF:8
BRH:0
FNF:5
FNH:3
end_of_record
SF:/Users/johannystrom/practice/TinyCMS/src/TinyCMS.Data/Nodes/Template.cs
FN:7,System.String TinyCMS.Data.Nodes.Template::get_Type()
FNDA:1,System.String TinyCMS.Data.Nodes.Template::get_Type()
DA:8,1
FN:8,System.String TinyCMS.Data.Nodes.Template::get_Name()
FNDA:0,System.String TinyCMS.Data.Nodes.Template::get_Name()
DA:9,0
FN:9,System.String TinyCMS.Data.Nodes.Template::get_Html()
FNDA:0,System.String TinyCMS.Data.Nodes.Template::get_Html()
DA:10,0
LF:3
LH:1
BRF:4
BRH:0
FNF:3
FNH:1
end_of_record
SF:/Users/johannystrom/practice/TinyCMS/src/TinyCMS.Data/Nodes/Text.cs
FN:7,System.String TinyCMS.Data.Nodes.Text::get_Type()
FNDA:1,System.String TinyCMS.Data.Nodes.Text::get_Type()
DA:8,1
FN:10,System.String TinyCMS.Data.Nodes.Text::get_Value()
FNDA:31,System.String TinyCMS.Data.Nodes.Text::get_Value()
DA:11,31
FN:16,System.String TinyCMS.Data.Nodes.Header::get_Type()
FNDA:1,System.String TinyCMS.Data.Nodes.Header::get_Type()
DA:17,1
FN:18,System.String TinyCMS.Data.Nodes.Header::get_Text()
FNDA:0,System.String TinyCMS.Data.Nodes.Header::get_Text()
DA:19,0
FN:25,System.String TinyCMS.Data.Nodes.CodeNode::get_Type()
FNDA:1,System.String TinyCMS.Data.Nodes.CodeNode::get_Type()
DA:26,1
FN:27,System.String TinyCMS.Data.Nodes.CodeNode::get_CodeLang()
FNDA:1,System.String TinyCMS.Data.Nodes.CodeNode::get_CodeLang()
DA:28,1
FN:30,System.String TinyCMS.Data.Nodes.CodeNode::get_Code()
FNDA:0,System.String TinyCMS.Data.Nodes.CodeNode::get_Code()
DA:31,0
LF:7
LH:5
BRF:8
BRH:1
FNF:7
FNH:5
end_of_record
SF:/Users/johannystrom/practice/TinyCMS/src/TinyCMS.Data/Extensions/NodeExtensions.cs
FN:15,System.Object TinyCMS.Data.Extensions.ObjectExtensions::Apply(System.Object,System.Collections.Generic.IDictionary`2<System.String,System.Object>)
FNDA:0,System.Object TinyCMS.Data.Extensions.ObjectExtensions::Apply(System.Object,System.Collections.Generic.IDictionary`2<System.String,System.Object>)
DA:16,0
DA:17,0
DA:18,0
DA:19,0
DA:20,0
DA:21,0
DA:22,0
DA:23,0
DA:24,0
DA:25,0
DA:26,0
DA:28,0
DA:29,0
DA:30,0
DA:31,0
DA:32,0
DA:33,0
DA:34,0
DA:35,0
DA:36,0
DA:37,0
DA:38,0
DA:39,0
DA:40,0
DA:41,0
DA:42,0
BRDA:17,7,0,0
BRDA:17,7,1,0
BRDA:21,219,1,0
BRDA:25,120,0,0
BRDA:25,124,0,0
BRDA:25,120,1,0
BRDA:25,124,1,0
BRDA:25,140,0,0
BRDA:29,161,0,0
BRDA:29,161,1,0
BRDA:25,140,1,0
BRDA:21,219,0,0
FN:47,TinyCMS.Interfaces.INode TinyCMS.Data.Extensions.NodeExtensions::Add(TinyCMS.Interfaces.INode,TinyCMS.Interfaces.INode)
FNDA:72,TinyCMS.Interfaces.INode TinyCMS.Data.Extensions.NodeExtensions::Add(TinyCMS.Interfaces.INode,TinyCMS.Interfaces.INode)
DA:48,72
DA:49,72
DA:50,0
DA:51,72
DA:52,45
DA:53,45
DA:54,45
DA:55,72
DA:56,72
DA:57,72
DA:58,72
BRDA:49,12,0,0
BRDA:49,12,1,72
BRDA:51,39,0,45
BRDA:51,39,1,72
FN:60,TinyCMS.Interfaces.INode TinyCMS.Data.Extensions.NodeExtensions::Add(TinyCMS.Interfaces.INode)
FNDA:0,TinyCMS.Interfaces.INode TinyCMS.Data.Extensions.NodeExtensions::Add(TinyCMS.Interfaces.INode)
DA:61,0
DA:62,0
DA:63,0
DA:64,0
DA:65,0
FN:67,TinyCMS.Interfaces.INode TinyCMS.Data.Extensions.NodeExtensions::Watch(TinyCMS.Interfaces.INode,System.Action)
FNDA:0,TinyCMS.Interfaces.INode TinyCMS.Data.Extensions.NodeExtensions::Watch(TinyCMS.Interfaces.INode,System.Action)
DA:68,0
DA:69,0
DA:70,0
DA:71,0
DA:72,0
DA:74,0
DA:75,0
DA:76,0
DA:77,0
DA:78,0
DA:79,0
FN:81,TinyCMS.Interfaces.INode TinyCMS.Data.Extensions.NodeExtensions::SetNodePosition(TinyCMS.Interfaces.INode,TinyCMS.Interfaces.INode,System.Int32)
FNDA:0,TinyCMS.Interfaces.INode TinyCMS.Data.Extensions.NodeExtensions::SetNodePosition(TinyCMS.Interfaces.INode,TinyCMS.Interfaces.INode,System.Int32)
DA:82,0
DA:83,0
DA:84,0
DA:85,0
FN:87,TinyCMS.Interfaces.INode TinyCMS.Data.Extensions.NodeExtensions::ChangeParent(TinyCMS.Interfaces.INode,TinyCMS.Interfaces.INode,TinyCMS.Interfaces.INode,System.Int32)
FNDA:0,TinyCMS.Interfaces.INode TinyCMS.Data.Extensions.NodeExtensions::ChangeParent(TinyCMS.Interfaces.INode,TinyCMS.Interfaces.INode,TinyCMS.Interfaces.INode,System.Int32)
DA:88,0
DA:89,0
DA:90,0
DA:92,0
DA:93,0
DA:94,0
DA:95,0
BRDA:89,17,0,0
BRDA:89,17,1,0
FN:97,TinyCMS.Interfaces.INode TinyCMS.Data.Extensions.NodeExtensions::Apply(TinyCMS.Interfaces.INode,Newtonsoft.Json.Linq.JObject)
FNDA:0,TinyCMS.Interfaces.INode TinyCMS.Data.Extensions.NodeExtensions::Apply(TinyCMS.Interfaces.INode,Newtonsoft.Json.Linq.JObject)
DA:98,0
DA:99,0
DA:100,0
DA:101,0
DA:102,0
DA:103,0
DA:104,0
FN:106,TinyCMS.Interfaces.INode TinyCMS.Data.Extensions.NodeExtensions::Add(TinyCMS.Interfaces.INode,TinyCMS.Interfaces.INode,System.Collections.Generic.IDictionary`2<System.String,System.Object>)
FNDA:0,TinyCMS.Interfaces.INode TinyCMS.Data.Extensions.NodeExtensions::Add(TinyCMS.Interfaces.INode,TinyCMS.Interfaces.INode,System.Collections.Generic.IDictionary`2<System.String,System.Object>)
DA:107,0
DA:108,0
DA:109,0
DA:110,0
FN:112,TinyCMS.Interfaces.INode TinyCMS.Data.Extensions.NodeExtensions::Apply(TinyCMS.Interfaces.INode,System.Collections.Generic.IDictionary`2<System.String,System.Object>)
FNDA:0,TinyCMS.Interfaces.INode TinyCMS.Data.Extensions.NodeExtensions::Apply(TinyCMS.Interfaces.INode,System.Collections.Generic.IDictionary`2<System.String,System.Object>)
DA:113,0
DA:114,0
DA:115,0
DA:116,0
DA:117,0
DA:118,0
DA:119,0
DA:120,0
DA:121,0
DA:122,0
DA:123,0
DA:125,0
DA:126,0
DA:127,0
DA:128,0
DA:129,0
DA:130,0
DA:131,0
DA:132,0
DA:133,0
DA:134,0
DA:135,0
DA:136,0
DA:137,0
DA:138,0
DA:139,0
BRDA:114,7,0,0
BRDA:114,7,1,0
BRDA:118,238,1,0
BRDA:122,120,0,0
BRDA:122,124,0,0
BRDA:122,133,0,0
BRDA:122,120,1,0
BRDA:122,124,1,0
BRDA:122,133,1,0
BRDA:122,159,0,0
BRDA:126,180,0,0
BRDA:126,180,1,0
BRDA:122,159,1,0
BRDA:118,238,0,0
FN:141,TinyCMS.Interfaces.INode TinyCMS.Data.Extensions.NodeExtensions::AddBlogPage(TinyCMS.Interfaces.INode,System.String)
FNDA:13,TinyCMS.Interfaces.INode TinyCMS.Data.Extensions.NodeExtensions::AddBlogPage(TinyCMS.Interfaces.INode,System.String)
DA:142,13
DA:143,13
DA:144,13
DA:145,13
DA:146,13
DA:147,13
DA:148,13
DA:149,13
DA:150,13
DA:151,13
DA:152,13
DA:153,13
DA:154,13
DA:155,13
DA:156,13
DA:157,13
DA:158,13
FN:160,System.Boolean TinyCMS.Data.Extensions.NodeExtensions::HasChildren(TinyCMS.Interfaces.INode)
FNDA:40,System.Boolean TinyCMS.Data.Extensions.NodeExtensions::HasChildren(TinyCMS.Interfaces.INode)
DA:161,40
BRDA:161,7,0,1
BRDA:161,7,1,39
LF:119
LH:28
BRF:34
BRH:5
FNF:11
FNH:3
end_of_record
SF:/Users/johannystrom/practice/TinyCMS/src/TinyCMS.Data/Builder/Container.cs
FN:24,System.Boolean TinyCMS.Data.Builder.Container::get_IsDirty()
FNDA:63,System.Boolean TinyCMS.Data.Builder.Container::get_IsDirty()
DA:25,63
FN:27,System.Void TinyCMS.Data.Builder.Container::ParseNode(TinyCMS.Interfaces.INode,System.String)
FNDA:61,System.Void TinyCMS.Data.Builder.Container::ParseNode(TinyCMS.Interfaces.INode,System.String)
DA:28,61
DA:30,61
DA:31,0
DA:32,61
DA:33,0
DA:34,61
DA:35,0
DA:36,0
DA:37,0
DA:38,0
DA:40,61
DA:42,59
DA:43,60
DA:44,286
DA:45,52
DA:46,52
DA:47,52
DA:48,61
DA:50,0
DA:51,0
DA:52,0
DA:53,61
DA:54,61
DA:55,61
DA:57,61
BRDA:30,2,0,61
BRDA:30,2,1,0
BRDA:30,20,1,61
BRDA:32,33,0,53
BRDA:32,33,1,8
BRDA:32,52,0,0
BRDA:32,52,1,61
BRDA:34,81,0,0
BRDA:36,95,0,0
BRDA:36,95,1,0
BRDA:34,81,1,61
BRDA:42,144,0,61
BRDA:44,196,1,52
BRDA:44,196,0,61
BRDA:42,144,1,0
BRDA:53,243,0,61
BRDA:53,243,1,61
BRDA:30,20,0,61
FN:65,System.Void TinyCMS.Data.Builder.Container::AddWatchers(TinyCMS.Interfaces.INode)
FNDA:61,System.Void TinyCMS.Data.Builder.Container::AddWatchers(TinyCMS.Interfaces.INode)
DA:66,61
DA:67,61
DA:68,123
DA:69,123
DA:70,123
DA:71,123
DA:72,61
DA:73,62
DA:74,62
DA:75,62
DA:76,66
DA:77,62
DA:78,62
DA:79,62
DA:80,62
DA:81,62
DA:82,61
DA:83,61
DA:84,61
DA:85,61
DA:86,61
DA:87,61
DA:88,61
DA:89,61
DA:90,62
DA:91,62
DA:92,61
FN:94,System.Void TinyCMS.Data.Builder.Container::AfterRestore()
FNDA:0,System.Void TinyCMS.Data.Builder.Container::AfterRestore()
DA:95,0
DA:96,0
DA:97,0
DA:98,0
DA:100,0
DA:101,0
DA:102,0
DA:103,0
DA:104,0
BRDA:100,102,1,0
BRDA:100,102,0,0
FN:106,System.Void TinyCMS.Data.Builder.Container::RemoveNode(TinyCMS.Interfaces.INode)
FNDA:0,System.Void TinyCMS.Data.Builder.Container::RemoveNode(TinyCMS.Interfaces.INode)
DA:107,0
DA:109,0
DA:110,0
DA:111,0
DA:112,0
DA:113,0
DA:114,0
DA:115,0
DA:116,0
DA:117,0
BRDA:110,35,0,0
BRDA:110,35,1,0
FN:118,TinyCMS.Interfaces.INode TinyCMS.Data.Builder.Container::get_RootNode()
FNDA:9,TinyCMS.Interfaces.INode TinyCMS.Data.Builder.Container::get_RootNode()
DA:119,9
FN:121,System.Collections.Generic.Dictionary`2<System.String,TinyCMS.Interfaces.INode> TinyCMS.Data.Builder.Container::get_Nodes()
FNDA:196,System.Collections.Generic.Dictionary`2<System.String,TinyCMS.Interfaces.INode> TinyCMS.Data.Builder.Container::get_Nodes()
DA:122,196
FN:123,System.Collections.Generic.HashSet`1<TinyCMS.Interfaces.IRelation> TinyCMS.Data.Builder.Container::get_Relations()
FNDA:63,System.Collections.Generic.HashSet`1<TinyCMS.Interfaces.IRelation> TinyCMS.Data.Builder.Container::get_Relations()
DA:124,63
FN:126,TinyCMS.Interfaces.INode TinyCMS.Data.Builder.Container::GetById(System.String)
FNDA:25,TinyCMS.Interfaces.INode TinyCMS.Data.Builder.Container::GetById(System.String)
DA:127,25
DA:128,25
DA:129,25
DA:130,25
DA:132,0
DA:133,25
BRDA:128,15,0,25
BRDA:128,15,1,0
FN:135,System.Void TinyCMS.Data.Builder.Container::AddRelation(TinyCMS.Interfaces.INode,TinyCMS.Interfaces.INode)
FNDA:5,System.Void TinyCMS.Data.Builder.Container::AddRelation(TinyCMS.Interfaces.INode,TinyCMS.Interfaces.INode)
DA:136,5
DA:137,5
DA:138,5
FN:155,System.Collections.Generic.IEnumerable`1<TinyCMS.Interfaces.INode> TinyCMS.Data.Builder.Container::GetRelationsById(System.String)
FNDA:1,System.Collections.Generic.IEnumerable`1<TinyCMS.Interfaces.INode> TinyCMS.Data.Builder.Container::GetRelationsById(System.String)
DA:156,1
DA:157,1
DA:158,1
DA:159,1
FN:13,System.Void TinyCMS.Data.Builder.Container::.ctor()
FNDA:16,System.Void TinyCMS.Data.Builder.Container::.ctor()
DA:14,16
DA:15,16
DA:17,16
FN:18,System.Void TinyCMS.Data.Builder.Container::.ctor(TinyCMS.Interfaces.INode)
FNDA:8,System.Void TinyCMS.Data.Builder.Container::.ctor(TinyCMS.Interfaces.INode)
DA:19,8
DA:20,8
DA:21,8
DA:22,8
DA:23,8
FN:140,System.Boolean TinyCMS.Data.Builder.Container/<GetRelations>d__30::MoveNext()
FNDA:34,System.Boolean TinyCMS.Data.Builder.Container/<GetRelations>d__30::MoveNext()
DA:141,34
DA:142,131
DA:143,17
DA:144,17
DA:145,7
DA:146,7
DA:147,4
DA:148,10
DA:149,6
DA:150,6
DA:151,4
DA:152,12
DA:153,29
BRDA:142,292,1,17
BRDA:144,137,0,7
BRDA:144,137,1,10
BRDA:148,222,0,6
BRDA:148,222,1,12
BRDA:142,292,0,29
LF:109
LH:80
BRF:42
BRH:25
FNF:14
FNH:12
end_of_record
SF:/Users/johannystrom/practice/TinyCMS/src/TinyCMS.Data/Builder/InterfaceResolverFactory.cs
FN:12,TinyCMS.Data.Builder.InterfaceResolver TinyCMS.Data.Builder.InterfaceResolver::get_Instance()
FNDA:0,TinyCMS.Data.Builder.InterfaceResolver TinyCMS.Data.Builder.InterfaceResolver::get_Instance()
DA:13,0
DA:14,0
DA:15,0
DA:16,0
DA:17,0
BRDA:14,11,0,0
BRDA:14,11,1,0
FN:23,System.Void TinyCMS.Data.Builder.InterfaceResolver::Add(System.Type,System.Type)
FNDA:0,System.Void TinyCMS.Data.Builder.InterfaceResolver::Add(System.Type,System.Type)
DA:24,0
DA:25,0
DA:26,0
DA:27,0
BRDA:25,18,0,0
BRDA:25,18,1,0
FN:29,System.Void TinyCMS.Data.Builder.InterfaceResolver::Add()
FNDA:0,System.Void TinyCMS.Data.Builder.InterfaceResolver::Add()
DA:30,0
DA:31,0
DA:32,0
FN:34,System.Boolean TinyCMS.Data.Builder.InterfaceResolver::CanResolve(System.Type)
FNDA:0,System.Boolean TinyCMS.Data.Builder.InterfaceResolver::CanResolve(System.Type)
DA:35,0
DA:36,0
DA:37,0
FN:39,System.Object TinyCMS.Data.Builder.InterfaceResolver::CreateInstance(System.Type)
FNDA:0,System.Object TinyCMS.Data.Builder.InterfaceResolver::CreateInstance(System.Type)
DA:40,0
DA:41,0
DA:42,0
DA:43,0
DA:45,0
DA:46,0
BRDA:41,15,0,0
BRDA:41,15,1,0
FN:19,System.Void TinyCMS.Data.Builder.InterfaceResolver::.ctor()
FNDA:0,System.Void TinyCMS.Data.Builder.InterfaceResolver::.ctor()
DA:20,0
LF:22
LH:0
BRF:6
BRH:0
FNF:6
FNH:0
end_of_record
SF:/Users/johannystrom/practice/TinyCMS/src/TinyCMS.Data/Builder/NodeTypeFactory.cs
FN:18,TinyCMS.Interfaces.INode TinyCMS.Data.Builder.NodeTypeFactory::GetNew(System.String)
FNDA:1,TinyCMS.Interfaces.INode TinyCMS.Data.Builder.NodeTypeFactory::GetNew(System.String)
DA:19,1
DA:20,1
DA:21,1
DA:22,0
DA:23,1
BRDA:20,15,0,1
BRDA:20,15,1,0
FN:27,System.Void TinyCMS.Data.Builder.NodeTypeFactory::RegisterTypes(System.Reflection.Assembly)
FNDA:1,System.Void TinyCMS.Data.Builder.NodeTypeFactory::RegisterTypes(System.Reflection.Assembly)
DA:28,1
DA:29,1
DA:30,1
DA:31,63
DA:32,30
DA:33,30
DA:34,19
DA:36,19
DA:37,19
DA:38,18
DA:39,18
DA:40,18
DA:41,18
DA:42,18
DA:43,1
DA:44,1
DA:46,1
DA:47,19
DA:48,30
DA:49,1
BRDA:31,124,1,30
BRDA:33,54,0,19
BRDA:38,81,0,18
BRDA:38,81,1,18
BRDA:33,54,1,30
BRDA:31,124,0,1
FN:51,System.Collections.Generic.List`1<System.String> TinyCMS.Data.Builder.NodeTypeFactory::RegisterdTypeNames()
FNDA:0,System.Collections.Generic.List`1<System.String> TinyCMS.Data.Builder.NodeTypeFactory::RegisterdTypeNames()
DA:52,0
DA:53,0
DA:54,0
FN:56,System.Type TinyCMS.Data.Builder.NodeTypeFactory::GetTypeByName(System.String)
FNDA:0,System.Type TinyCMS.Data.Builder.NodeTypeFactory::GetTypeByName(System.String)
DA:57,0
DA:58,0
DA:59,0
DA:60,0
DA:62,0
DA:63,0
BRDA:58,15,0,0
BRDA:58,15,1,0
FN:12,System.Void TinyCMS.Data.Builder.NodeTypeFactory::.ctor()
FNDA:1,System.Void TinyCMS.Data.Builder.NodeTypeFactory::.ctor()
DA:13,1
DA:14,1
DA:15,1
DA:16,1
DA:25,1
LF:39
LH:29
BRF:10
BRH:7
FNF:5
FNH:3
end_of_record
SF:/Users/johannystrom/practice/TinyCMS/src/TinyCMS.Data/Builder/NotUniqueIdException.cs
FN:7,System.Void TinyCMS.Data.Builder.NotUniqueIdException::.ctor()
FNDA:0,System.Void TinyCMS.Data.Builder.NotUniqueIdException::.ctor()
DA:8,0
DA:9,0
DA:10,0
FN:11,System.Void TinyCMS.Data.Builder.NotUniqueIdException::.ctor(System.String)
FNDA:0,System.Void TinyCMS.Data.Builder.NotUniqueIdException::.ctor(System.String)
DA:12,0
DA:13,0
DA:14,0
FN:15,System.Void TinyCMS.Data.Builder.NotUniqueIdException::.ctor(System.String,System.Exception)
FNDA:0,System.Void TinyCMS.Data.Builder.NotUniqueIdException::.ctor(System.String,System.Exception)
DA:16,0
DA:17,0
DA:18,0
LF:9
LH:0
BRF:0
BRH:0
FNF:3
FNH:0
end_of_record
SF:/Users/johannystrom/practice/TinyCMS/src/TinyCMS.Base/Security/BasicAuthenticationData.cs
FN:11,System.String TinyCMS.Security.BasicAuthenticationData::get_Token()
FNDA:0,System.String TinyCMS.Security.BasicAuthenticationData::get_Token()
DA:12,0
FN:35,System.String TinyCMS.Security.BasicAuthenticationData::get_Name()
FNDA:0,System.String TinyCMS.Security.BasicAuthenticationData::get_Name()
DA:36,0
FN:37,System.String TinyCMS.Security.BasicAuthenticationData::get_Email()
FNDA:0,System.String TinyCMS.Security.BasicAuthenticationData::get_Email()
DA:38,0
FN:39,System.Boolean TinyCMS.Security.BasicAuthenticationData::get_Authenticated()
FNDA:0,System.Boolean TinyCMS.Security.BasicAuthenticationData::get_Authenticated()
DA:40,0
FN:41,System.String[] TinyCMS.Security.BasicAuthenticationData::get_Roles()
FNDA:0,System.String[] TinyCMS.Security.BasicAuthenticationData::get_Roles()
DA:42,0
FN:13,System.Void TinyCMS.Security.BasicAuthenticationData::.ctor(Microsoft.IdentityModel.Tokens.SecurityKey,System.String,System.Boolean,System.String[])
FNDA:0,System.Void TinyCMS.Security.BasicAuthenticationData::.ctor(Microsoft.IdentityModel.Tokens.SecurityKey,System.String,System.Boolean,System.String[])
DA:14,0
DA:15,0
DA:16,0
DA:17,0
DA:18,0
DA:21,0
DA:22,0
DA:23,0
DA:24,0
DA:25,0
DA:26,0
DA:27,0
DA:28,0
DA:29,0
DA:30,0
DA:31,0
DA:32,0
DA:33,0
DA:34,0
LF:24
LH:0
BRF:0
BRH:0
FNF:6
FNH:0
end_of_record
SF:/Users/johannystrom/practice/TinyCMS/src/TinyCMS.Base/Security/GoogleTokenValidator.cs
FN:14,System.String TinyCMS.Security.GoogleApiTokenInfo::get_iss()
FNDA:0,System.String TinyCMS.Security.GoogleApiTokenInfo::get_iss()
DA:15,0
FN:21,System.String TinyCMS.Security.GoogleApiTokenInfo::get_at_hash()
FNDA:0,System.String TinyCMS.Security.GoogleApiTokenInfo::get_at_hash()
DA:22,0
FN:26,System.String TinyCMS.Security.GoogleApiTokenInfo::get_aud()
FNDA:0,System.String TinyCMS.Security.GoogleApiTokenInfo::get_aud()
DA:27,0
FN:32,System.String TinyCMS.Security.GoogleApiTokenInfo::get_sub()
FNDA:0,System.String TinyCMS.Security.GoogleApiTokenInfo::get_sub()
DA:33,0
FN:37,System.String TinyCMS.Security.GoogleApiTokenInfo::get_email_verified()
FNDA:0,System.String TinyCMS.Security.GoogleApiTokenInfo::get_email_verified()
DA:38,0
FN:43,System.String TinyCMS.Security.GoogleApiTokenInfo::get_azp()
FNDA:0,System.String TinyCMS.Security.GoogleApiTokenInfo::get_azp()
DA:44,0
FN:48,System.String TinyCMS.Security.GoogleApiTokenInfo::get_email()
FNDA:0,System.String TinyCMS.Security.GoogleApiTokenInfo::get_email()
DA:49,0
FN:53,System.String TinyCMS.Security.GoogleApiTokenInfo::get_iat()
FNDA:0,System.String TinyCMS.Security.GoogleApiTokenInfo::get_iat()
DA:54,0
FN:58,System.String TinyCMS.Security.GoogleApiTokenInfo::get_exp()
FNDA:0,System.String TinyCMS.Security.GoogleApiTokenInfo::get_exp()
DA:59,0
FN:66,System.String TinyCMS.Security.GoogleApiTokenInfo::get_name()
FNDA:0,System.String TinyCMS.Security.GoogleApiTokenInfo::get_name()
DA:67,0
FN:74,System.String TinyCMS.Security.GoogleApiTokenInfo::get_picture()
FNDA:0,System.String TinyCMS.Security.GoogleApiTokenInfo::get_picture()
DA:75,0
FN:76,System.String TinyCMS.Security.GoogleApiTokenInfo::get_given_name()
FNDA:0,System.String TinyCMS.Security.GoogleApiTokenInfo::get_given_name()
DA:77,0
FN:78,System.String TinyCMS.Security.GoogleApiTokenInfo::get_family_name()
FNDA:0,System.String TinyCMS.Security.GoogleApiTokenInfo::get_family_name()
DA:79,0
FN:80,System.String TinyCMS.Security.GoogleApiTokenInfo::get_locale()
FNDA:0,System.String TinyCMS.Security.GoogleApiTokenInfo::get_locale()
DA:81,0
FN:82,System.String TinyCMS.Security.GoogleApiTokenInfo::get_alg()
FNDA:0,System.String TinyCMS.Security.GoogleApiTokenInfo::get_alg()
DA:83,0
FN:84,System.String TinyCMS.Security.GoogleApiTokenInfo::get_kid()
FNDA:0,System.String TinyCMS.Security.GoogleApiTokenInfo::get_kid()
DA:85,0
FN:90,System.Void TinyCMS.Security.GoogleTokenValidator::.ctor(TinyCMS.Security.IJWTSettings)
FNDA:0,System.Void TinyCMS.Security.GoogleTokenValidator::.ctor(TinyCMS.Security.IJWTSettings)
DA:91,0
DA:92,0
DA:93,0
DA:94,0
FN:99,System.Void TinyCMS.Security.GoogleTokenValidator/<ValidateTokenAsync>d__3::MoveNext()
FNDA:0,System.Void TinyCMS.Security.GoogleTokenValidator/<ValidateTokenAsync>d__3::MoveNext()
DA:100,0
DA:101,0
DA:102,0
DA:105,0
DA:106,0
DA:107,0
DA:109,0
DA:111,0
DA:112,0
DA:113,0
DA:116,0
BRDA:102,55,0,0
BRDA:106,92,0,0
BRDA:102,55,1,0
BRDA:106,92,1,0
LF:31
LH:0
BRF:4
BRH:0
FNF:18
FNH:0
end_of_record
SF:/Users/johannystrom/practice/TinyCMS/src/TinyCMS.Base/Security/JWTSettings.cs
FN:12,System.Byte[] TinyCMS.Security.JWTSettings::get_Key()
FNDA:0,System.Byte[] TinyCMS.Security.JWTSettings::get_Key()
DA:13,0
FN:15,Microsoft.IdentityModel.Tokens.SecurityKey TinyCMS.Security.JWTSettings::GetSecurityKey()
FNDA:0,Microsoft.IdentityModel.Tokens.SecurityKey TinyCMS.Security.JWTSettings::GetSecurityKey()
DA:16,0
DA:17,0
DA:18,0
FN:7,System.Void TinyCMS.Security.JWTSettings::.ctor(System.String)
FNDA:0,System.Void TinyCMS.Security.JWTSettings::.ctor(System.String)
DA:8,0
DA:9,0
DA:10,0
DA:11,0
LF:8
LH:0
BRF:0
BRH:0
FNF:3
FNH:0
end_of_record
SF:/Users/johannystrom/practice/TinyCMS/src/TinyCMS.Base/CMSAppSettings.cs
FN:7,System.String TinyCMS.Base.CMSAppSettings::get_Secret()
FNDA:0,System.String TinyCMS.Base.CMSAppSettings::get_Secret()
DA:8,0
LF:1
LH:0
BRF:0
BRH:0
FNF:1
FNH:0
end_of_record
SF:/Users/johannystrom/practice/TinyCMS/src/TinyCMS.Base/ServiceCollectionExtensions.cs
FN:18,Newtonsoft.Json.JsonSerializerSettings TinyCMS.Base.JsonSerializerSettingsExtensions::ConfigureCmsSettings(Newtonsoft.Json.JsonSerializerSettings,TinyCMS.Interfaces.INodeTypeFactory)
FNDA:0,Newtonsoft.Json.JsonSerializerSettings TinyCMS.Base.JsonSerializerSettingsExtensions::ConfigureCmsSettings(Newtonsoft.Json.JsonSerializerSettings,TinyCMS.Interfaces.INodeTypeFactory)
DA:19,0
DA:20,0
DA:21,0
DA:22,0
DA:23,0
DA:24,0
DA:25,0
DA:26,0
FN:31,Microsoft.Extensions.DependencyInjection.IServiceCollection TinyCMS.Base.ServiceCollectionExtensions::AddCMSConfiguration(Microsoft.Extensions.DependencyInjection.IServiceCollection,System.Action`1<TinyCMS.Base.TinyCmsOptions>)
FNDA:0,Microsoft.Extensions.DependencyInjection.IServiceCollection TinyCMS.Base.ServiceCollectionExtensions::AddCMSConfiguration(Microsoft.Extensions.DependencyInjection.IServiceCollection,System.Action`1<TinyCMS.Base.TinyCmsOptions>)
DA:32,0
DA:33,0
DA:34,0
DA:35,0
DA:37,0
FN:39,Microsoft.Extensions.DependencyInjection.IServiceCollection TinyCMS.Base.ServiceCollectionExtensions::AddCMSConfiguration(Microsoft.Extensions.DependencyInjection.IServiceCollection,Microsoft.Extensions.Options.IOptions`1<TinyCMS.Base.TinyCmsOptions>)
FNDA:0,Microsoft.Extensions.DependencyInjection.IServiceCollection TinyCMS.Base.ServiceCollectionExtensions::AddCMSConfiguration(Microsoft.Extensions.DependencyInjection.IServiceCollection,Microsoft.Extensions.Options.IOptions`1<TinyCMS.Base.TinyCmsOptions>)
DA:40,0
DA:41,0
DA:42,0
DA:44,0
FN:46,Microsoft.Extensions.DependencyInjection.IServiceCollection TinyCMS.Base.ServiceCollectionExtensions::AddSingletonMapped(Microsoft.Extensions.DependencyInjection.IServiceCollection,System.Type)
FNDA:0,Microsoft.Extensions.DependencyInjection.IServiceCollection TinyCMS.Base.ServiceCollectionExtensions::AddSingletonMapped(Microsoft.Extensions.DependencyInjection.IServiceCollection,System.Type)
DA:47,0
DA:48,0
DA:49,0
FN:51,Microsoft.Extensions.DependencyInjection.IServiceCollection TinyCMS.Base.ServiceCollectionExtensions::Setup(Microsoft.Extensions.DependencyInjection.IServiceCollection,TinyCMS.Base.TinyCmsOptions)
FNDA:0,Microsoft.Extensions.DependencyInjection.IServiceCollection TinyCMS.Base.ServiceCollectionExtensions::Setup(Microsoft.Extensions.DependencyInjection.IServiceCollection,TinyCMS.Base.TinyCmsOptions)
DA:52,0
DA:53,0
DA:55,0
DA:56,0
DA:57,0
DA:58,0
DA:59,0
DA:60,0
DA:61,0
DA:62,0
DA:63,0
DA:64,0
DA:65,0
DA:66,0
DA:70,0
DA:71,0
DA:72,0
DA:73,0
DA:74,0
DA:75,0
DA:76,0
DA:77,0
DA:78,0
DA:79,0
DA:80,0
DA:81,0
DA:82,0
DA:83,0
DA:84,0
DA:85,0
DA:86,0
DA:87,0
DA:88,0
DA:89,0
DA:90,0
DA:91,0
BRDA:55,164,0,0
BRDA:55,164,1,0
BRDA:70,208,0,0
BRDA:72,218,0,0
BRDA:72,218,1,0
BRDA:70,208,1,0
LF:56
LH:0
BRF:6
BRH:0
FNF:5
FNH:0
end_of_record
SF:/Users/johannystrom/practice/TinyCMS/src/TinyCMS.Base/TinyCmsOptions.cs
FN:14,System.Reflection.Assembly TinyCMS.Base.TinyCmsOptions::GetAssembly(System.Type)
FNDA:0,System.Reflection.Assembly TinyCMS.Base.TinyCmsOptions::GetAssembly(System.Type)
DA:15,0
FN:22,System.Void TinyCMS.Base.TinyCmsOptions::AddAssemblyWithNodes(System.Reflection.Assembly)
FNDA:0,System.Void TinyCMS.Base.TinyCmsOptions::AddAssemblyWithNodes(System.Reflection.Assembly)
DA:23,0
DA:24,0
DA:25,0
FN:27,System.Void TinyCMS.Base.TinyCmsOptions::AddAssemblyWithNodes(System.Type)
FNDA:0,System.Void TinyCMS.Base.TinyCmsOptions::AddAssemblyWithNodes(System.Type)
DA:28,0
DA:29,0
DA:30,0
FN:32,System.Void TinyCMS.Base.TinyCmsOptions::AddAssemblyWithNodes()
FNDA:0,System.Void TinyCMS.Base.TinyCmsOptions::AddAssemblyWithNodes()
DA:33,0
DA:34,0
DA:35,0
FN:37,System.Void TinyCMS.Base.TinyCmsOptions::RegisterAssemblys(TinyCMS.Interfaces.INodeTypeFactory)
FNDA:0,System.Void TinyCMS.Base.TinyCmsOptions::RegisterAssemblys(TinyCMS.Interfaces.INodeTypeFactory)
DA:38,0
DA:39,0
DA:40,0
DA:41,0
DA:42,0
DA:43,0
BRDA:39,41,1,0
BRDA:39,41,0,0
FN:45,System.Type TinyCMS.Base.TinyCmsOptions::get_NodeContainer()
FNDA:0,System.Type TinyCMS.Base.TinyCmsOptions::get_NodeContainer()
DA:46,0
FN:46,System.Type TinyCMS.Base.TinyCmsOptions::get_NodeTypeFactory()
FNDA:0,System.Type TinyCMS.Base.TinyCmsOptions::get_NodeTypeFactory()
DA:47,0
FN:47,System.Type TinyCMS.Base.TinyCmsOptions::get_NodeStorage()
FNDA:0,System.Type TinyCMS.Base.TinyCmsOptions::get_NodeStorage()
DA:48,0
FN:48,System.Type TinyCMS.Base.TinyCmsOptions::get_NodeSerializer()
FNDA:0,System.Type TinyCMS.Base.TinyCmsOptions::get_NodeSerializer()
DA:49,0
FN:49,System.Type TinyCMS.Base.TinyCmsOptions::get_StorageService()
FNDA:0,System.Type TinyCMS.Base.TinyCmsOptions::get_StorageService()
DA:50,0
FN:50,System.Type TinyCMS.Base.TinyCmsOptions::get_TokenValidator()
FNDA:0,System.Type TinyCMS.Base.TinyCmsOptions::get_TokenValidator()
DA:51,0
FN:56,TinyCMS.Interfaces.INodeTypeFactory TinyCMS.Base.TinyCmsOptions::get_NodeFactoryInstance()
FNDA:0,TinyCMS.Interfaces.INodeTypeFactory TinyCMS.Base.TinyCmsOptions::get_NodeFactoryInstance()
DA:57,0
DA:58,0
DA:59,0
DA:60,0
DA:61,0
DA:62,0
DA:63,0
DA:64,0
BRDA:58,12,0,0
BRDA:58,12,1,0
FN:66,TinyCMS.Security.IJWTSettings TinyCMS.Base.TinyCmsOptions::get_JWTSettings()
FNDA:0,TinyCMS.Security.IJWTSettings TinyCMS.Base.TinyCmsOptions::get_JWTSettings()
DA:67,0
FN:67,System.Boolean TinyCMS.Base.TinyCmsOptions::get_UseAuthentication()
FNDA:0,System.Boolean TinyCMS.Base.TinyCmsOptions::get_UseAuthentication()
DA:68,0
FN:16,System.Void TinyCMS.Base.TinyCmsOptions::.ctor()
FNDA:0,System.Void TinyCMS.Base.TinyCmsOptions::.ctor()
DA:17,0
DA:18,0
DA:19,0
DA:20,0
DA:45,0
LF:37
LH:0
BRF:4
BRH:0
FNF:15
FNH:0
end_of_record
SF:/Users/johannystrom/practice/TinyCMS/src/TinyCMS.Base/Security/TokenDecoder.cs
FN:26,System.String[] TinyCMS.Base.Security.TokenDecoder::ValidateAndDecode(System.String)
FNDA:0,System.String[] TinyCMS.Base.Security.TokenDecoder::ValidateAndDecode(System.String)
DA:27,0
DA:28,0
DA:29,0
DA:30,0
DA:33,0
DA:34,0
DA:35,0
DA:37,0
DA:38,0
DA:42,0
DA:43,0
DA:44,0
DA:46,0
DA:47,0
DA:50,0
DA:52,0
BRDA:28,7,0,0
BRDA:28,7,1,0
BRDA:28,25,0,0
BRDA:28,25,1,0
BRDA:38,75,0,0
BRDA:38,75,1,0
FN:13,System.Void TinyCMS.Base.Security.TokenDecoder::.ctor(TinyCMS.Security.IJWTSettings)
FNDA:0,System.Void TinyCMS.Base.Security.TokenDecoder::.ctor(TinyCMS.Security.IJWTSettings)
DA:14,0
DA:15,0
DA:16,0
DA:17,0
DA:18,0
DA:19,0
DA:20,0
DA:21,0
DA:22,0
DA:23,0
DA:24,0
LF:27
LH:0
BRF:6
BRH:0
FNF:2
FNH:0
end_of_record
SF:/Users/johannystrom/practice/TinyCMS/src/TinyCMS.Interfaces/IAuthenticationData.cs
FN:14,System.String TinyCMS.Security.RequireRoleAttribute::get_RequiredRole()
FNDA:0,System.String TinyCMS.Security.RequireRoleAttribute::get_RequiredRole()
DA:15,0
LF:1
LH:0
BRF:0
BRH:0
FNF:1
FNH:0
end_of_record
SF:/Users/johannystrom/practice/TinyCMS/src/TinyCMS.Interfaces/Attributes/EditorTypeAttribute.cs
FN:11,System.String TinyCMS.Data.EditorTypeAttribute::get_Editor()
FNDA:0,System.String TinyCMS.Data.EditorTypeAttribute::get_Editor()
DA:12,0
FN:6,System.Void TinyCMS.Data.EditorTypeAttribute::.ctor(System.String)
FNDA:0,System.Void TinyCMS.Data.EditorTypeAttribute::.ctor(System.String)
DA:7,0
DA:8,0
DA:9,0
DA:10,0
LF:5
LH:0
BRF:0
BRH:0
FNF:2
FNH:0
end_of_record
SF:/Users/johannystrom/practice/TinyCMS/src/TinyCMS.Interfaces/Attributes/SchemaTypeAttribute.cs
FN:13,System.String TinyCMS.Data.SchemaTypeAttribute::get_Schema()
FNDA:0,System.String TinyCMS.Data.SchemaTypeAttribute::get_Schema()
DA:14,0
FN:8,System.Void TinyCMS.Data.SchemaTypeAttribute::.ctor(System.String,System.Boolean)
FNDA:0,System.Void TinyCMS.Data.SchemaTypeAttribute::.ctor(System.String,System.Boolean)
DA:9,0
DA:10,0
DA:11,0
DA:12,0
BRDA:11,10,0,0
BRDA:11,10,1,0
LF:5
LH:0
BRF:2
BRH:0
FNF:2
FNH:0
end_of_record
SF:/Users/johannystrom/practice/TinyCMS/src/TinyCMS.NodeSerializer/JsonNodeStreamWriter.cs
FN:15,TinyCMS.Interfaces.IContainer TinyCMS.Serializer.JsonNodeStreamWriter::get_Container()
FNDA:28,TinyCMS.Interfaces.IContainer TinyCMS.Serializer.JsonNodeStreamWriter::get_Container()
DA:16,28
FN:32,System.Void TinyCMS.Serializer.JsonNodeStreamWriter::WriteNode(TinyCMS.Interfaces.INode,System.Boolean,System.String[])
FNDA:21,System.Void TinyCMS.Serializer.JsonNodeStreamWriter::WriteNode(TinyCMS.Interfaces.INode,System.Boolean,System.String[])
DA:33,21
DA:35,21
DA:36,21
FN:38,System.Void TinyCMS.Serializer.JsonNodeStreamWriter::WriteNode(TinyCMS.Interfaces.INode,System.Int32,System.Boolean,System.String[])
FNDA:41,System.Void TinyCMS.Serializer.JsonNodeStreamWriter::WriteNode(TinyCMS.Interfaces.INode,System.Int32,System.Boolean,System.String[])
DA:39,41
DA:40,41
DA:41,41
DA:42,1
DA:43,1
DA:44,1
DA:47,40
DA:49,40
DA:50,7
DA:51,7
DA:52,7
DA:53,20
DA:54,7
DA:55,40
DA:56,28
DA:57,28
DA:58,28
DA:59,5
DA:60,5
DA:61,5
DA:62,11
DA:63,5
DA:64,28
DA:66,40
DA:67,40
DA:68,40
DA:69,13
DA:70,13
DA:71,13
DA:72,13
DA:74,40
DA:75,41
BRDA:41,44,0,1
BRDA:41,44,1,40
BRDA:49,79,0,7
BRDA:49,79,1,40
BRDA:55,134,0,28
BRDA:58,162,0,5
BRDA:58,162,1,28
BRDA:55,134,1,40
BRDA:68,239,0,13
BRDA:68,239,1,40
FN:77,System.Void TinyCMS.Serializer.JsonNodeStreamWriter::WriteNodeProperties(TinyCMS.Interfaces.INode)
FNDA:40,System.Void TinyCMS.Serializer.JsonNodeStreamWriter::WriteNodeProperties(TinyCMS.Interfaces.INode)
DA:78,40
DA:79,40
DA:80,40
DA:81,40
DA:83,40
DA:84,16
DA:85,16
DA:86,16
DA:87,16
DA:88,40
BRDA:83,72,0,16
BRDA:83,72,1,40
FN:90,System.Void TinyCMS.Serializer.JsonNodeStreamWriter::WriteKeyAndValue(System.String,System.Object)
FNDA:198,System.Void TinyCMS.Serializer.JsonNodeStreamWriter::WriteKeyAndValue(System.String,System.Object)
DA:91,198
DA:92,198
DA:93,198
DA:94,198
FN:96,System.Void TinyCMS.Serializer.JsonNodeStreamWriter::WriteKey(System.String)
FNDA:210,System.Void TinyCMS.Serializer.JsonNodeStreamWriter::WriteKey(System.String)
DA:97,210
DA:98,210
DA:99,210
DA:100,210
FN:107,System.Void TinyCMS.Serializer.JsonNodeStreamWriter::WriteValue(System.Object)
FNDA:201,System.Void TinyCMS.Serializer.JsonNodeStreamWriter::WriteValue(System.Object)
DA:108,201
DA:109,201
DA:112,1
DA:113,1
DA:115,102
DA:116,102
DA:118,13
DA:119,13
DA:121,13
DA:122,13
DA:124,13
DA:125,13
DA:127,15
DA:128,15
DA:130,13
DA:131,13
DA:133,13
DA:134,13
DA:136,1
DA:137,1
DA:139,2
DA:140,2
DA:142,15
DA:143,15
DA:145,201
BRDA:109,8,1,201
BRDA:109,23,1,200
BRDA:109,38,1,98
BRDA:109,54,0,13
BRDA:109,54,1,85
BRDA:109,78,0,13
BRDA:109,78,1,72
BRDA:109,103,1,59
BRDA:109,119,0,15
BRDA:109,119,1,44
BRDA:109,144,0,13
BRDA:109,144,1,31
BRDA:109,169,0,13
BRDA:109,169,1,18
BRDA:109,194,1,17
BRDA:109,23,0,1
BRDA:109,38,0,102
BRDA:109,103,0,13
BRDA:109,194,0,1
BRDA:109,210,0,2
BRDA:109,8,0,15
BRDA:109,210,1,15
FN:147,System.String TinyCMS.Serializer.JsonNodeStreamWriter::EscapeString(System.String)
FNDA:102,System.String TinyCMS.Serializer.JsonNodeStreamWriter::EscapeString(System.String)
DA:148,102
DA:149,102
DA:150,102
DA:151,102
DA:152,102
DA:153,102
DA:154,102
FN:156,System.Void TinyCMS.Serializer.JsonNodeStreamWriter::WriteString(System.String)
FNDA:325,System.Void TinyCMS.Serializer.JsonNodeStreamWriter::WriteString(System.String)
DA:157,325
DA:158,325
DA:159,325
DA:160,325
DA:161,325
FN:162,System.Void TinyCMS.Serializer.JsonNodeStreamWriter::WriteBool(System.Boolean)
FNDA:13,System.Void TinyCMS.Serializer.JsonNodeStreamWriter::WriteBool(System.Boolean)
DA:163,13
BRDA:163,2,0,12
BRDA:163,2,1,1
FN:163,System.Void TinyCMS.Serializer.JsonNodeStreamWriter::WriteDateTime(System.DateTime)
FNDA:13,System.Void TinyCMS.Serializer.JsonNodeStreamWriter::WriteDateTime(System.DateTime)
DA:164,13
FN:164,System.Void TinyCMS.Serializer.JsonNodeStreamWriter::WriteEnum(System.Enum)
FNDA:13,System.Void TinyCMS.Serializer.JsonNodeStreamWriter::WriteEnum(System.Enum)
DA:165,13
FN:165,System.Void TinyCMS.Serializer.JsonNodeStreamWriter::WriteNumber(System.Int32)
FNDA:15,System.Void TinyCMS.Serializer.JsonNodeStreamWriter::WriteNumber(System.Int32)
DA:166,15
FN:166,System.Void TinyCMS.Serializer.JsonNodeStreamWriter::WriteNumber(System.Single)
FNDA:13,System.Void TinyCMS.Serializer.JsonNodeStreamWriter::WriteNumber(System.Single)
DA:167,13
FN:167,System.Void TinyCMS.Serializer.JsonNodeStreamWriter::WriteNumber(System.Double)
FNDA:13,System.Void TinyCMS.Serializer.JsonNodeStreamWriter::WriteNumber(System.Double)
DA:168,13
FN:170,System.Void TinyCMS.Serializer.JsonNodeStreamWriter::WriteArray(System.Collections.Generic.IEnumerable`1<T>,System.Action`1<T>)
FNDA:14,System.Void TinyCMS.Serializer.JsonNodeStreamWriter::WriteArray(System.Collections.Generic.IEnumerable`1<T>,System.Action`1<T>)
DA:171,14
DA:172,14
DA:173,14
DA:174,14
DA:175,14
FN:177,System.Void TinyCMS.Serializer.JsonNodeStreamWriter::WriteCommaSeparated(System.Collections.Generic.IEnumerable`1<T>,System.Action`1<T>)
FNDA:14,System.Void TinyCMS.Serializer.JsonNodeStreamWriter::WriteCommaSeparated(System.Collections.Generic.IEnumerable`1<T>,System.Action`1<T>)
DA:178,14
DA:179,14
DA:180,14
FN:182,System.Void TinyCMS.Serializer.JsonNodeStreamWriter::IterateCommaSeparated(System.Collections.Generic.IEnumerator`1<T>,System.Action`1<T>)
FNDA:43,System.Void TinyCMS.Serializer.JsonNodeStreamWriter::IterateCommaSeparated(System.Collections.Generic.IEnumerator`1<T>,System.Action`1<T>)
DA:183,43
DA:184,43
DA:185,167
DA:186,124
DA:187,124
DA:188,94
DA:189,94
DA:190,94
DA:191,124
DA:192,124
DA:193,124
DA:194,43
BRDA:185,49,1,124
BRDA:187,12,0,94
BRDA:187,12,1,124
BRDA:185,49,0,43
FN:196,System.Void TinyCMS.Serializer.JsonNodeStreamWriter::WriteCommaSeparated(System.Collections.Generic.Dictionary`2<TKey,TValue>,System.Action`2<TKey,TValue>)
FNDA:29,System.Void TinyCMS.Serializer.JsonNodeStreamWriter::WriteCommaSeparated(System.Collections.Generic.Dictionary`2<TKey,TValue>,System.Action`2<TKey,TValue>)
DA:197,29
DA:198,131
DA:199,29
FN:201,System.Void TinyCMS.Serializer.JsonNodeStreamWriter::WriteObject(System.Collections.Generic.Dictionary`2<System.String,System.Object>)
FNDA:16,System.Void TinyCMS.Serializer.JsonNodeStreamWriter::WriteObject(System.Collections.Generic.Dictionary`2<System.String,System.Object>)
DA:202,16
DA:203,16
DA:204,16
DA:205,16
DA:206,16
FN:17,System.Void TinyCMS.Serializer.JsonNodeStreamWriter::.ctor(System.IO.Stream,TinyCMS.Interfaces.IContainer)
FNDA:21,System.Void TinyCMS.Serializer.JsonNodeStreamWriter::.ctor(System.IO.Stream,TinyCMS.Interfaces.IContainer)
DA:18,21
DA:19,21
DA:20,21
DA:21,21
LF:129
LH:129
BRF:40
BRH:40
FNF:21
FNH:21
end_of_record
SF:/Users/johannystrom/practice/TinyCMS/src/TinyCMS.NodeSerializer/NodeSerializer.cs
FN:23,System.ArraySegment`1<System.Byte> TinyCMS.Serializer.NodeSerializer::ToArraySegment(TinyCMS.Interfaces.INode,System.Boolean)
FNDA:21,System.ArraySegment`1<System.Byte> TinyCMS.Serializer.NodeSerializer::ToArraySegment(TinyCMS.Interfaces.INode,System.Boolean)
DA:24,21
DA:26,21
DA:27,21
DA:28,21
DA:29,21
DA:30,21
DA:31,21
FN:17,System.Void TinyCMS.Serializer.NodeSerializer::.ctor(TinyCMS.Interfaces.IContainer)
FNDA:21,System.Void TinyCMS.Serializer.NodeSerializer::.ctor(TinyCMS.Interfaces.IContainer)
DA:18,21
DA:19,21
DA:20,21
DA:21,21
DA:22,21
LF:12
LH:12
BRF:0
BRH:0
FNF:2
FNH:2
end_of_record
SF:/Users/johannystrom/practice/TinyCMS/src/TinyCMS.SocketServer/SocketConnectionHandler.cs
FN:19,System.Boolean SocketConnectionHandler::get_IsOpen()
FNDA:0,System.Boolean SocketConnectionHandler::get_IsOpen()
DA:20,0
FN:33,System.Void SocketConnectionHandler::SendNode(TinyCMS.Interfaces.INode,System.Int32)
FNDA:0,System.Void SocketConnectionHandler::SendNode(TinyCMS.Interfaces.INode,System.Int32)
DA:34,0
DA:35,0
DA:36,0
DA:38,0
DA:39,0
DA:41,0
DA:44,0
DA:45,0
DA:46,0
DA:47,0
DA:50,0
DA:51,0
DA:52,0
DA:53,0
DA:54,0
DA:55,0
DA:56,0
DA:57,0
BRDA:35,9,0,0
BRDA:38,27,0,0
BRDA:38,27,1,0
BRDA:35,9,1,0
FN:59,System.Boolean SocketConnectionHandler::IsValidToken(System.Object,System.String)
FNDA:0,System.Boolean SocketConnectionHandler::IsValidToken(System.Object,System.String)
DA:60,0
DA:61,0
DA:62,0
DA:63,0
DA:65,0
DA:66,0
DA:67,0
DA:68,0
DA:69,0
DA:71,0
DA:73,0
BRDA:62,27,0,0
BRDA:63,40,0,0
BRDA:63,40,1,0
BRDA:62,27,1,0
BRDA:67,78,0,0
BRDA:67,78,1,0
FN:75,System.Void SocketConnectionHandler::SendInitialData()
FNDA:0,System.Void SocketConnectionHandler::SendInitialData()
DA:76,0
DA:77,0
DA:78,0
FN:79,System.String SocketConnectionHandler::get_CurrentToken()
FNDA:0,System.String SocketConnectionHandler::get_CurrentToken()
DA:80,0
FN:118,System.Void SocketConnectionHandler::RemoveChangeAction()
FNDA:0,System.Void SocketConnectionHandler::RemoveChangeAction()
DA:119,0
DA:120,0
DA:121,0
DA:122,0
FN:125,System.Void SocketConnectionHandler::Container_OnChildrenChanged(System.Object,System.Collections.Specialized.NotifyCollectionChangedEventArgs)
FNDA:0,System.Void SocketConnectionHandler::Container_OnChildrenChanged(System.Object,System.Collections.Specialized.NotifyCollectionChangedEventArgs)
DA:126,0
DA:127,0
DA:133,0
DA:134,0
DA:135,0
DA:136,0
DA:137,0
DA:138,0
DA:139,0
BRDA:133,18,0,0
BRDA:136,40,0,0
BRDA:136,40,1,0
BRDA:133,18,1,0
FN:141,System.Void SocketConnectionHandler::ConnectChangeHandlers()
FNDA:0,System.Void SocketConnectionHandler::ConnectChangeHandlers()
DA:142,0
DA:143,0
DA:144,0
DA:145,0
FN:147,System.Void SocketConnectionHandler::Container_OnValueChanged(System.Object,System.ComponentModel.PropertyChangedEventArgs)
FNDA:0,System.Void SocketConnectionHandler::Container_OnValueChanged(System.Object,System.ComponentModel.PropertyChangedEventArgs)
DA:148,0
DA:149,0
DA:150,0
DA:151,0
DA:152,0
DA:153,0
BRDA:149,14,0,0
BRDA:149,14,1,0
FN:21,System.Void SocketConnectionHandler::.ctor(TinyCMS.Interfaces.IContainer,System.Net.WebSockets.WebSocket,TinyCMS.Interfaces.INodeSerializer,TinyCMS.Interfaces.INodeTypeFactory,TinyCMS.Base.Security.ITokenDecoder)
FNDA:0,System.Void SocketConnectionHandler::.ctor(TinyCMS.Interfaces.IContainer,System.Net.WebSockets.WebSocket,TinyCMS.Interfaces.INodeSerializer,TinyCMS.Interfaces.INodeTypeFactory,TinyCMS.Base.Security.ITokenDecoder)
DA:22,0
DA:23,0
DA:24,0
DA:25,0
DA:26,0
DA:27,0
DA:28,0
DA:29,0
DA:30,0
DA:31,0
FN:87,System.Void SocketConnectionHandler/<ListenForCommands>d__15::MoveNext()
FNDA:0,System.Void SocketConnectionHandler/<ListenForCommands>d__15::MoveNext()
DA:88,0
DA:89,0
DA:90,0
DA:92,0
DA:93,0
DA:94,0
DA:96,0
DA:97,0
DA:98,0
DA:99,0
DA:100,0
DA:101,0
DA:102,0
DA:104,0
DA:105,0
DA:107,0
DA:108,0
DA:109,0
DA:111,0
DA:112,0
DA:114,0
DA:115,0
DA:116,0
BRDA:90,101,0,0
BRDA:90,101,1,0
BRDA:92,581,1,0
BRDA:96,236,0,0
BRDA:99,288,0,0
BRDA:99,288,1,0
BRDA:96,236,1,0
BRDA:111,438,0,0
BRDA:111,438,1,0
BRDA:92,581,0,0
BRDA:115,664,0,0
BRDA:115,664,1,0
LF:90
LH:0
BRF:28
BRH:0
FNF:11
FNH:0
end_of_record
SF:/Users/johannystrom/practice/TinyCMS/src/TinyCMS.SocketServer/NodeRequest.cs
FN:9,TinyCMS.RequestTypeEnum TinyCMS.NodeRequest::get_RequestType()
FNDA:8,TinyCMS.RequestTypeEnum TinyCMS.NodeRequest::get_RequestType()
DA:10,8
FN:11,System.String TinyCMS.NodeRequest::get_Data()
FNDA:5,System.String TinyCMS.NodeRequest::get_Data()
DA:12,5
FN:13,Newtonsoft.Json.Linq.JObject TinyCMS.NodeRequest::get_JsonData()
FNDA:1,Newtonsoft.Json.Linq.JObject TinyCMS.NodeRequest::get_JsonData()
DA:14,1
FN:15,System.Collections.Generic.Dictionary`2<System.String,System.String> TinyCMS.NodeRequest::get_QueryString()
FNDA:1,System.Collections.Generic.Dictionary`2<System.String,System.String> TinyCMS.NodeRequest::get_QueryString()
DA:16,1
FN:25,TinyCMS.Interfaces.INodeRequest TinyCMS.NodeRequest::AuthRequestWithToken(System.String)
FNDA:2,TinyCMS.Interfaces.INodeRequest TinyCMS.NodeRequest::AuthRequestWithToken(System.String)
DA:26,2
FN:28,TinyCMS.Interfaces.INodeRequest TinyCMS.NodeRequest::JsonRequest(TinyCMS.RequestTypeEnum,System.String,Newtonsoft.Json.Linq.JObject)
FNDA:10,TinyCMS.Interfaces.INodeRequest TinyCMS.NodeRequest::JsonRequest(TinyCMS.RequestTypeEnum,System.String,Newtonsoft.Json.Linq.JObject)
DA:29,10
FN:31,TinyCMS.Interfaces.INodeRequest TinyCMS.NodeRequest::QueryRequest(TinyCMS.RequestTypeEnum,System.String,System.Collections.Generic.Dictionary`2<System.String,System.String>)
FNDA:1,TinyCMS.Interfaces.INodeRequest TinyCMS.NodeRequest::QueryRequest(TinyCMS.RequestTypeEnum,System.String,System.Collections.Generic.Dictionary`2<System.String,System.String>)
DA:32,1
FN:17,System.Void TinyCMS.NodeRequest::.ctor(TinyCMS.RequestTypeEnum,System.String,Newtonsoft.Json.Linq.JObject,System.Collections.Generic.Dictionary`2<System.String,System.String>)
FNDA:13,System.Void TinyCMS.NodeRequest::.ctor(TinyCMS.RequestTypeEnum,System.String,Newtonsoft.Json.Linq.JObject,System.Collections.Generic.Dictionary`2<System.String,System.String>)
DA:18,13
DA:19,13
DA:20,13
DA:21,13
DA:22,13
DA:23,13
DA:24,13
LF:14
LH:14
BRF:0
BRH:0
FNF:8
FNH:8
end_of_record
SF:/Users/johannystrom/practice/TinyCMS/src/TinyCMS.SocketServer/SerializerSettings.cs
FN:8,System.Void TinyCMS.SerializerSettings::FromRequest(TinyCMS.Interfaces.INodeRequest)
FNDA:0,System.Void TinyCMS.SerializerSettings::FromRequest(TinyCMS.Interfaces.INodeRequest)
DA:9,0
DA:10,0
DA:11,0
FN:13,System.Void TinyCMS.SerializerSettings::FromQueryString(System.Collections.Generic.Dictionary`2<System.String,System.String>)
FNDA:0,System.Void TinyCMS.SerializerSettings::FromQueryString(System.Collections.Generic.Dictionary`2<System.String,System.String>)
DA:14,0
DA:15,0
DA:16,0
DA:17,0
DA:18,0
DA:19,0
DA:20,0
DA:21,0
DA:22,0
DA:23,0
DA:24,0
DA:25,0
DA:26,0
DA:27,0
DA:28,0
DA:29,0
DA:30,0
DA:31,0
DA:32,0
DA:33,0
DA:34,0
DA:35,0
BRDA:15,14,0,0
BRDA:15,14,1,0
BRDA:19,59,0,0
BRDA:22,84,0,0
BRDA:22,84,1,0
BRDA:19,59,1,0
BRDA:27,112,0,0
BRDA:30,140,0,0
BRDA:30,140,1,0
BRDA:27,112,1,0
FN:36,System.Int32 TinyCMS.SerializerSettings::get_Depth()
FNDA:0,System.Int32 TinyCMS.SerializerSettings::get_Depth()
DA:37,0
FN:38,System.Int32 TinyCMS.SerializerSettings::get_Level()
FNDA:0,System.Int32 TinyCMS.SerializerSettings::get_Level()
DA:39,0
FN:40,System.Boolean TinyCMS.SerializerSettings::get_IncludeRelations()
FNDA:0,System.Boolean TinyCMS.SerializerSettings::get_IncludeRelations()
DA:41,0
LF:28
LH:0
BRF:10
BRH:0
FNF:5
FNH:0
end_of_record
SF:/Users/johannystrom/practice/TinyCMS/src/TinyCMS.SocketServer/SocketNodeServer.cs
FN:20,System.Void TinyCMS.SocketNodeServer::.ctor(TinyCMS.Interfaces.IContainer,TinyCMS.Interfaces.INodeTypeFactory,TinyCMS.Interfaces.INodeSerializer,TinyCMS.Base.Security.ITokenDecoder)
FNDA:0,System.Void TinyCMS.SocketNodeServer::.ctor(TinyCMS.Interfaces.IContainer,TinyCMS.Interfaces.INodeTypeFactory,TinyCMS.Interfaces.INodeSerializer,TinyCMS.Base.Security.ITokenDecoder)
DA:21,0
DA:23,0
DA:24,0
DA:25,0
DA:26,0
DA:27,0
DA:28,0
DA:29,0
FN:31,System.Void TinyCMS.SocketNodeServer/<HandleNodeRequest>d__6::MoveNext()
FNDA:0,System.Void TinyCMS.SocketNodeServer/<HandleNodeRequest>d__6::MoveNext()
DA:32,0
DA:33,0
DA:34,0
DA:35,0
DA:36,0
DA:37,0
DA:38,0
DA:39,0
BRDA:36,137,0,0
BRDA:36,137,1,0
LF:16
LH:0
BRF:2
BRH:0
FNF:2
FNH:0
end_of_record
SF:/Users/johannystrom/practice/TinyCMS/src/TinyCMS.SocketServer/SocketRequestParser.cs
FN:18,TinyCMS.Interfaces.INodeRequest TinyCMS.SocketRequestParser::Parse(System.Byte[],System.Int32)
FNDA:1,TinyCMS.Interfaces.INodeRequest TinyCMS.SocketRequestParser::Parse(System.Byte[],System.Int32)
DA:19,1
FN:21,TinyCMS.Interfaces.INodeRequest TinyCMS.SocketRequestParser::Parse(System.String)
FNDA:14,TinyCMS.Interfaces.INodeRequest TinyCMS.SocketRequestParser::Parse(System.String)
DA:22,14
DA:23,14
DA:24,1
DA:26,13
DA:27,13
DA:28,13
DA:29,13
DA:30,13
BRDA:23,15,0,1
BRDA:23,15,1,13
FN:32,TinyCMS.Interfaces.INodeRequest TinyCMS.SocketRequestParser::Parse(TinyCMS.RequestTypeEnum,System.String)
FNDA:13,TinyCMS.Interfaces.INodeRequest TinyCMS.SocketRequestParser::Parse(TinyCMS.RequestTypeEnum,System.String)
DA:33,13
DA:34,13
DA:35,2
DA:37,11
DA:38,1
DA:40,10
DA:41,13
BRDA:34,7,0,2
BRDA:34,7,1,11
BRDA:37,26,0,1
BRDA:37,26,1,10
FN:43,System.String TinyCMS.SocketRequestParser::GetRequestData(System.String)
FNDA:13,System.String TinyCMS.SocketRequestParser::GetRequestData(System.String)
DA:44,13
DA:45,13
DA:46,2
DA:47,2
DA:49,11
DA:50,13
BRDA:45,14,0,2
BRDA:45,14,1,11
FN:52,TinyCMS.Interfaces.INodeRequest TinyCMS.SocketRequestParser::ParseAuthRequest(System.String)
FNDA:2,TinyCMS.Interfaces.INodeRequest TinyCMS.SocketRequestParser::ParseAuthRequest(System.String)
DA:53,2
FN:55,TinyCMS.RequestTypeEnum TinyCMS.SocketRequestParser::GetRequestType(System.String)
FNDA:13,TinyCMS.RequestTypeEnum TinyCMS.SocketRequestParser::GetRequestType(System.String)
DA:56,13
DA:57,13
DA:58,13
BRDA:56,17,0,1
BRDA:56,17,1,12
FN:71,System.Boolean TinyCMS.SocketRequestParser::IsQueryRequest(System.String)
FNDA:11,System.Boolean TinyCMS.SocketRequestParser::IsQueryRequest(System.String)
DA:72,11
DA:73,11
DA:74,11
DA:76,11
DA:77,11
BRDA:76,21,0,1
BRDA:76,21,1,10
FN:79,TinyCMS.Interfaces.INodeRequest TinyCMS.SocketRequestParser::ParseQueryRequest(TinyCMS.RequestTypeEnum,System.String)
FNDA:1,TinyCMS.Interfaces.INodeRequest TinyCMS.SocketRequestParser::ParseQueryRequest(TinyCMS.RequestTypeEnum,System.String)
DA:80,1
DA:81,1
DA:82,1
DA:83,1
DA:85,1
DA:86,9
DA:87,3
DA:88,3
DA:89,3
DA:90,3
DA:91,2
DA:92,2
DA:93,2
DA:95,3
DA:96,3
DA:98,1
DA:99,1
DA:100,1
BRDA:86,118,1,3
BRDA:90,82,0,2
BRDA:90,82,1,3
BRDA:86,118,0,1
FN:102,TinyCMS.Interfaces.INodeRequest TinyCMS.SocketRequestParser::ParseJsonRequest(TinyCMS.RequestTypeEnum,System.String)
FNDA:10,TinyCMS.Interfaces.INodeRequest TinyCMS.SocketRequestParser::ParseJsonRequest(TinyCMS.RequestTypeEnum,System.String)
DA:103,10
DA:104,10
DA:106,10
DA:107,10
DA:108,1
DA:109,27
DA:111,10
DA:112,10
FN:59,System.Void TinyCMS.SocketRequestParser::.cctor()
FNDA:1,System.Void TinyCMS.SocketRequestParser::.cctor()
DA:60,1
DA:61,1
DA:62,1
DA:63,1
DA:64,1
DA:65,1
DA:66,1
DA:67,1
DA:68,1
DA:69,1
LF:67
LH:67
BRF:16
BRH:16
FNF:10
FNH:10
end_of_record
SF:/Users/johannystrom/practice/TinyCMS/src/TinyCMS.SocketServer/Extensions/ApplicationBuilderExtensions.cs
FN:11,System.Void TinyCMS.SocketServer.ApplicationBuilderExtensions::UseSocketServer(Microsoft.AspNetCore.Builder.IApplicationBuilder,System.IServiceProvider)
FNDA:0,System.Void TinyCMS.SocketServer.ApplicationBuilderExtensions::UseSocketServer(Microsoft.AspNetCore.Builder.IApplicationBuilder,System.IServiceProvider)
DA:12,0
DA:13,0
DA:14,0
DA:15,0
DA:16,0
DA:17,0
DA:18,0
DA:20,0
DA:21,0
DA:22,0
DA:23,0
DA:25,0
DA:26,0
DA:27,0
DA:28,0
DA:29,0
DA:30,0
DA:31,0
DA:32,0
DA:33,0
DA:34,0
DA:35,0
DA:36,0
DA:37,0
DA:38,0
DA:39,0
DA:40,0
DA:41,0
DA:42,0
DA:43,0
DA:44,0
DA:45,0
DA:46,0
LF:33
LH:0
BRF:14
BRH:0
FNF:1
FNH:0
end_of_record
SF:/Users/johannystrom/practice/TinyCMS/src/TinyCMS.SocketServer/Extensions/ContainerExtensions.cs
FN:8,TinyCMS.Interfaces.INode TinyCMS.SocketServer.ContainerExtensions::MatchRequest(TinyCMS.Interfaces.IContainer,TinyCMS.Interfaces.INodeRequest,TinyCMS.Interfaces.INodeTypeFactory)
FNDA:0,TinyCMS.Interfaces.INode TinyCMS.SocketServer.ContainerExtensions::MatchRequest(TinyCMS.Interfaces.IContainer,TinyCMS.Interfaces.INodeRequest,TinyCMS.Interfaces.INodeTypeFactory)
DA:9,0
DA:10,0
DA:11,0
DA:14,0
DA:16,0
DA:18,0
DA:20,0
DA:22,0
DA:24,0
DA:25,0
DA:26,0
DA:27,0
DA:28,0
DA:29,0
DA:30,0
DA:32,0
DA:34,0
BRDA:11,13,7,0
BRDA:11,13,1,0
BRDA:11,13,3,0
BRDA:11,13,2,0
BRDA:11,13,4,0
BRDA:11,13,5,0
BRDA:25,118,0,0
BRDA:25,118,1,0
BRDA:25,136,0,0
BRDA:25,136,1,0
BRDA:11,13,0,0
BRDA:11,13,6,0
LF:17
LH:0
BRF:12
BRH:0
FNF:1
FNH:0
end_of_record
SF:/Users/johannystrom/practice/TinyCMS/src/TinyCMS.SocketServer/Extensions/DictionaryExtensions.cs
FN:7,System.String TinyCMS.SocketServer.DictionaryExtensions::GetString(System.Collections.Generic.Dictionary`2<System.String,System.String>,System.String,System.String)
FNDA:0,System.String TinyCMS.SocketServer.DictionaryExtensions::GetString(System.Collections.Generic.Dictionary`2<System.String,System.String>,System.String,System.String)
DA:8,0
DA:9,0
DA:10,0
DA:11,0
DA:12,0
DA:13,0
DA:14,0
DA:15,0
BRDA:9,7,0,0
BRDA:11,19,0,0
BRDA:11,19,1,0
BRDA:9,7,1,0
FN:17,System.String TinyCMS.SocketServer.DictionaryExtensions::GetString(System.Collections.Generic.Dictionary`2<System.String,System.Object>,System.String,System.String)
FNDA:0,System.String TinyCMS.SocketServer.DictionaryExtensions::GetString(System.Collections.Generic.Dictionary`2<System.String,System.Object>,System.String,System.String)
DA:18,0
DA:19,0
DA:20,0
DA:21,0
DA:22,0
DA:23,0
DA:24,0
DA:25,0
BRDA:19,7,0,0
BRDA:21,19,0,0
BRDA:21,19,1,0
BRDA:19,7,1,0
LF:16
LH:0
BRF:8
BRH:0
FNF:2
FNH:0
end_of_record
SF:/Users/johannystrom/practice/TinyCMS/src/TinyCMS.SocketServer/Extensions/NodeRequestExtensions.cs
FN:13,System.ValueTuple`2<TinyCMS.Interfaces.INode,TinyCMS.Interfaces.INode> TinyCMS.SocketServer.NodeRequestExtensions::GetRelation(TinyCMS.Interfaces.INodeRequest,TinyCMS.Interfaces.IContainer)
FNDA:0,System.ValueTuple`2<TinyCMS.Interfaces.INode,TinyCMS.Interfaces.INode> TinyCMS.SocketServer.NodeRequestExtensions::GetRelation(TinyCMS.Interfaces.INodeRequest,TinyCMS.Interfaces.IContainer)
DA:14,0
DA:15,0
DA:16,0
DA:17,0
DA:18,0
DA:19,0
DA:20,0
DA:21,0
DA:23,0
DA:24,0
BRDA:19,62,0,0
BRDA:19,62,1,0
BRDA:19,75,0,0
BRDA:19,75,1,0
FN:26,System.String TinyCMS.SocketServer.NodeRequestExtensions::GetString(Newtonsoft.Json.Linq.JObject,System.String)
FNDA:0,System.String TinyCMS.SocketServer.NodeRequestExtensions::GetString(Newtonsoft.Json.Linq.JObject,System.String)
DA:27,0
DA:28,0
DA:29,0
FN:31,System.String TinyCMS.SocketServer.NodeRequestExtensions::GetId(Newtonsoft.Json.Linq.JObject)
FNDA:0,System.String TinyCMS.SocketServer.NodeRequestExtensions::GetId(Newtonsoft.Json.Linq.JObject)
DA:32,0
DA:33,0
DA:34,0
FN:36,TinyCMS.Interfaces.INode TinyCMS.SocketServer.NodeRequestExtensions::RemoveNode(TinyCMS.Interfaces.INodeRequest,TinyCMS.Interfaces.IContainer)
FNDA:0,TinyCMS.Interfaces.INode TinyCMS.SocketServer.NodeRequestExtensions::RemoveNode(TinyCMS.Interfaces.INodeRequest,TinyCMS.Interfaces.IContainer)
DA:37,0
DA:38,0
DA:39,0
DA:40,0
DA:41,0
DA:42,0
DA:43,0
DA:44,0
DA:46,0
DA:47,0
BRDA:39,24,0,0
BRDA:39,24,1,0
FN:49,TinyCMS.Interfaces.INode TinyCMS.SocketServer.NodeRequestExtensions::GetUpdatedNode(TinyCMS.Interfaces.INodeRequest,TinyCMS.Interfaces.IContainer)
FNDA:0,TinyCMS.Interfaces.INode TinyCMS.SocketServer.NodeRequestExtensions::GetUpdatedNode(TinyCMS.Interfaces.INodeRequest,TinyCMS.Interfaces.IContainer)
DA:50,0
DA:51,0
DA:52,0
DA:53,0
DA:54,0
DA:56,0
DA:57,0
BRDA:52,24,0,0
BRDA:52,24,1,0
FN:59,TinyCMS.Interfaces.INode TinyCMS.SocketServer.NodeRequestExtensions::GetParent(TinyCMS.Interfaces.INodeRequest,TinyCMS.Interfaces.IContainer)
FNDA:0,TinyCMS.Interfaces.INode TinyCMS.SocketServer.NodeRequestExtensions::GetParent(TinyCMS.Interfaces.INodeRequest,TinyCMS.Interfaces.IContainer)
DA:60,0
DA:61,0
DA:62,0
DA:63,0
BRDA:62,42,0,0
BRDA:62,42,1,0
FN:65,TinyCMS.Interfaces.INode TinyCMS.SocketServer.NodeRequestExtensions::Move(TinyCMS.Interfaces.INodeRequest,TinyCMS.Interfaces.IContainer)
FNDA:0,TinyCMS.Interfaces.INode TinyCMS.SocketServer.NodeRequestExtensions::Move(TinyCMS.Interfaces.INodeRequest,TinyCMS.Interfaces.IContainer)
DA:66,0
DA:67,0
DA:68,0
DA:69,0
DA:70,0
DA:71,0
DA:72,0
DA:73,0
DA:76,0
DA:77,0
DA:80,0
DA:81,0
BRDA:69,41,0,0
BRDA:69,41,1,0
BRDA:69,62,0,0
BRDA:71,84,0,0
BRDA:71,84,1,0
BRDA:69,62,1,0
FN:83,TinyCMS.Interfaces.INode TinyCMS.SocketServer.NodeRequestExtensions::GetNewNode(TinyCMS.Interfaces.INodeRequest,TinyCMS.Interfaces.IContainer,TinyCMS.Interfaces.INodeTypeFactory)
FNDA:0,TinyCMS.Interfaces.INode TinyCMS.SocketServer.NodeRequestExtensions::GetNewNode(TinyCMS.Interfaces.INodeRequest,TinyCMS.Interfaces.IContainer,TinyCMS.Interfaces.INodeTypeFactory)
DA:84,0
DA:85,0
DA:86,0
DA:87,0
DA:88,0
DA:89,0
DA:90,0
DA:91,0
DA:92,0
DA:93,0
DA:94,0
DA:95,0
DA:96,0
BRDA:85,7,0,0
BRDA:85,7,1,0
BRDA:90,87,0,0
BRDA:90,87,1,0
LF:62
LH:0
BRF:20
BRH:0
FNF:8
FNH:0
end_of_record
SF:/Users/johannystrom/practice/TinyCMS/src/TinyCMS.SocketServer/MoveData.cs
FN:7,System.String TinyCMS.SocketServer.MoveData::get_ParentId()
FNDA:0,System.String TinyCMS.SocketServer.MoveData::get_ParentId()
DA:8,0
FN:8,System.String TinyCMS.SocketServer.MoveData::get_OldParentId()
FNDA:0,System.String TinyCMS.SocketServer.MoveData::get_OldParentId()
DA:9,0
FN:9,System.String TinyCMS.SocketServer.MoveData::get_Id()
FNDA:0,System.String TinyCMS.SocketServer.MoveData::get_Id()
DA:10,0
FN:10,System.Int32 TinyCMS.SocketServer.MoveData::get_NewIndex()
FNDA:0,System.Int32 TinyCMS.SocketServer.MoveData::get_NewIndex()
DA:11,0
LF:4
LH:0
BRF:0
BRH:0
FNF:4
FNH:0
end_of_record
SF:/Users/johannystrom/practice/TinyCMS/src/TinyCMS.FileStorage/BinaryStorageService.cs
FN:19,T TinyCMS.FileStorage.BinaryStorageService::LoadContainer(System.String)
FNDA:0,T TinyCMS.FileStorage.BinaryStorageService::LoadContainer(System.String)
DA:20,0
DA:21,0
DA:22,0
DA:23,0
DA:24,0
DA:25,0
DA:26,0
DA:29,0
DA:30,0
BRDA:22,27,0,0
BRDA:22,27,1,0
FN:32,System.Void TinyCMS.FileStorage.BinaryStorageService::SaveContainer(TinyCMS.Interfaces.IContainer,System.String)
FNDA:0,System.Void TinyCMS.FileStorage.BinaryStorageService::SaveContainer(TinyCMS.Interfaces.IContainer,System.String)
DA:33,0
DA:34,0
DA:35,0
DA:36,0
DA:37,0
DA:38,0
DA:39,0
DA:40,0
FN:12,System.Void TinyCMS.FileStorage.BinaryStorageService::.ctor(TinyCMS.Storage.IFileStorageService)
FNDA:0,System.Void TinyCMS.FileStorage.BinaryStorageService::.ctor(TinyCMS.Storage.IFileStorageService)
DA:13,0
DA:14,0
DA:15,0
DA:16,0
DA:17,0
LF:22
LH:0
BRF:2
BRH:0
FNF:3
FNH:0
end_of_record
SF:/Users/johannystrom/practice/TinyCMS/src/TinyCMS.FileStorage/JsonStorageService.cs
FN:23,T TinyCMS.FileStorage.JsonStorageService::LoadContainer(System.String)
FNDA:0,T TinyCMS.FileStorage.JsonStorageService::LoadContainer(System.String)
DA:24,0
DA:25,0
DA:26,0
DA:27,0
DA:28,0
DA:29,0
DA:30,0
DA:31,0
DA:32,0
DA:33,0
DA:34,0
DA:39,0
DA:41,0
BRDA:26,27,0,0
BRDA:26,27,1,0
FN:43,System.Void TinyCMS.FileStorage.JsonStorageService::SaveContainer(TinyCMS.Interfaces.IContainer,System.String)
FNDA:0,System.Void TinyCMS.FileStorage.JsonStorageService::SaveContainer(TinyCMS.Interfaces.IContainer,System.String)
DA:44,0
DA:45,0
DA:46,0
DA:47,0
DA:48,0
DA:49,0
DA:50,0
DA:51,0
DA:52,0
DA:53,0
DA:54,0
DA:55,0
DA:57,0
DA:58,0
DA:59,0
DA:60,0
DA:61,0
DA:62,0
DA:63,0
DA:64,0
DA:65,0
DA:66,0
DA:67,0
BRDA:46,27,0,0
BRDA:46,27,1,0
FN:15,System.Void TinyCMS.FileStorage.JsonStorageService::.ctor(TinyCMS.Storage.IFileStorageService)
FNDA:0,System.Void TinyCMS.FileStorage.JsonStorageService::.ctor(TinyCMS.Storage.IFileStorageService)
DA:16,0
DA:17,0
DA:18,0
DA:19,0
DA:21,0
LF:41
LH:0
BRF:4
BRH:0
FNF:3
FNH:0
end_of_record
SF:/Users/johannystrom/practice/TinyCMS/src/TinyCMS.FileStorage/NodeFileStorage.cs
FN:28,TinyCMS.Interfaces.IContainer TinyCMS.FileStorage.NodeFileStorage`1::Load()
FNDA:0,TinyCMS.Interfaces.IContainer TinyCMS.FileStorage.NodeFileStorage`1::Load()
DA:29,0
DA:30,0
DA:32,0
DA:33,0
DA:34,0
DA:35,0
DA:36,0
DA:37,0
DA:38,0
DA:39,0
DA:40,0
DA:41,0
DA:42,0
DA:43,0
DA:44,0
DA:45,0
BRDA:39,53,0,0
BRDA:39,53,1,0
FN:47,T TinyCMS.FileStorage.NodeFileStorage`1::GenerateNewContainerData()
FNDA:0,T TinyCMS.FileStorage.NodeFileStorage`1::GenerateNewContainerData()
DA:48,0
DA:49,0
DA:50,0
DA:51,0
DA:52,0
DA:53,0
DA:54,0
DA:55,0
DA:56,0
DA:57,0
FN:59,System.Void TinyCMS.FileStorage.NodeFileStorage`1::StartSaveThread()
FNDA:0,System.Void TinyCMS.FileStorage.NodeFileStorage`1::StartSaveThread()
DA:60,0
DA:61,0
DA:62,0
DA:63,0
DA:64,0
DA:65,0
DA:66,0
DA:67,0
DA:68,0
DA:69,0
BRDA:62,26,0,0
BRDA:62,26,1,0
FN:71,System.Void TinyCMS.FileStorage.NodeFileStorage`1::Store(TinyCMS.Interfaces.IContainer)
FNDA:0,System.Void TinyCMS.FileStorage.NodeFileStorage`1::Store(TinyCMS.Interfaces.IContainer)
DA:72,0
DA:74,0
DA:75,0
DA:76,0
DA:77,0
DA:78,0
DA:79,0
DA:80,0
DA:83,0
FN:22,System.Void TinyCMS.FileStorage.NodeFileStorage`1::.ctor(TinyCMS.FileStorage.IStorageService)
FNDA:0,System.Void TinyCMS.FileStorage.NodeFileStorage`1::.ctor(TinyCMS.FileStorage.IStorageService)
DA:23,0
DA:24,0
DA:25,0
DA:26,0
LF:49
LH:0
BRF:4
BRH:0
FNF:5
FNH:0
end_of_record
SF:/Users/johannystrom/practice/TinyCMS/src/TinyCMS.FileStorage/Storage/Directory.cs
FN:10,System.String TinyCMS.FileStorage.Storage.Directory::get_Name()
FNDA:0,System.String TinyCMS.FileStorage.Storage.Directory::get_Name()
DA:11,0
FN:12,TinyCMS.Storage.IDirectory TinyCMS.FileStorage.Storage.Directory::get_Parent()
FNDA:0,TinyCMS.Storage.IDirectory TinyCMS.FileStorage.Storage.Directory::get_Parent()
DA:13,0
FN:25,System.IO.DirectoryInfo TinyCMS.FileStorage.Storage.Directory::get_directoryInfo()
FNDA:0,System.IO.DirectoryInfo TinyCMS.FileStorage.Storage.Directory::get_directoryInfo()
DA:26,0
DA:27,0
DA:28,0
FN:31,System.Collections.Generic.IEnumerable`1<TinyCMS.Storage.IFile> TinyCMS.FileStorage.Storage.Directory::GetFiles()
FNDA:0,System.Collections.Generic.IEnumerable`1<TinyCMS.Storage.IFile> TinyCMS.FileStorage.Storage.Directory::GetFiles()
DA:32,0
DA:33,0
DA:34,0
FN:36,System.Collections.Generic.IEnumerable`1<TinyCMS.Storage.IDirectory> TinyCMS.FileStorage.Storage.Directory::GetDirectories()
FNDA:0,System.Collections.Generic.IEnumerable`1<TinyCMS.Storage.IDirectory> TinyCMS.FileStorage.Storage.Directory::GetDirectories()
DA:37,0
DA:38,0
DA:39,0
FN:41,System.Void TinyCMS.FileStorage.Storage.Directory::UploadFile(TinyCMS.Storage.IFile)
FNDA:0,System.Void TinyCMS.FileStorage.Storage.Directory::UploadFile(TinyCMS.Storage.IFile)
DA:42,0
DA:44,0
FN:46,TinyCMS.Storage.IFile TinyCMS.FileStorage.Storage.Directory::GetFile(System.String)
FNDA:0,TinyCMS.Storage.IFile TinyCMS.FileStorage.Storage.Directory::GetFile(System.String)
DA:47,0
DA:48,0
DA:49,0
FN:16,System.Void TinyCMS.FileStorage.Storage.Directory::.ctor(TinyCMS.Storage.IDirectory,System.IO.DirectoryInfo)
FNDA:0,System.Void TinyCMS.FileStorage.Storage.Directory::.ctor(TinyCMS.Storage.IDirectory,System.IO.DirectoryInfo)
DA:17,0
DA:18,0
DA:19,0
DA:20,0
DA:21,0
LF:21
LH:0
BRF:0
BRH:0
FNF:8
FNH:0
end_of_record
SF:/Users/johannystrom/practice/TinyCMS/src/TinyCMS.FileStorage/Storage/File.cs
FN:22,System.String TinyCMS.FileStorage.Storage.File::get_Name()
FNDA:0,System.String TinyCMS.FileStorage.Storage.File::get_Name()
DA:23,0
FN:24,TinyCMS.Storage.IDirectory TinyCMS.FileStorage.Storage.File::get_Directory()
FNDA:0,TinyCMS.Storage.IDirectory TinyCMS.FileStorage.Storage.File::get_Directory()
DA:25,0
FN:30,System.IO.FileInfo TinyCMS.FileStorage.Storage.File::get_fileInfo()
FNDA:0,System.IO.FileInfo TinyCMS.FileStorage.Storage.File::get_fileInfo()
DA:31,0
DA:32,0
DA:33,0
FN:36,System.Void TinyCMS.FileStorage.Storage.File::Delete()
FNDA:0,System.Void TinyCMS.FileStorage.Storage.File::Delete()
DA:37,0
DA:38,0
DA:39,0
FN:41,System.Void TinyCMS.FileStorage.Storage.File::Move(System.String)
FNDA:0,System.Void TinyCMS.FileStorage.Storage.File::Move(System.String)
DA:42,0
DA:43,0
DA:44,0
FN:46,System.IO.Stream TinyCMS.FileStorage.Storage.File::OpenRead()
FNDA:0,System.IO.Stream TinyCMS.FileStorage.Storage.File::OpenRead()
DA:47,0
DA:48,0
DA:49,0
FN:51,System.IO.Stream TinyCMS.FileStorage.Storage.File::OpenWrite()
FNDA:0,System.IO.Stream TinyCMS.FileStorage.Storage.File::OpenWrite()
DA:52,0
DA:53,0
DA:54,0
FN:56,System.Boolean TinyCMS.FileStorage.Storage.File::Exists()
FNDA:0,System.Boolean TinyCMS.FileStorage.Storage.File::Exists()
DA:57,0
DA:58,0
DA:59,0
FN:9,System.Void TinyCMS.FileStorage.Storage.File::.ctor(TinyCMS.Storage.IDirectory,System.String)
FNDA:0,System.Void TinyCMS.FileStorage.Storage.File::.ctor(TinyCMS.Storage.IDirectory,System.String)
DA:10,0
DA:11,0
DA:12,0
DA:13,0
DA:14,0
FN:15,System.Void TinyCMS.FileStorage.Storage.File::.ctor(System.IO.FileInfo,TinyCMS.Storage.IDirectory)
FNDA:0,System.Void TinyCMS.FileStorage.Storage.File::.ctor(System.IO.FileInfo,TinyCMS.Storage.IDirectory)
DA:16,0
DA:17,0
DA:18,0
DA:19,0
DA:20,0
DA:21,0
LF:31
LH:0
BRF:0
BRH:0
FNF:10
FNH:0
end_of_record
SF:/Users/johannystrom/practice/TinyCMS/src/TinyCMS.FileStorage/Storage/FileStorageService.cs
FN:19,TinyCMS.Storage.IDirectory TinyCMS.FileStorage.Storage.FileStorageService::get_RootDirectory()
FNDA:0,TinyCMS.Storage.IDirectory TinyCMS.FileStorage.Storage.FileStorageService::get_RootDirectory()
DA:20,0
FN:9,System.Void TinyCMS.FileStorage.Storage.FileStorageService::.ctor(Microsoft.AspNetCore.Hosting.IHostingEnvironment)
FNDA:0,System.Void TinyCMS.FileStorage.Storage.FileStorageService::.ctor(Microsoft.AspNetCore.Hosting.IHostingEnvironment)
DA:10,0
DA:11,0
DA:12,0
DA:13,0
FN:14,System.Void TinyCMS.FileStorage.Storage.FileStorageService::.ctor(System.String)
FNDA:0,System.Void TinyCMS.FileStorage.Storage.FileStorageService::.ctor(System.String)
DA:15,0
DA:16,0
DA:17,0
DA:18,0
LF:9
LH:0
BRF:0
BRH:0
FNF:3
FNH:0
end_of_record
SF:/Users/johannystrom/practice/TinyCMS/src/TinyCMS.FileStorage/Storage/ServiceCollectionExtensions.cs
FN:9,Microsoft.Extensions.DependencyInjection.IServiceCollection TinyCMS.FileStorage.Storage.ServiceCollectionExtensions::AddFileStorage(Microsoft.Extensions.DependencyInjection.IServiceCollection)
FNDA:0,Microsoft.Extensions.DependencyInjection.IServiceCollection TinyCMS.FileStorage.Storage.ServiceCollectionExtensions::AddFileStorage(Microsoft.Extensions.DependencyInjection.IServiceCollection)
DA:10,0
DA:11,0
DA:12,0
DA:13,0
DA:14,0
DA:15,0
LF:6
LH:0
BRF:0
BRH:0
FNF:1
FNH:0
end_of_record