SF:/Users/johannystrom/practice/TinyCMS/src/TinyCMS/Program.cs
FN:8,System.Void TinyCMS.Program::Main(System.String[])
FNDA:0,System.Void TinyCMS.Program::Main(System.String[])
DA:9,0
FN:11,Microsoft.AspNetCore.Hosting.IWebHostBuilder TinyCMS.Program::CreateWebHostBuilder(System.String[])
FNDA:1,Microsoft.AspNetCore.Hosting.IWebHostBuilder TinyCMS.Program::CreateWebHostBuilder(System.String[])
DA:12,1
DA:13,1
LF:3
LH:2
BRF:0
BRH:0
FNF:2
FNH:1
end_of_record
SF:/Users/johannystrom/practice/TinyCMS/src/TinyCMS/Startup.cs
FN:40,Microsoft.Extensions.Configuration.IConfiguration TinyCMS.Startup::get_Configuration()
FNDA:1,Microsoft.Extensions.Configuration.IConfiguration TinyCMS.Startup::get_Configuration()
DA:41,1
FN:44,System.Void TinyCMS.Startup::ConfigureServices(Microsoft.Extensions.DependencyInjection.IServiceCollection)
FNDA:1,System.Void TinyCMS.Startup::ConfigureServices(Microsoft.Extensions.DependencyInjection.IServiceCollection)
DA:45,1
DA:47,1
DA:49,1
DA:50,2
DA:51,2
DA:52,2
DA:53,2
DA:54,1
DA:55,9
DA:56,2
DA:57,1
DA:58,1
DA:59,1
DA:61,1
DA:62,4
DA:63,4
DA:65,1
DA:66,1
DA:67,2
DA:68,2
DA:69,2
DA:70,2
DA:71,2
DA:72,2
DA:73,2
DA:74,2
DA:75,2
DA:76,1
BRDA:49,25,0,1
BRDA:49,25,1,1
BRDA:61,84,0,1
BRDA:61,84,1,1
BRDA:61,120,0,1
BRDA:61,120,1,1
BRDA:65,163,0,1
BRDA:65,163,1,1
FN:78,Newtonsoft.Json.JsonSerializerSettings TinyCMS.Startup::ConfigureCmsSettings(TinyCMS.Interfaces.INodeTypeFactory)
FNDA:7,Newtonsoft.Json.JsonSerializerSettings TinyCMS.Startup::ConfigureCmsSettings(TinyCMS.Interfaces.INodeTypeFactory)
DA:79,7
DA:80,7
DA:81,7
DA:82,7
DA:83,7
DA:84,7
DA:85,7
DA:86,7
DA:87,7
FN:90,System.Void TinyCMS.Startup::Configure(Microsoft.AspNetCore.Builder.IApplicationBuilder,Microsoft.AspNetCore.Hosting.IHostingEnvironment,System.IServiceProvider)
FNDA:1,System.Void TinyCMS.Startup::Configure(Microsoft.AspNetCore.Builder.IApplicationBuilder,Microsoft.AspNetCore.Hosting.IHostingEnvironment,System.IServiceProvider)
DA:91,1
DA:93,1
DA:94,1
DA:95,1
DA:96,1
DA:98,0
DA:99,0
DA:100,0
DA:101,0
DA:102,0
DA:104,1
DA:105,4
DA:106,1
DA:107,1
DA:109,1
DA:111,1
DA:113,1
DA:114,1
DA:115,1
DA:116,2
DA:117,2
DA:118,1
DA:119,2
DA:120,2
DA:121,2
DA:122,2
DA:123,2
DA:124,1
BRDA:93,27,0,1
BRDA:93,27,1,0
BRDA:105,83,0,1
BRDA:105,83,1,1
FN:35,System.Void TinyCMS.Startup::.ctor(Microsoft.Extensions.Configuration.IConfiguration)
FNDA:1,System.Void TinyCMS.Startup::.ctor(Microsoft.Extensions.Configuration.IConfiguration)
DA:36,1
DA:37,1
DA:38,1
DA:39,1
LF:70
LH:65
BRF:14
BRH:13
FNF:5
FNH:5
end_of_record
SF:/Users/johannystrom/practice/TinyCMS/src/TinyCMS/Nodes/ThreeRenderer.cs
FN:7,System.String TinyCMS.Nodes.ThreeRenderer::get_Type()
FNDA:1,System.String TinyCMS.Nodes.ThreeRenderer::get_Type()
DA:8,1
FN:8,System.Int32 TinyCMS.Nodes.ThreeRenderer::get_Width()
FNDA:3,System.Int32 TinyCMS.Nodes.ThreeRenderer::get_Width()
DA:9,3
FN:9,System.Int32 TinyCMS.Nodes.ThreeRenderer::get_Height()
FNDA:2,System.Int32 TinyCMS.Nodes.ThreeRenderer::get_Height()
DA:10,2
FN:14,System.String TinyCMS.Nodes.Entity::get_Type()
FNDA:1,System.String TinyCMS.Nodes.Entity::get_Type()
DA:15,1
FN:15,System.String TinyCMS.Nodes.Entity::get_Primitive()
FNDA:8,System.String TinyCMS.Nodes.Entity::get_Primitive()
DA:16,8
FN:16,System.String TinyCMS.Nodes.Entity::get_Depth()
FNDA:0,System.String TinyCMS.Nodes.Entity::get_Depth()
DA:17,0
FN:17,System.String TinyCMS.Nodes.Entity::get_Position()
FNDA:4,System.String TinyCMS.Nodes.Entity::get_Position()
DA:18,4
FN:18,System.String TinyCMS.Nodes.Entity::get_Rotation()
FNDA:3,System.String TinyCMS.Nodes.Entity::get_Rotation()
DA:19,3
FN:19,System.String TinyCMS.Nodes.Entity::get_Radius()
FNDA:3,System.String TinyCMS.Nodes.Entity::get_Radius()
DA:20,3
FN:20,System.String TinyCMS.Nodes.Entity::get_Text()
FNDA:0,System.String TinyCMS.Nodes.Entity::get_Text()
DA:21,0
FN:21,System.String TinyCMS.Nodes.Entity::get_Width()
FNDA:3,System.String TinyCMS.Nodes.Entity::get_Width()
DA:22,3
FN:22,System.String TinyCMS.Nodes.Entity::get_Height()
FNDA:3,System.String TinyCMS.Nodes.Entity::get_Height()
DA:23,3
FN:23,System.String TinyCMS.Nodes.Entity::get_Color()
FNDA:3,System.String TinyCMS.Nodes.Entity::get_Color()
DA:24,3
LF:13
LH:11
BRF:22
BRH:10
FNF:13
FNH:11
end_of_record
SF:/Users/johannystrom/practice/TinyCMS/src/TinyCMS/Data/Question.cs
FN:10,System.String TinyCMS.QuestionNodes.QuestionAnswer::get_Val()
FNDA:307,System.String TinyCMS.QuestionNodes.QuestionAnswer::get_Val()
DA:11,307
FN:11,System.Int32 TinyCMS.QuestionNodes.QuestionAnswer::get_Points()
FNDA:147,System.Int32 TinyCMS.QuestionNodes.QuestionAnswer::get_Points()
DA:12,147
FN:21,System.String TinyCMS.QuestionNodes.QuestionCategory::get_Type()
FNDA:1,System.String TinyCMS.QuestionNodes.QuestionCategory::get_Type()
DA:22,1
FN:23,System.String TinyCMS.QuestionNodes.QuestionCategory::get_Title()
FNDA:7,System.String TinyCMS.QuestionNodes.QuestionCategory::get_Title()
DA:24,7
FN:29,System.String TinyCMS.QuestionNodes.Question::get_Type()
FNDA:1,System.String TinyCMS.QuestionNodes.Question::get_Type()
DA:30,1
FN:31,System.String TinyCMS.QuestionNodes.Question::get_Title()
FNDA:54,System.String TinyCMS.QuestionNodes.Question::get_Title()
DA:32,54
FN:33,System.Collections.Generic.List`1<TinyCMS.QuestionNodes.QuestionAnswer> TinyCMS.QuestionNodes.Question::get_Answers()
FNDA:109,System.Collections.Generic.List`1<TinyCMS.QuestionNodes.QuestionAnswer> TinyCMS.QuestionNodes.Question::get_Answers()
DA:34,109
FN:39,System.String TinyCMS.QuestionNodes.QuestionMultiple::get_Type()
FNDA:1,System.String TinyCMS.QuestionNodes.QuestionMultiple::get_Type()
DA:40,1
FN:41,System.String TinyCMS.QuestionNodes.QuestionMultiple::get_Title()
FNDA:4,System.String TinyCMS.QuestionNodes.QuestionMultiple::get_Title()
DA:42,4
FN:42,System.Collections.Generic.List`1<TinyCMS.QuestionNodes.QuestionAnswer> TinyCMS.QuestionNodes.QuestionMultiple::get_Answers()
FNDA:9,System.Collections.Generic.List`1<TinyCMS.QuestionNodes.QuestionAnswer> TinyCMS.QuestionNodes.QuestionMultiple::get_Answers()
DA:43,9
LF:10
LH:10
BRF:14
BRH:8
FNF:10
FNH:10
end_of_record
SF:/Users/johannystrom/practice/TinyCMS/src/TinyCMS/Controllers/SchemaController.cs
FN:18,System.Void TinyCMS.Controllers.SchemaController::SendOkJson()
FNDA:1,System.Void TinyCMS.Controllers.SchemaController::SendOkJson()
DA:19,1
DA:20,1
DA:21,1
DA:22,1
FN:30,System.String TinyCMS.Controllers.SchemaController::GetToken()
FNDA:0,System.String TinyCMS.Controllers.SchemaController::GetToken()
DA:31,0
DA:32,0
DA:33,0
DA:34,0
DA:36,0
DA:37,0
BRDA:32,26,0,0
BRDA:32,26,1,0
FN:40,System.Void TinyCMS.Controllers.SchemaController::GetSchema(System.String)
FNDA:0,System.Void TinyCMS.Controllers.SchemaController::GetSchema(System.String)
DA:41,0
DA:42,0
DA:43,0
DA:44,0
FN:47,System.Void TinyCMS.Controllers.SchemaController::GetAll()
FNDA:1,System.Void TinyCMS.Controllers.SchemaController::GetAll()
DA:48,1
DA:49,1
DA:50,1
DA:51,1
FN:23,System.Void TinyCMS.Controllers.SchemaController::.ctor(TinyCMS.Interfaces.INodeTypeFactory,TinyCMS.Serializer.SchemaSerializer)
FNDA:1,System.Void TinyCMS.Controllers.SchemaController::.ctor(TinyCMS.Interfaces.INodeTypeFactory,TinyCMS.Serializer.SchemaSerializer)
DA:24,1
DA:25,1
DA:26,1
DA:27,1
DA:28,1
LF:23
LH:13
BRF:2
BRH:0
FNF:5
FNH:3
end_of_record
SF:/Users/johannystrom/practice/TinyCMS/src/TinyCMS/Controllers/ShopCartController.cs
FN:28,Microsoft.AspNetCore.Mvc.JsonResult TinyCMS.Controllers.ShopController::Get()
FNDA:1,Microsoft.AspNetCore.Mvc.JsonResult TinyCMS.Controllers.ShopController::Get()
DA:29,1
DA:30,1
DA:31,1
FN:34,Microsoft.AspNetCore.Mvc.JsonResult TinyCMS.Controllers.ShopController::Get(System.String)
FNDA:0,Microsoft.AspNetCore.Mvc.JsonResult TinyCMS.Controllers.ShopController::Get(System.String)
DA:35,0
DA:36,0
DA:37,0
FN:40,Microsoft.AspNetCore.Mvc.JsonResult TinyCMS.Controllers.ShopController::Put(System.String,System.Collections.Generic.Dictionary`2<System.String,System.Object>)
FNDA:0,Microsoft.AspNetCore.Mvc.JsonResult TinyCMS.Controllers.ShopController::Put(System.String,System.Collections.Generic.Dictionary`2<System.String,System.Object>)
DA:41,0
DA:42,0
DA:43,0
DA:44,0
DA:45,0
DA:46,0
DA:47,0
DA:48,0
DA:49,0
DA:50,0
DA:51,0
DA:52,0
BRDA:45,55,0,0
BRDA:45,55,1,0
FN:55,System.Void TinyCMS.Controllers.ShopController::Delete(System.Int32)
FNDA:0,System.Void TinyCMS.Controllers.ShopController::Delete(System.Int32)
DA:56,0
FN:20,System.Void TinyCMS.Controllers.ShopController::.ctor(TinyCMS.Commerce.IShopFactory)
FNDA:1,System.Void TinyCMS.Controllers.ShopController::.ctor(TinyCMS.Commerce.IShopFactory)
DA:21,1
DA:22,1
DA:23,1
DA:24,1
DA:25,1
LF:24
LH:8
BRF:2
BRH:0
FNF:5
FNH:2
end_of_record
SF:/Users/johannystrom/practice/TinyCMS/src/TinyCMS/Controllers/SigninController.cs
FN:18,System.Void TinyCMS.Controllers.SigninController::.ctor(TinyCMS.Security.ITokenValidator)
FNDA:0,System.Void TinyCMS.Controllers.SigninController::.ctor(TinyCMS.Security.ITokenValidator)
DA:19,0
DA:20,0
DA:21,0
DA:22,0
FN:27,System.Void TinyCMS.Controllers.SigninController/<ValidateToken>d__2::MoveNext()
FNDA:0,System.Void TinyCMS.Controllers.SigninController/<ValidateToken>d__2::MoveNext()
DA:28,0
DA:29,0
DA:30,0
BRDA:29,55,0,0
BRDA:29,55,1,0
FN:34,System.String TinyCMS.Controllers.TokenValidationRequest::get_token()
FNDA:0,System.String TinyCMS.Controllers.TokenValidationRequest::get_token()
DA:35,0
LF:8
LH:0
BRF:2
BRH:0
FNF:3
FNH:0
end_of_record
SF:/Users/johannystrom/practice/TinyCMS/src/TinyCMS.Data/JsonShopNodeConverter.cs
FN:12,System.Boolean TinyCMS.JsonMappedInterfaceConverter::CanConvert(System.Type)
FNDA:1288,System.Boolean TinyCMS.JsonMappedInterfaceConverter::CanConvert(System.Type)
DA:13,1288
DA:14,1288
DA:15,1288
FN:17,System.Object TinyCMS.JsonMappedInterfaceConverter::ReadJson(Newtonsoft.Json.JsonReader,System.Type,System.Object,Newtonsoft.Json.JsonSerializer)
FNDA:0,System.Object TinyCMS.JsonMappedInterfaceConverter::ReadJson(Newtonsoft.Json.JsonReader,System.Type,System.Object,Newtonsoft.Json.JsonSerializer)
DA:18,0
DA:19,0
DA:20,0
DA:22,0
DA:24,0
DA:26,0
DA:28,0
DA:30,0
BRDA:19,13,0,0
BRDA:19,13,1,0
FN:32,System.Void TinyCMS.JsonMappedInterfaceConverter::WriteJson(Newtonsoft.Json.JsonWriter,System.Object,Newtonsoft.Json.JsonSerializer)
FNDA:0,System.Void TinyCMS.JsonMappedInterfaceConverter::WriteJson(Newtonsoft.Json.JsonWriter,System.Object,Newtonsoft.Json.JsonSerializer)
DA:33,0
DA:34,0
DA:35,0
DA:36,0
DA:37,0
DA:38,0
DA:39,0
DA:40,0
DA:41,0
DA:42,0
DA:43,0
DA:44,0
BRDA:35,86,1,0
BRDA:38,53,0,0
BRDA:38,53,1,0
BRDA:35,86,0,0
LF:23
LH:3
BRF:6
BRH:0
FNF:3
FNH:1
end_of_record
SF:/Users/johannystrom/practice/TinyCMS/src/TinyCMS.Data/JsonNodeConverter.cs
FN:21,System.Boolean TinyCMS.FileStorage.JsonNodeConverter::CanConvert(System.Type)
FNDA:1394,System.Boolean TinyCMS.FileStorage.JsonNodeConverter::CanConvert(System.Type)
DA:22,1394
DA:23,1394
DA:24,1394
FN:26,System.Object TinyCMS.FileStorage.JsonNodeConverter::ReadJson(Newtonsoft.Json.JsonReader,System.Type,System.Object,Newtonsoft.Json.JsonSerializer)
FNDA:105,System.Object TinyCMS.FileStorage.JsonNodeConverter::ReadJson(Newtonsoft.Json.JsonReader,System.Type,System.Object,Newtonsoft.Json.JsonSerializer)
DA:27,105
DA:28,105
DA:29,0
DA:31,105
DA:33,105
DA:35,105
DA:37,105
DA:39,105
BRDA:28,13,0,0
BRDA:28,13,1,105
FN:41,System.Object TinyCMS.FileStorage.JsonNodeConverter::CreateNode(Newtonsoft.Json.Linq.JObject)
FNDA:105,System.Object TinyCMS.FileStorage.JsonNodeConverter::CreateNode(Newtonsoft.Json.Linq.JObject)
DA:42,105
DA:43,105
DA:44,105
DA:45,105
DA:46,105
FN:48,System.Void TinyCMS.FileStorage.JsonNodeConverter::WriteJson(Newtonsoft.Json.JsonWriter,System.Object,Newtonsoft.Json.JsonSerializer)
FNDA:0,System.Void TinyCMS.FileStorage.JsonNodeConverter::WriteJson(Newtonsoft.Json.JsonWriter,System.Object,Newtonsoft.Json.JsonSerializer)
DA:49,0
DA:50,0
DA:51,0
DA:52,0
DA:53,0
DA:54,0
DA:55,0
DA:56,0
DA:57,0
DA:58,0
DA:59,0
DA:60,0
BRDA:51,114,1,0
BRDA:54,81,0,0
BRDA:54,81,1,0
BRDA:51,114,0,0
FN:11,System.Void TinyCMS.FileStorage.JsonNodeConverter::.ctor(TinyCMS.Interfaces.INodeTypeFactory)
FNDA:7,System.Void TinyCMS.FileStorage.JsonNodeConverter::.ctor(TinyCMS.Interfaces.INodeTypeFactory)
DA:12,7
DA:13,7
DA:14,7
DA:15,7
DA:17,7
LF:33
LH:20
BRF:6
BRH:1
FNF:5
FNH:4
end_of_record
SF:/Users/johannystrom/practice/TinyCMS/src/TinyCMS.Data/Helper.cs
FN:12,System.String TinyCMS.Serializer.Helper::ToLowerFirst(System.String)
FNDA:143,System.String TinyCMS.Serializer.Helper::ToLowerFirst(System.String)
DA:13,143
DA:14,143
DA:15,143
FN:22,System.Collections.Generic.Dictionary`2<System.String,System.Reflection.PropertyInfo> TinyCMS.Serializer.Helper::FilterExcluded(System.Collections.Generic.Dictionary`2<System.String,System.Reflection.PropertyInfo>,System.Boolean,System.String[])
FNDA:55,System.Collections.Generic.Dictionary`2<System.String,System.Reflection.PropertyInfo> TinyCMS.Serializer.Helper::FilterExcluded(System.Collections.Generic.Dictionary`2<System.String,System.Reflection.PropertyInfo>,System.Boolean,System.String[])
DA:23,55
DA:24,55
DA:25,963
DA:26,399
DA:27,400
DA:28,399
DA:29,396
DA:30,398
DA:31,0
DA:32,400
DA:33,160
DA:34,399
DA:35,55
DA:36,55
BRDA:25,143,1,399
BRDA:28,33,0,395
BRDA:28,33,1,399
BRDA:30,62,0,394
BRDA:30,62,1,4
BRDA:30,77,0,0
BRDA:31,80,0,0
BRDA:31,80,1,0
BRDA:30,77,1,400
BRDA:32,112,0,160
BRDA:32,112,1,399
BRDA:25,143,0,55
FN:38,System.Collections.Generic.Dictionary`2<System.String,System.Object> TinyCMS.Serializer.Helper::GetPropertyDictionary(System.Object,System.String[])
FNDA:55,System.Collections.Generic.Dictionary`2<System.String,System.Object> TinyCMS.Serializer.Helper::GetPropertyDictionary(System.Object,System.String[])
DA:39,55
DA:40,55
DA:41,55
DA:42,485
DA:43,160
DA:44,160
DA:45,160
DA:46,100
DA:47,100
DA:48,100
DA:49,160
DA:50,55
DA:51,55
BRDA:42,101,1,160
BRDA:45,73,0,100
BRDA:45,73,1,160
BRDA:42,101,0,55
FN:53,System.Collections.Generic.Dictionary`2<System.String,System.Reflection.PropertyInfo> TinyCMS.Serializer.Helper::GetPropertyInfoList(System.Object)
FNDA:55,System.Collections.Generic.Dictionary`2<System.String,System.Reflection.PropertyInfo> TinyCMS.Serializer.Helper::GetPropertyInfoList(System.Object)
DA:54,55
DA:55,55
DA:56,55
DA:57,55
DA:58,51
DA:60,4
DA:61,4
DA:62,4
DA:63,30
DA:65,64
DA:66,26
DA:67,26
DA:68,26
DA:69,26
DA:71,4
DA:72,4
DA:74,55
DA:75,55
BRDA:57,23,0,51
BRDA:57,23,1,4
BRDA:63,71,0,1
BRDA:63,71,1,4
BRDA:65,158,1,26
BRDA:65,158,0,4
FN:16,System.Void TinyCMS.Serializer.Helper::.cctor()
FNDA:1,System.Void TinyCMS.Serializer.Helper::.cctor()
DA:17,1
DA:19,1
DA:20,1
LF:51
LH:50
BRF:22
BRH:19
FNF:5
FNH:5
end_of_record
SF:/Users/johannystrom/practice/TinyCMS/src/TinyCMS.Data/BaseNode.cs
FN:14,System.String TinyCMS.Data.BaseNode::get_Id()
FNDA:757,System.String TinyCMS.Data.BaseNode::get_Id()
DA:15,757
FN:17,System.String TinyCMS.Data.BaseNode::get_ParentId()
FNDA:274,System.String TinyCMS.Data.BaseNode::get_ParentId()
DA:18,274
FN:20,System.Boolean TinyCMS.Data.BaseNode::get_IsParsed()
FNDA:266,System.Boolean TinyCMS.Data.BaseNode::get_IsParsed()
DA:21,266
FN:24,System.Collections.Generic.IList`1<System.String> TinyCMS.Data.BaseNode::get_Tags()
FNDA:0,System.Collections.Generic.IList`1<System.String> TinyCMS.Data.BaseNode::get_Tags()
DA:25,0
FN:27,System.Collections.ObjectModel.ObservableCollection`1<TinyCMS.Interfaces.INode> TinyCMS.Data.BaseNode::get_Children()
FNDA:789,System.Collections.ObjectModel.ObservableCollection`1<TinyCMS.Interfaces.INode> TinyCMS.Data.BaseNode::get_Children()
DA:28,789
LF:5
LH:4
BRF:10
BRH:6
FNF:5
FNH:4
end_of_record
SF:/Users/johannystrom/practice/TinyCMS/src/TinyCMS.Data/BaseRelation.cs
FN:14,System.String TinyCMS.Data.BaseRelation::get_FromId()
FNDA:20,System.String TinyCMS.Data.BaseRelation::get_FromId()
DA:15,20
FN:15,System.String TinyCMS.Data.BaseRelation::get_ToId()
FNDA:25,System.String TinyCMS.Data.BaseRelation::get_ToId()
DA:16,25
FN:18,System.Boolean TinyCMS.Data.BaseRelation::Equals(TinyCMS.Interfaces.IRelation,TinyCMS.Interfaces.IRelation)
FNDA:0,System.Boolean TinyCMS.Data.BaseRelation::Equals(TinyCMS.Interfaces.IRelation,TinyCMS.Interfaces.IRelation)
DA:19,0
DA:20,0
DA:21,0
DA:22,0
BRDA:20,18,0,0
BRDA:20,18,1,0
BRDA:20,37,0,0
BRDA:20,56,0,0
BRDA:20,56,1,0
BRDA:20,37,1,0
FN:24,System.Int32 TinyCMS.Data.BaseRelation::GetHashCode(TinyCMS.Interfaces.IRelation)
FNDA:0,System.Int32 TinyCMS.Data.BaseRelation::GetHashCode(TinyCMS.Interfaces.IRelation)
DA:25,0
DA:26,0
DA:27,0
FN:9,System.Void TinyCMS.Data.BaseRelation::.ctor(System.String,System.String)
FNDA:4,System.Void TinyCMS.Data.BaseRelation::.ctor(System.String,System.String)
DA:10,4
DA:11,4
DA:12,4
DA:13,4
DA:14,4
LF:14
LH:7
BRF:6
BRH:0
FNF:5
FNH:3
end_of_record
SF:/Users/johannystrom/practice/TinyCMS/src/TinyCMS.Data/Nodes/Column.cs
FN:7,System.String TinyCMS.Data.Nodes.Column::get_Type()
FNDA:3,System.String TinyCMS.Data.Nodes.Column::get_Type()
DA:8,3
FN:8,System.String TinyCMS.Data.Nodes.Column::get_ClassName()
FNDA:3,System.String TinyCMS.Data.Nodes.Column::get_ClassName()
DA:9,3
LF:2
LH:2
BRF:2
BRH:0
FNF:2
FNH:2
end_of_record
SF:/Users/johannystrom/practice/TinyCMS/src/TinyCMS.Data/Nodes/Component.cs
FN:7,System.String TinyCMS.Data.Nodes.Component::get_Type()
FNDA:3,System.String TinyCMS.Data.Nodes.Component::get_Type()
DA:8,3
FN:8,System.String TinyCMS.Data.Nodes.Component::get_Name()
FNDA:0,System.String TinyCMS.Data.Nodes.Component::get_Name()
DA:9,0
FN:9,System.Collections.Generic.Dictionary`2<System.String,System.Object> TinyCMS.Data.Nodes.Component::get_Props()
FNDA:0,System.Collections.Generic.Dictionary`2<System.String,System.Object> TinyCMS.Data.Nodes.Component::get_Props()
DA:10,0
LF:3
LH:1
BRF:4
BRH:0
FNF:3
FNH:1
end_of_record
SF:/Users/johannystrom/practice/TinyCMS/src/TinyCMS.Data/Nodes/CustomForm.cs
FN:4,System.String TinyCMS.Data.Nodes.CustomForm::get_Type()
FNDA:3,System.String TinyCMS.Data.Nodes.CustomForm::get_Type()
DA:5,3
LF:1
LH:1
BRF:0
BRH:0
FNF:1
FNH:1
end_of_record
SF:/Users/johannystrom/practice/TinyCMS/src/TinyCMS.Data/Nodes/File.cs
FN:7,System.String TinyCMS.Data.Nodes.File::get_Type()
FNDA:3,System.String TinyCMS.Data.Nodes.File::get_Type()
DA:8,3
FN:9,System.String TinyCMS.Data.Nodes.File::get_Path()
FNDA:0,System.String TinyCMS.Data.Nodes.File::get_Path()
DA:10,0
FN:11,System.String TinyCMS.Data.Nodes.File::get_Url()
FNDA:0,System.String TinyCMS.Data.Nodes.File::get_Url()
DA:12,0
LF:3
LH:1
BRF:4
BRH:0
FNF:3
FNH:1
end_of_record
SF:/Users/johannystrom/practice/TinyCMS/src/TinyCMS.Data/Nodes/HiddenNode.cs
FN:8,System.String TinyCMS.Data.Nodes.HiddenNode::get_Type()
FNDA:3,System.String TinyCMS.Data.Nodes.HiddenNode::get_Type()
DA:9,3
LF:1
LH:1
BRF:0
BRH:0
FNF:1
FNH:1
end_of_record
SF:/Users/johannystrom/practice/TinyCMS/src/TinyCMS.Data/Nodes/Image.cs
FN:9,System.String TinyCMS.Data.Nodes.Image::get_Type()
FNDA:3,System.String TinyCMS.Data.Nodes.Image::get_Type()
DA:10,3
FN:10,System.Double TinyCMS.Data.Nodes.Image::get_Width()
FNDA:0,System.Double TinyCMS.Data.Nodes.Image::get_Width()
DA:11,0
FN:11,System.Double TinyCMS.Data.Nodes.Image::get_Height()
FNDA:0,System.Double TinyCMS.Data.Nodes.Image::get_Height()
DA:12,0
FN:12,System.String TinyCMS.Data.Nodes.Image::get_Alt()
FNDA:0,System.String TinyCMS.Data.Nodes.Image::get_Alt()
DA:13,0
LF:4
LH:1
BRF:6
BRH:0
FNF:4
FNH:1
end_of_record
SF:/Users/johannystrom/practice/TinyCMS/src/TinyCMS.Data/Nodes/KeyValue.cs
FN:7,System.String TinyCMS.Data.Nodes.KeyValue::get_Type()
FNDA:3,System.String TinyCMS.Data.Nodes.KeyValue::get_Type()
DA:8,3
FN:8,System.String TinyCMS.Data.Nodes.KeyValue::get_Key()
FNDA:0,System.String TinyCMS.Data.Nodes.KeyValue::get_Key()
DA:9,0
FN:9,System.Object TinyCMS.Data.Nodes.KeyValue::get_Value()
FNDA:0,System.Object TinyCMS.Data.Nodes.KeyValue::get_Value()
DA:10,0
LF:3
LH:1
BRF:4
BRH:0
FNF:3
FNH:1
end_of_record
SF:/Users/johannystrom/practice/TinyCMS/src/TinyCMS.Data/Nodes/Page.cs
FN:8,System.String TinyCMS.Data.Nodes.Page::get_Type()
FNDA:3,System.String TinyCMS.Data.Nodes.Page::get_Type()
DA:9,3
FN:9,System.String TinyCMS.Data.Nodes.Page::get_Name()
FNDA:9,System.String TinyCMS.Data.Nodes.Page::get_Name()
DA:10,9
FN:10,System.String TinyCMS.Data.Nodes.Page::get_Url()
FNDA:4,System.String TinyCMS.Data.Nodes.Page::get_Url()
DA:11,4
FN:11,System.String TinyCMS.Data.Nodes.Page::get_TemplateId()
FNDA:4,System.String TinyCMS.Data.Nodes.Page::get_TemplateId()
DA:12,4
LF:4
LH:4
BRF:6
BRH:3
FNF:4
FNH:4
end_of_record
SF:/Users/johannystrom/practice/TinyCMS/src/TinyCMS.Data/Nodes/Row.cs
FN:7,System.String TinyCMS.Data.Nodes.Row::get_Type()
FNDA:3,System.String TinyCMS.Data.Nodes.Row::get_Type()
DA:8,3
LF:1
LH:1
BRF:0
BRH:0
FNF:1
FNH:1
end_of_record
SF:/Users/johannystrom/practice/TinyCMS/src/TinyCMS.Data/Nodes/Script.cs
FN:7,System.String TinyCMS.Data.Nodes.Script::get_Type()
FNDA:3,System.String TinyCMS.Data.Nodes.Script::get_Type()
DA:8,3
FN:8,System.String TinyCMS.Data.Nodes.Script::get_Name()
FNDA:0,System.String TinyCMS.Data.Nodes.Script::get_Name()
DA:9,0
FN:9,System.String TinyCMS.Data.Nodes.Script::get_Code()
FNDA:0,System.String TinyCMS.Data.Nodes.Script::get_Code()
DA:10,0
LF:3
LH:1
BRF:4
BRH:0
FNF:3
FNH:1
end_of_record
SF:/Users/johannystrom/practice/TinyCMS/src/TinyCMS.Data/Nodes/Section.cs
FN:6,System.String TinyCMS.Data.Nodes.Section::get_Type()
FNDA:3,System.String TinyCMS.Data.Nodes.Section::get_Type()
DA:7,3
FN:7,System.String TinyCMS.Data.Nodes.Section::get_Title()
FNDA:5,System.String TinyCMS.Data.Nodes.Section::get_Title()
DA:8,5
FN:8,System.String TinyCMS.Data.Nodes.Section::get_Ingress()
FNDA:5,System.String TinyCMS.Data.Nodes.Section::get_Ingress()
DA:9,5
LF:3
LH:3
BRF:4
BRH:2
FNF:3
FNH:3
end_of_record
SF:/Users/johannystrom/practice/TinyCMS/src/TinyCMS.Data/Nodes/Site.cs
FN:6,System.String TinyCMS.Data.Nodes.Site::get_Type()
FNDA:3,System.String TinyCMS.Data.Nodes.Site::get_Type()
DA:7,3
FN:7,System.String TinyCMS.Data.Nodes.Site::get_Domain()
FNDA:0,System.String TinyCMS.Data.Nodes.Site::get_Domain()
DA:8,0
LF:2
LH:1
BRF:2
BRH:0
FNF:2
FNH:1
end_of_record
SF:/Users/johannystrom/practice/TinyCMS/src/TinyCMS.Data/Nodes/SizeUnit.cs
FN:6,System.Int32 TinyCMS.Data.Nodes.SizeUnit::get_Top()
FNDA:0,System.Int32 TinyCMS.Data.Nodes.SizeUnit::get_Top()
DA:7,0
FN:7,System.Int32 TinyCMS.Data.Nodes.SizeUnit::get_Left()
FNDA:0,System.Int32 TinyCMS.Data.Nodes.SizeUnit::get_Left()
DA:8,0
FN:8,System.Int32 TinyCMS.Data.Nodes.SizeUnit::get_Right()
FNDA:0,System.Int32 TinyCMS.Data.Nodes.SizeUnit::get_Right()
DA:9,0
FN:9,System.Int32 TinyCMS.Data.Nodes.SizeUnit::get_Bottom()
FNDA:0,System.Int32 TinyCMS.Data.Nodes.SizeUnit::get_Bottom()
DA:10,0
LF:4
LH:0
BRF:0
BRH:0
FNF:4
FNH:0
end_of_record
SF:/Users/johannystrom/practice/TinyCMS/src/TinyCMS.Data/Nodes/Style.cs
FN:7,System.String TinyCMS.Data.Nodes.Style::get_Type()
FNDA:3,System.String TinyCMS.Data.Nodes.Style::get_Type()
DA:8,3
FN:8,System.String TinyCMS.Data.Nodes.Style::get_Name()
FNDA:0,System.String TinyCMS.Data.Nodes.Style::get_Name()
DA:9,0
FN:9,System.String TinyCMS.Data.Nodes.Style::get_Css()
FNDA:0,System.String TinyCMS.Data.Nodes.Style::get_Css()
DA:10,0
LF:3
LH:1
BRF:4
BRH:0
FNF:3
FNH:1
end_of_record
SF:/Users/johannystrom/practice/TinyCMS/src/TinyCMS.Data/Nodes/StyleComponent.cs
FN:6,System.String TinyCMS.Data.Nodes.StyleComponent::get_Type()
FNDA:3,System.String TinyCMS.Data.Nodes.StyleComponent::get_Type()
DA:7,3
FN:9,System.String TinyCMS.Data.Nodes.StyleComponent::get_BackgroundColor()
FNDA:0,System.String TinyCMS.Data.Nodes.StyleComponent::get_BackgroundColor()
DA:10,0
FN:12,System.String TinyCMS.Data.Nodes.StyleComponent::get_Color()
FNDA:0,System.String TinyCMS.Data.Nodes.StyleComponent::get_Color()
DA:13,0
FN:14,TinyCMS.Data.Nodes.SizeUnit TinyCMS.Data.Nodes.StyleComponent::get_Padding()
FNDA:3,TinyCMS.Data.Nodes.SizeUnit TinyCMS.Data.Nodes.StyleComponent::get_Padding()
DA:15,3
FN:16,TinyCMS.Data.Nodes.SizeUnit TinyCMS.Data.Nodes.StyleComponent::get_Margin()
FNDA:3,TinyCMS.Data.Nodes.SizeUnit TinyCMS.Data.Nodes.StyleComponent::get_Margin()
DA:17,3
LF:5
LH:3
BRF:8
BRH:0
FNF:5
FNH:3
end_of_record
SF:/Users/johannystrom/practice/TinyCMS/src/TinyCMS.Data/Nodes/Template.cs
FN:7,System.String TinyCMS.Data.Nodes.Template::get_Type()
FNDA:3,System.String TinyCMS.Data.Nodes.Template::get_Type()
DA:8,3
FN:8,System.String TinyCMS.Data.Nodes.Template::get_Name()
FNDA:0,System.String TinyCMS.Data.Nodes.Template::get_Name()
DA:9,0
FN:9,System.String TinyCMS.Data.Nodes.Template::get_Html()
FNDA:0,System.String TinyCMS.Data.Nodes.Template::get_Html()
DA:10,0
LF:3
LH:1
BRF:4
BRH:0
FNF:3
FNH:1
end_of_record
SF:/Users/johannystrom/practice/TinyCMS/src/TinyCMS.Data/Nodes/Text.cs
FN:7,System.String TinyCMS.Data.Nodes.Text::get_Type()
FNDA:3,System.String TinyCMS.Data.Nodes.Text::get_Type()
DA:8,3
FN:10,System.String TinyCMS.Data.Nodes.Text::get_Value()
FNDA:8,System.String TinyCMS.Data.Nodes.Text::get_Value()
DA:11,8
FN:16,System.String TinyCMS.Data.Nodes.Header::get_Type()
FNDA:3,System.String TinyCMS.Data.Nodes.Header::get_Type()
DA:17,3
FN:18,System.String TinyCMS.Data.Nodes.Header::get_Text()
FNDA:0,System.String TinyCMS.Data.Nodes.Header::get_Text()
DA:19,0
FN:25,System.String TinyCMS.Data.Nodes.CodeNode::get_Type()
FNDA:3,System.String TinyCMS.Data.Nodes.CodeNode::get_Type()
DA:26,3
FN:27,System.String TinyCMS.Data.Nodes.CodeNode::get_CodeLang()
FNDA:10,System.String TinyCMS.Data.Nodes.CodeNode::get_CodeLang()
DA:28,10
FN:30,System.String TinyCMS.Data.Nodes.CodeNode::get_Code()
FNDA:6,System.String TinyCMS.Data.Nodes.CodeNode::get_Code()
DA:31,6
LF:7
LH:6
BRF:8
BRH:4
FNF:7
FNH:6
end_of_record
SF:/Users/johannystrom/practice/TinyCMS/src/TinyCMS.Data/Extensions/NodeExtensions.cs
FN:15,System.Object TinyCMS.Data.Extensions.ObjectExtensions::Apply(System.Object,System.Collections.Generic.IDictionary`2<System.String,System.Object>)
FNDA:0,System.Object TinyCMS.Data.Extensions.ObjectExtensions::Apply(System.Object,System.Collections.Generic.IDictionary`2<System.String,System.Object>)
DA:16,0
DA:17,0
DA:18,0
DA:19,0
DA:20,0
DA:21,0
DA:22,0
DA:23,0
DA:24,0
DA:25,0
DA:26,0
DA:28,0
DA:29,0
DA:30,0
DA:31,0
DA:32,0
DA:33,0
DA:34,0
DA:35,0
DA:36,0
DA:39,0
DA:40,0
DA:41,0
DA:42,0
DA:43,0
BRDA:17,7,0,0
BRDA:17,7,1,0
BRDA:21,215,1,0
BRDA:25,120,0,0
BRDA:25,124,0,0
BRDA:25,120,1,0
BRDA:25,124,1,0
BRDA:25,140,0,0
BRDA:29,161,0,0
BRDA:29,161,1,0
BRDA:25,140,1,0
BRDA:21,215,0,0
FN:48,TinyCMS.Interfaces.INode TinyCMS.Data.Extensions.NodeExtensions::Add(TinyCMS.Interfaces.INode,TinyCMS.Interfaces.INode)
FNDA:16,TinyCMS.Interfaces.INode TinyCMS.Data.Extensions.NodeExtensions::Add(TinyCMS.Interfaces.INode,TinyCMS.Interfaces.INode)
DA:49,16
DA:50,16
DA:51,1
DA:52,16
DA:53,4
DA:54,4
DA:55,4
DA:56,16
DA:57,16
DA:58,16
DA:59,16
BRDA:50,12,0,1
BRDA:50,12,1,16
BRDA:52,39,0,4
BRDA:52,39,1,16
FN:61,TinyCMS.Interfaces.INode TinyCMS.Data.Extensions.NodeExtensions::Add(TinyCMS.Interfaces.INode)
FNDA:1,TinyCMS.Interfaces.INode TinyCMS.Data.Extensions.NodeExtensions::Add(TinyCMS.Interfaces.INode)
DA:62,1
DA:63,1
DA:64,1
DA:65,1
DA:66,1
FN:68,System.Boolean TinyCMS.Data.Extensions.NodeExtensions::HasChildren(TinyCMS.Interfaces.INode)
FNDA:40,System.Boolean TinyCMS.Data.Extensions.NodeExtensions::HasChildren(TinyCMS.Interfaces.INode)
DA:69,40
BRDA:69,7,0,0
BRDA:69,7,1,40
LF:42
LH:17
BRF:18
BRH:5
FNF:4
FNH:3
end_of_record
SF:/Users/johannystrom/practice/TinyCMS/src/TinyCMS.Data/Builder/Container.cs
FN:24,System.Boolean TinyCMS.Data.Builder.Container::get_IsDirty()
FNDA:150,System.Boolean TinyCMS.Data.Builder.Container::get_IsDirty()
DA:25,150
FN:27,System.Void TinyCMS.Data.Builder.Container::ParseNode(TinyCMS.Interfaces.INode,System.String)
FNDA:145,System.Void TinyCMS.Data.Builder.Container::ParseNode(TinyCMS.Interfaces.INode,System.String)
DA:28,145
DA:30,145
DA:31,1
DA:32,144
DA:33,96
DA:34,144
DA:35,1
DA:36,1
DA:37,0
DA:38,1
DA:40,143
DA:42,143
DA:43,143
DA:44,649
DA:45,110
DA:46,110
DA:47,110
DA:48,143
DA:50,1
DA:51,1
DA:52,1
DA:53,144
DA:54,143
DA:55,144
DA:57,145
BRDA:30,2,0,144
BRDA:30,2,1,1
BRDA:30,20,1,144
BRDA:32,33,0,118
BRDA:32,33,1,26
BRDA:32,52,0,96
BRDA:32,52,1,144
BRDA:34,81,0,1
BRDA:36,95,0,0
BRDA:36,95,1,1
BRDA:34,81,1,143
BRDA:42,144,0,143
BRDA:44,196,1,110
BRDA:44,196,0,143
BRDA:42,144,1,1
BRDA:53,243,0,143
BRDA:53,243,1,144
BRDA:30,20,0,145
FN:65,System.Void TinyCMS.Data.Builder.Container::AddWatchers(TinyCMS.Interfaces.INode)
FNDA:144,System.Void TinyCMS.Data.Builder.Container::AddWatchers(TinyCMS.Interfaces.INode)
DA:66,144
DA:67,144
DA:68,289
DA:69,289
DA:70,289
DA:71,289
DA:72,144
DA:73,148
DA:74,148
DA:75,147
DA:76,159
DA:77,147
DA:78,147
DA:79,147
DA:80,147
DA:81,147
DA:82,145
DA:83,145
DA:84,149
DA:85,145
DA:86,144
DA:87,145
DA:88,145
DA:89,145
DA:90,148
DA:91,148
DA:92,144
FN:94,System.Void TinyCMS.Data.Builder.Container::AfterRestore()
FNDA:1,System.Void TinyCMS.Data.Builder.Container::AfterRestore()
DA:95,1
DA:96,1
DA:97,1
DA:98,1
DA:100,13
DA:101,5
DA:102,5
DA:103,5
DA:104,1
BRDA:100,102,1,5
BRDA:100,102,0,1
FN:106,System.Void TinyCMS.Data.Builder.Container::RemoveNode(TinyCMS.Interfaces.INode)
FNDA:0,System.Void TinyCMS.Data.Builder.Container::RemoveNode(TinyCMS.Interfaces.INode)
DA:107,0
DA:109,0
DA:110,0
DA:111,0
DA:112,0
DA:113,0
DA:114,0
DA:115,0
DA:116,0
DA:117,0
BRDA:110,35,0,0
BRDA:110,35,1,0
FN:118,TinyCMS.Interfaces.INode TinyCMS.Data.Builder.Container::get_RootNode()
FNDA:33,TinyCMS.Interfaces.INode TinyCMS.Data.Builder.Container::get_RootNode()
DA:119,33
FN:121,System.Collections.Generic.Dictionary`2<System.String,TinyCMS.Interfaces.INode> TinyCMS.Data.Builder.Container::get_Nodes()
FNDA:372,System.Collections.Generic.Dictionary`2<System.String,TinyCMS.Interfaces.INode> TinyCMS.Data.Builder.Container::get_Nodes()
DA:122,372
FN:123,System.Collections.Generic.HashSet`1<TinyCMS.Interfaces.IRelation> TinyCMS.Data.Builder.Container::get_Relations()
FNDA:67,System.Collections.Generic.HashSet`1<TinyCMS.Interfaces.IRelation> TinyCMS.Data.Builder.Container::get_Relations()
DA:124,67
FN:126,TinyCMS.Interfaces.INode TinyCMS.Data.Builder.Container::GetById(System.String)
FNDA:28,TinyCMS.Interfaces.INode TinyCMS.Data.Builder.Container::GetById(System.String)
DA:127,28
DA:128,28
DA:129,27
DA:130,27
DA:132,1
DA:133,28
BRDA:128,15,0,27
BRDA:128,15,1,1
FN:135,System.Void TinyCMS.Data.Builder.Container::AddRelation(TinyCMS.Interfaces.INode,TinyCMS.Interfaces.INode)
FNDA:4,System.Void TinyCMS.Data.Builder.Container::AddRelation(TinyCMS.Interfaces.INode,TinyCMS.Interfaces.INode)
DA:136,4
DA:137,4
DA:138,4
FN:155,System.Collections.Generic.IEnumerable`1<TinyCMS.Interfaces.INode> TinyCMS.Data.Builder.Container::GetRelationsById(System.String)
FNDA:1,System.Collections.Generic.IEnumerable`1<TinyCMS.Interfaces.INode> TinyCMS.Data.Builder.Container::GetRelationsById(System.String)
DA:156,1
DA:157,1
DA:158,1
DA:159,1
FN:13,System.Void TinyCMS.Data.Builder.Container::.ctor()
FNDA:2,System.Void TinyCMS.Data.Builder.Container::.ctor()
DA:14,2
DA:15,2
DA:17,2
FN:18,System.Void TinyCMS.Data.Builder.Container::.ctor(TinyCMS.Interfaces.INode)
FNDA:27,System.Void TinyCMS.Data.Builder.Container::.ctor(TinyCMS.Interfaces.INode)
DA:19,27
DA:20,27
DA:21,27
DA:22,27
DA:23,27
FN:140,System.Boolean TinyCMS.Data.Builder.Container/<GetRelations>d__30::MoveNext()
FNDA:34,System.Boolean TinyCMS.Data.Builder.Container/<GetRelations>d__30::MoveNext()
DA:141,34
DA:142,129
DA:143,16
DA:144,16
DA:145,7
DA:146,7
DA:147,4
DA:148,9
DA:149,5
DA:150,5
DA:151,3
DA:152,11
DA:153,29
BRDA:142,292,1,16
BRDA:144,137,0,7
BRDA:144,137,1,9
BRDA:148,222,0,5
BRDA:148,222,1,11
BRDA:142,292,0,29
LF:109
LH:98
BRF:42
BRH:37
FNF:14
FNH:13
end_of_record
SF:/Users/johannystrom/practice/TinyCMS/src/TinyCMS.Data/Builder/InterfaceResolverFactory.cs
FN:12,TinyCMS.Data.Builder.InterfaceResolver TinyCMS.Data.Builder.InterfaceResolver::get_Instance()
FNDA:1289,TinyCMS.Data.Builder.InterfaceResolver TinyCMS.Data.Builder.InterfaceResolver::get_Instance()
DA:13,1289
DA:14,1289
DA:15,1
DA:16,1289
DA:17,1289
BRDA:14,11,0,1
BRDA:14,11,1,1289
FN:23,System.Void TinyCMS.Data.Builder.InterfaceResolver::Add(System.Type,System.Type)
FNDA:1,System.Void TinyCMS.Data.Builder.InterfaceResolver::Add(System.Type,System.Type)
DA:24,1
DA:25,1
DA:26,1
DA:27,1
BRDA:25,18,0,1
BRDA:25,18,1,1
FN:29,System.Void TinyCMS.Data.Builder.InterfaceResolver::Add()
FNDA:1,System.Void TinyCMS.Data.Builder.InterfaceResolver::Add()
DA:30,1
DA:31,1
DA:32,1
FN:34,System.Boolean TinyCMS.Data.Builder.InterfaceResolver::CanResolve(System.Type)
FNDA:1288,System.Boolean TinyCMS.Data.Builder.InterfaceResolver::CanResolve(System.Type)
DA:35,1288
DA:36,1288
DA:37,1288
FN:39,System.Object TinyCMS.Data.Builder.InterfaceResolver::CreateInstance(System.Type)
FNDA:0,System.Object TinyCMS.Data.Builder.InterfaceResolver::CreateInstance(System.Type)
DA:40,0
DA:41,0
DA:42,0
DA:43,0
DA:45,0
DA:46,0
BRDA:41,15,0,0
BRDA:41,15,1,0
FN:19,System.Void TinyCMS.Data.Builder.InterfaceResolver::.ctor()
FNDA:1,System.Void TinyCMS.Data.Builder.InterfaceResolver::.ctor()
DA:20,1
LF:22
LH:16
BRF:6
BRH:4
FNF:6
FNH:5
end_of_record
SF:/Users/johannystrom/practice/TinyCMS/src/TinyCMS.Data/Builder/NodeTypeFactory.cs
FN:18,TinyCMS.Interfaces.INode TinyCMS.Data.Builder.NodeTypeFactory::GetNew(System.String)
FNDA:106,TinyCMS.Interfaces.INode TinyCMS.Data.Builder.NodeTypeFactory::GetNew(System.String)
DA:19,106
DA:20,106
DA:21,106
DA:22,0
DA:23,106
BRDA:20,15,0,106
BRDA:20,15,1,0
FN:27,System.Void TinyCMS.Data.Builder.NodeTypeFactory::RegisterTypes(System.Reflection.Assembly)
FNDA:6,System.Void TinyCMS.Data.Builder.NodeTypeFactory::RegisterTypes(System.Reflection.Assembly)
DA:28,6
DA:29,6
DA:30,6
DA:31,304
DA:32,143
DA:33,143
DA:34,65
DA:36,65
DA:37,65
DA:38,62
DA:39,62
DA:40,62
DA:41,44
DA:42,44
DA:43,21
DA:44,21
DA:46,21
DA:47,65
DA:48,143
DA:49,6
BRDA:31,124,1,143
BRDA:33,54,0,65
BRDA:38,81,0,62
BRDA:38,81,1,44
BRDA:33,54,1,143
BRDA:31,124,0,6
FN:51,System.Collections.Generic.List`1<System.String> TinyCMS.Data.Builder.NodeTypeFactory::RegisterdTypeNames()
FNDA:1,System.Collections.Generic.List`1<System.String> TinyCMS.Data.Builder.NodeTypeFactory::RegisterdTypeNames()
DA:52,1
DA:53,1
DA:54,1
FN:56,System.Type TinyCMS.Data.Builder.NodeTypeFactory::GetTypeByName(System.String)
FNDA:0,System.Type TinyCMS.Data.Builder.NodeTypeFactory::GetTypeByName(System.String)
DA:57,0
DA:58,0
DA:59,0
DA:60,0
DA:62,0
DA:63,0
BRDA:58,15,0,0
BRDA:58,15,1,0
FN:12,System.Void TinyCMS.Data.Builder.NodeTypeFactory::.ctor()
FNDA:2,System.Void TinyCMS.Data.Builder.NodeTypeFactory::.ctor()
DA:13,2
DA:14,2
DA:15,2
DA:16,2
DA:25,2
LF:39
LH:32
BRF:10
BRH:7
FNF:5
FNH:4
end_of_record
SF:/Users/johannystrom/practice/TinyCMS/src/TinyCMS.Data/Builder/NotUniqueIdException.cs
FN:7,System.Void TinyCMS.Data.Builder.NotUniqueIdException::.ctor()
FNDA:0,System.Void TinyCMS.Data.Builder.NotUniqueIdException::.ctor()
DA:8,0
DA:9,0
DA:10,0
FN:11,System.Void TinyCMS.Data.Builder.NotUniqueIdException::.ctor(System.String)
FNDA:0,System.Void TinyCMS.Data.Builder.NotUniqueIdException::.ctor(System.String)
DA:12,0
DA:13,0
DA:14,0
FN:15,System.Void TinyCMS.Data.Builder.NotUniqueIdException::.ctor(System.String,System.Exception)
FNDA:0,System.Void TinyCMS.Data.Builder.NotUniqueIdException::.ctor(System.String,System.Exception)
DA:16,0
DA:17,0
DA:18,0
LF:9
LH:0
BRF:0
BRH:0
FNF:3
FNH:0
end_of_record
SF:/Users/johannystrom/practice/TinyCMS/src/TinyCMS.Base/Security/AuthenticationServiceCollectionExtensions.cs
FN:10,TinyCMS.Base.ITinyCmsBuilder TinyCMS.Security.AuthenticationServiceCollectionExtensions::AddJwtAuthentication(TinyCMS.Base.ITinyCmsBuilder,System.String)
FNDA:1,TinyCMS.Base.ITinyCmsBuilder TinyCMS.Security.AuthenticationServiceCollectionExtensions::AddJwtAuthentication(TinyCMS.Base.ITinyCmsBuilder,System.String)
DA:11,1
DA:12,1
DA:14,1
DA:15,1
DA:16,1
DA:17,2
DA:18,2
DA:19,2
DA:20,2
DA:21,1
DA:22,2
DA:23,2
DA:24,2
DA:25,2
DA:26,2
DA:27,2
DA:28,2
DA:29,2
DA:30,2
DA:31,2
DA:32,2
DA:33,1
DA:34,1
BRDA:14,52,0,1
BRDA:14,52,1,1
LF:23
LH:23
BRF:2
BRH:2
FNF:1
FNH:1
end_of_record
SF:/Users/johannystrom/practice/TinyCMS/src/TinyCMS.Base/Security/BasicAuthenticationData.cs
FN:11,System.String TinyCMS.Security.BasicAuthenticationData::get_Token()
FNDA:0,System.String TinyCMS.Security.BasicAuthenticationData::get_Token()
DA:12,0
FN:35,System.String TinyCMS.Security.BasicAuthenticationData::get_Name()
FNDA:0,System.String TinyCMS.Security.BasicAuthenticationData::get_Name()
DA:36,0
FN:37,System.String TinyCMS.Security.BasicAuthenticationData::get_Email()
FNDA:0,System.String TinyCMS.Security.BasicAuthenticationData::get_Email()
DA:38,0
FN:39,System.Boolean TinyCMS.Security.BasicAuthenticationData::get_Authenticated()
FNDA:0,System.Boolean TinyCMS.Security.BasicAuthenticationData::get_Authenticated()
DA:40,0
FN:41,System.String[] TinyCMS.Security.BasicAuthenticationData::get_Roles()
FNDA:0,System.String[] TinyCMS.Security.BasicAuthenticationData::get_Roles()
DA:42,0
FN:13,System.Void TinyCMS.Security.BasicAuthenticationData::.ctor(Microsoft.IdentityModel.Tokens.SecurityKey,System.String,System.Boolean,System.String[])
FNDA:0,System.Void TinyCMS.Security.BasicAuthenticationData::.ctor(Microsoft.IdentityModel.Tokens.SecurityKey,System.String,System.Boolean,System.String[])
DA:14,0
DA:15,0
DA:16,0
DA:17,0
DA:18,0
DA:21,0
DA:22,0
DA:23,0
DA:24,0
DA:25,0
DA:26,0
DA:27,0
DA:28,0
DA:29,0
DA:30,0
DA:31,0
DA:32,0
DA:33,0
DA:34,0
LF:24
LH:0
BRF:0
BRH:0
FNF:6
FNH:0
end_of_record
SF:/Users/johannystrom/practice/TinyCMS/src/TinyCMS.Base/Security/GoogleTokenValidator.cs
FN:14,System.String TinyCMS.Security.GoogleApiTokenInfo::get_iss()
FNDA:0,System.String TinyCMS.Security.GoogleApiTokenInfo::get_iss()
DA:15,0
FN:21,System.String TinyCMS.Security.GoogleApiTokenInfo::get_at_hash()
FNDA:0,System.String TinyCMS.Security.GoogleApiTokenInfo::get_at_hash()
DA:22,0
FN:26,System.String TinyCMS.Security.GoogleApiTokenInfo::get_aud()
FNDA:0,System.String TinyCMS.Security.GoogleApiTokenInfo::get_aud()
DA:27,0
FN:32,System.String TinyCMS.Security.GoogleApiTokenInfo::get_sub()
FNDA:0,System.String TinyCMS.Security.GoogleApiTokenInfo::get_sub()
DA:33,0
FN:37,System.String TinyCMS.Security.GoogleApiTokenInfo::get_email_verified()
FNDA:0,System.String TinyCMS.Security.GoogleApiTokenInfo::get_email_verified()
DA:38,0
FN:43,System.String TinyCMS.Security.GoogleApiTokenInfo::get_azp()
FNDA:0,System.String TinyCMS.Security.GoogleApiTokenInfo::get_azp()
DA:44,0
FN:48,System.String TinyCMS.Security.GoogleApiTokenInfo::get_email()
FNDA:0,System.String TinyCMS.Security.GoogleApiTokenInfo::get_email()
DA:49,0
FN:53,System.String TinyCMS.Security.GoogleApiTokenInfo::get_iat()
FNDA:0,System.String TinyCMS.Security.GoogleApiTokenInfo::get_iat()
DA:54,0
FN:58,System.String TinyCMS.Security.GoogleApiTokenInfo::get_exp()
FNDA:0,System.String TinyCMS.Security.GoogleApiTokenInfo::get_exp()
DA:59,0
FN:66,System.String TinyCMS.Security.GoogleApiTokenInfo::get_name()
FNDA:0,System.String TinyCMS.Security.GoogleApiTokenInfo::get_name()
DA:67,0
FN:74,System.String TinyCMS.Security.GoogleApiTokenInfo::get_picture()
FNDA:0,System.String TinyCMS.Security.GoogleApiTokenInfo::get_picture()
DA:75,0
FN:76,System.String TinyCMS.Security.GoogleApiTokenInfo::get_given_name()
FNDA:0,System.String TinyCMS.Security.GoogleApiTokenInfo::get_given_name()
DA:77,0
FN:78,System.String TinyCMS.Security.GoogleApiTokenInfo::get_family_name()
FNDA:0,System.String TinyCMS.Security.GoogleApiTokenInfo::get_family_name()
DA:79,0
FN:80,System.String TinyCMS.Security.GoogleApiTokenInfo::get_locale()
FNDA:0,System.String TinyCMS.Security.GoogleApiTokenInfo::get_locale()
DA:81,0
FN:82,System.String TinyCMS.Security.GoogleApiTokenInfo::get_alg()
FNDA:0,System.String TinyCMS.Security.GoogleApiTokenInfo::get_alg()
DA:83,0
FN:84,System.String TinyCMS.Security.GoogleApiTokenInfo::get_kid()
FNDA:0,System.String TinyCMS.Security.GoogleApiTokenInfo::get_kid()
DA:85,0
FN:90,System.Void TinyCMS.Security.GoogleTokenValidator::.ctor(TinyCMS.Security.IJWTSettings)
FNDA:0,System.Void TinyCMS.Security.GoogleTokenValidator::.ctor(TinyCMS.Security.IJWTSettings)
DA:91,0
DA:92,0
DA:93,0
DA:94,0
FN:99,System.Void TinyCMS.Security.GoogleTokenValidator/<ValidateTokenAsync>d__3::MoveNext()
FNDA:0,System.Void TinyCMS.Security.GoogleTokenValidator/<ValidateTokenAsync>d__3::MoveNext()
DA:100,0
DA:101,0
DA:102,0
DA:105,0
DA:106,0
DA:107,0
DA:109,0
DA:111,0
DA:112,0
DA:113,0
DA:116,0
BRDA:102,55,0,0
BRDA:106,92,0,0
BRDA:102,55,1,0
BRDA:106,92,1,0
LF:31
LH:0
BRF:4
BRH:0
FNF:18
FNH:0
end_of_record
SF:/Users/johannystrom/practice/TinyCMS/src/TinyCMS.Base/Security/JWTSettings.cs
FN:12,System.Byte[] TinyCMS.Security.JWTSettings::get_Key()
FNDA:3,System.Byte[] TinyCMS.Security.JWTSettings::get_Key()
DA:13,3
FN:15,Microsoft.IdentityModel.Tokens.SecurityKey TinyCMS.Security.JWTSettings::GetSecurityKey()
FNDA:2,Microsoft.IdentityModel.Tokens.SecurityKey TinyCMS.Security.JWTSettings::GetSecurityKey()
DA:16,2
DA:17,2
DA:18,2
FN:7,System.Void TinyCMS.Security.JWTSettings::.ctor(System.String)
FNDA:1,System.Void TinyCMS.Security.JWTSettings::.ctor(System.String)
DA:8,1
DA:9,1
DA:10,1
DA:11,1
LF:8
LH:8
BRF:0
BRH:0
FNF:3
FNH:3
end_of_record
SF:/Users/johannystrom/practice/TinyCMS/src/TinyCMS.Base/CMSAppSettings.cs
FN:7,System.String TinyCMS.Base.CMSAppSettings::get_Secret()
FNDA:0,System.String TinyCMS.Base.CMSAppSettings::get_Secret()
DA:8,0
LF:1
LH:0
BRF:0
BRH:0
FNF:1
FNH:0
end_of_record
SF:/Users/johannystrom/practice/TinyCMS/src/TinyCMS.Base/TinyCmsBuilder.cs
FN:6,Microsoft.Extensions.DependencyInjection.IServiceCollection TinyCMS.Base.TinyCmsBuilder::get_Services()
FNDA:3,Microsoft.Extensions.DependencyInjection.IServiceCollection TinyCMS.Base.TinyCmsBuilder::get_Services()
DA:7,3
FN:7,System.Void TinyCMS.Base.TinyCmsBuilder::.ctor(Microsoft.Extensions.DependencyInjection.IServiceCollection)
FNDA:1,System.Void TinyCMS.Base.TinyCmsBuilder::.ctor(Microsoft.Extensions.DependencyInjection.IServiceCollection)
DA:8,1
DA:9,1
DA:10,1
DA:11,1
LF:5
LH:5
BRF:0
BRH:0
FNF:2
FNH:2
end_of_record
SF:/Users/johannystrom/practice/TinyCMS/src/TinyCMS.Base/TinyCmsOptions.cs
FN:14,System.Reflection.Assembly TinyCMS.Base.TinyCmsOptions::GetAssembly(System.Type)
FNDA:4,System.Reflection.Assembly TinyCMS.Base.TinyCmsOptions::GetAssembly(System.Type)
DA:15,4
FN:22,System.Void TinyCMS.Base.TinyCmsOptions::AddAssemblyWithNodes(System.Reflection.Assembly)
FNDA:4,System.Void TinyCMS.Base.TinyCmsOptions::AddAssemblyWithNodes(System.Reflection.Assembly)
DA:23,4
DA:24,4
DA:25,4
FN:27,System.Void TinyCMS.Base.TinyCmsOptions::AddAssemblyWithNodes(System.Type)
FNDA:4,System.Void TinyCMS.Base.TinyCmsOptions::AddAssemblyWithNodes(System.Type)
DA:28,4
DA:29,4
DA:30,4
FN:32,System.Void TinyCMS.Base.TinyCmsOptions::AddAssemblyWithNodes()
FNDA:4,System.Void TinyCMS.Base.TinyCmsOptions::AddAssemblyWithNodes()
DA:33,4
DA:34,4
DA:35,4
FN:37,System.Void TinyCMS.Base.TinyCmsOptions::RegisterAssemblys(TinyCMS.Interfaces.INodeTypeFactory)
FNDA:1,System.Void TinyCMS.Base.TinyCmsOptions::RegisterAssemblys(TinyCMS.Interfaces.INodeTypeFactory)
DA:38,1
DA:39,11
DA:40,4
DA:41,4
DA:42,4
DA:43,1
BRDA:39,41,1,4
BRDA:39,41,0,1
FN:45,System.Type TinyCMS.Base.TinyCmsOptions::get_NodeContainer()
FNDA:1,System.Type TinyCMS.Base.TinyCmsOptions::get_NodeContainer()
DA:46,1
FN:46,System.Type TinyCMS.Base.TinyCmsOptions::get_NodeTypeFactory()
FNDA:2,System.Type TinyCMS.Base.TinyCmsOptions::get_NodeTypeFactory()
DA:47,2
FN:47,System.Type TinyCMS.Base.TinyCmsOptions::get_NodeSerializer()
FNDA:2,System.Type TinyCMS.Base.TinyCmsOptions::get_NodeSerializer()
DA:48,2
FN:48,System.Type TinyCMS.Base.TinyCmsOptions::get_SchemaSerializer()
FNDA:2,System.Type TinyCMS.Base.TinyCmsOptions::get_SchemaSerializer()
DA:49,2
FN:49,System.Type TinyCMS.Base.TinyCmsOptions::get_TokenValidator()
FNDA:2,System.Type TinyCMS.Base.TinyCmsOptions::get_TokenValidator()
DA:50,2
FN:55,TinyCMS.Interfaces.INodeTypeFactory TinyCMS.Base.TinyCmsOptions::get_NodeFactoryInstance()
FNDA:8,TinyCMS.Interfaces.INodeTypeFactory TinyCMS.Base.TinyCmsOptions::get_NodeFactoryInstance()
DA:56,8
DA:57,8
DA:58,1
DA:59,1
DA:60,1
DA:61,1
DA:62,8
DA:63,8
BRDA:57,12,0,1
BRDA:57,12,1,8
FN:16,System.Void TinyCMS.Base.TinyCmsOptions::.ctor()
FNDA:1,System.Void TinyCMS.Base.TinyCmsOptions::.ctor()
DA:17,1
DA:18,1
DA:19,1
DA:20,1
DA:45,1
LF:34
LH:34
BRF:4
BRH:4
FNF:12
FNH:12
end_of_record
SF:/Users/johannystrom/practice/TinyCMS/src/TinyCMS.Base/TinyCmsServiceCollectionExtensions.cs
FN:28,TinyCMS.Base.ITinyCmsBuilder TinyCMS.Base.TinyCmsServiceCollectionExtensions::AddTinyCMS(Microsoft.Extensions.DependencyInjection.IServiceCollection,System.Action`1<TinyCMS.Base.TinyCmsOptions>)
FNDA:1,TinyCMS.Base.ITinyCmsBuilder TinyCMS.Base.TinyCmsServiceCollectionExtensions::AddTinyCMS(Microsoft.Extensions.DependencyInjection.IServiceCollection,System.Action`1<TinyCMS.Base.TinyCmsOptions>)
DA:29,1
DA:30,1
DA:31,1
DA:32,1
DA:33,1
FN:35,TinyCMS.Base.ITinyCmsBuilder TinyCMS.Base.TinyCmsServiceCollectionExtensions::Setup(Microsoft.Extensions.DependencyInjection.IServiceCollection,TinyCMS.Base.TinyCmsOptions)
FNDA:1,TinyCMS.Base.ITinyCmsBuilder TinyCMS.Base.TinyCmsServiceCollectionExtensions::Setup(Microsoft.Extensions.DependencyInjection.IServiceCollection,TinyCMS.Base.TinyCmsOptions)
DA:36,1
DA:37,1
DA:39,1
DA:40,1
DA:41,1
DA:42,1
DA:43,1
DA:44,1
DA:46,1
DA:47,1
LF:15
LH:15
BRF:0
BRH:0
FNF:2
FNH:2
end_of_record
SF:/Users/johannystrom/practice/TinyCMS/src/TinyCMS.Base/Security/TokenDecoder.cs
FN:26,System.String[] TinyCMS.Base.Security.TokenDecoder::ValidateAndDecode(System.String)
FNDA:0,System.String[] TinyCMS.Base.Security.TokenDecoder::ValidateAndDecode(System.String)
DA:27,0
DA:28,0
DA:29,0
DA:30,0
DA:33,0
DA:34,0
DA:35,0
DA:37,0
DA:38,0
DA:42,0
DA:43,0
DA:44,0
DA:46,0
DA:47,0
DA:50,0
DA:52,0
BRDA:28,7,0,0
BRDA:28,7,1,0
BRDA:28,25,0,0
BRDA:28,25,1,0
BRDA:38,75,0,0
BRDA:38,75,1,0
FN:13,System.Void TinyCMS.Base.Security.TokenDecoder::.ctor(TinyCMS.Security.IJWTSettings)
FNDA:1,System.Void TinyCMS.Base.Security.TokenDecoder::.ctor(TinyCMS.Security.IJWTSettings)
DA:14,1
DA:15,1
DA:16,1
DA:17,1
DA:18,1
DA:19,1
DA:20,1
DA:21,1
DA:22,1
DA:23,1
DA:24,1
LF:27
LH:11
BRF:6
BRH:0
FNF:2
FNH:1
end_of_record
SF:/Users/johannystrom/practice/TinyCMS/src/TinyCMS.Commerce/ShopFactory.cs
FN:15,TinyCMS.Commerce.ShopFactory TinyCMS.Commerce.ShopFactory::get_Instance()
FNDA:2,TinyCMS.Commerce.ShopFactory TinyCMS.Commerce.ShopFactory::get_Instance()
DA:16,2
FN:18,T TinyCMS.Commerce.ShopFactory::CreateInstance()
FNDA:2,T TinyCMS.Commerce.ShopFactory::CreateInstance()
DA:19,2
DA:20,2
DA:21,2
FN:23,System.Object TinyCMS.Commerce.ShopFactory::CreateInstance(System.Type)
FNDA:0,System.Object TinyCMS.Commerce.ShopFactory::CreateInstance(System.Type)
DA:24,0
DA:25,0
DA:26,0
FN:31,TinyCMS.Commerce.Services.IProductService TinyCMS.Commerce.ShopFactory::get_ProductService()
FNDA:0,TinyCMS.Commerce.Services.IProductService TinyCMS.Commerce.ShopFactory::get_ProductService()
DA:32,0
DA:33,0
DA:34,0
DA:35,0
DA:36,0
BRDA:33,12,0,0
BRDA:33,12,1,0
FN:42,TinyCMS.Commerce.Services.IOrderService TinyCMS.Commerce.ShopFactory::get_OrderService()
FNDA:1,TinyCMS.Commerce.Services.IOrderService TinyCMS.Commerce.ShopFactory::get_OrderService()
DA:43,1
DA:44,1
DA:45,1
DA:46,1
DA:47,1
BRDA:44,12,0,1
BRDA:44,12,1,1
FN:53,TinyCMS.Commerce.Services.IArticleService TinyCMS.Commerce.ShopFactory::get_ArticleService()
FNDA:0,TinyCMS.Commerce.Services.IArticleService TinyCMS.Commerce.ShopFactory::get_ArticleService()
DA:54,0
DA:55,0
DA:56,0
DA:57,0
DA:58,0
BRDA:55,12,0,0
BRDA:55,12,1,0
FN:9,System.Void TinyCMS.Commerce.ShopFactory::.ctor(System.IServiceProvider)
FNDA:1,System.Void TinyCMS.Commerce.ShopFactory::.ctor(System.IServiceProvider)
DA:10,1
DA:11,1
DA:12,1
DA:13,1
DA:14,1
LF:27
LH:14
BRF:6
BRH:2
FNF:7
FNH:4
end_of_record
SF:/Users/johannystrom/practice/TinyCMS/src/TinyCMS.Commerce/TinyCmsCommerceServiceCollectionExtensions.cs
FN:13,TinyCMS.Base.ITinyCmsBuilder TinyCMS.Commerce.TinyCmsCommerceServiceCollectionExtensions::AddCommerce(TinyCMS.Base.ITinyCmsBuilder)
FNDA:1,TinyCMS.Base.ITinyCmsBuilder TinyCMS.Commerce.TinyCmsCommerceServiceCollectionExtensions::AddCommerce(TinyCMS.Base.ITinyCmsBuilder)
DA:14,1
DA:15,1
DA:16,1
DA:17,1
FN:19,TinyCMS.Base.ITinyCmsBuilder TinyCMS.Commerce.TinyCmsCommerceServiceCollectionExtensions::SetupCommerce(TinyCMS.Base.ITinyCmsBuilder,TinyCMS.Commerce.TinyShopOptions)
FNDA:1,TinyCMS.Base.ITinyCmsBuilder TinyCMS.Commerce.TinyCmsCommerceServiceCollectionExtensions::SetupCommerce(TinyCMS.Base.ITinyCmsBuilder,TinyCMS.Commerce.TinyShopOptions)
DA:20,1
DA:21,1
DA:23,1
DA:24,1
DA:25,1
DA:26,1
DA:27,1
DA:28,1
DA:29,1
DA:30,1
DA:31,1
DA:33,1
DA:34,1
LF:17
LH:17
BRF:0
BRH:0
FNF:2
FNH:2
end_of_record
SF:/Users/johannystrom/practice/TinyCMS/src/TinyCMS.Commerce/TinyShopOptions.cs
FN:17,System.Type TinyCMS.Commerce.TinyShopOptions::get_ShopFactory()
FNDA:2,System.Type TinyCMS.Commerce.TinyShopOptions::get_ShopFactory()
DA:18,2
FN:18,System.Type TinyCMS.Commerce.TinyShopOptions::get_OrderType()
FNDA:2,System.Type TinyCMS.Commerce.TinyShopOptions::get_OrderType()
DA:19,2
FN:19,System.Type TinyCMS.Commerce.TinyShopOptions::get_ShopArticleType()
FNDA:2,System.Type TinyCMS.Commerce.TinyShopOptions::get_ShopArticleType()
DA:20,2
FN:20,System.Type TinyCMS.Commerce.TinyShopOptions::get_ShopArticleWithPropertiesType()
FNDA:2,System.Type TinyCMS.Commerce.TinyShopOptions::get_ShopArticleWithPropertiesType()
DA:21,2
FN:21,System.Type TinyCMS.Commerce.TinyShopOptions::get_OrderArticleType()
FNDA:2,System.Type TinyCMS.Commerce.TinyShopOptions::get_OrderArticleType()
DA:22,2
FN:23,System.Type TinyCMS.Commerce.TinyShopOptions::get_OrderService()
FNDA:2,System.Type TinyCMS.Commerce.TinyShopOptions::get_OrderService()
DA:24,2
FN:24,System.Type TinyCMS.Commerce.TinyShopOptions::get_ArticleService()
FNDA:2,System.Type TinyCMS.Commerce.TinyShopOptions::get_ArticleService()
DA:25,2
FN:25,System.Type TinyCMS.Commerce.TinyShopOptions::get_ProductService()
FNDA:2,System.Type TinyCMS.Commerce.TinyShopOptions::get_ProductService()
DA:26,2
LF:8
LH:8
BRF:0
BRH:0
FNF:8
FNH:8
end_of_record
SF:/Users/johannystrom/practice/TinyCMS/src/TinyCMS.Commerce/Nodes/NodeOrder.cs
FN:12,System.Boolean TinyCMS.Commerce.Nodes.NodeOrder::get_IsParsed()
FNDA:20,System.Boolean TinyCMS.Commerce.Nodes.NodeOrder::get_IsParsed()
DA:13,20
FN:13,System.String TinyCMS.Commerce.Nodes.NodeOrder::get_ParentId()
FNDA:21,System.String TinyCMS.Commerce.Nodes.NodeOrder::get_ParentId()
DA:14,21
FN:15,System.String TinyCMS.Commerce.Nodes.NodeOrder::get_Type()
FNDA:2,System.String TinyCMS.Commerce.Nodes.NodeOrder::get_Type()
DA:16,2
FN:17,System.Collections.Generic.IList`1<System.String> TinyCMS.Commerce.Nodes.NodeOrder::get_Tags()
FNDA:1,System.Collections.Generic.IList`1<System.String> TinyCMS.Commerce.Nodes.NodeOrder::get_Tags()
DA:18,1
FN:19,System.Collections.ObjectModel.ObservableCollection`1<TinyCMS.Interfaces.INode> TinyCMS.Commerce.Nodes.NodeOrder::get_Children()
FNDA:51,System.Collections.ObjectModel.ObservableCollection`1<TinyCMS.Interfaces.INode> TinyCMS.Commerce.Nodes.NodeOrder::get_Children()
DA:20,51
LF:5
LH:5
BRF:8
BRH:3
FNF:5
FNH:5
end_of_record
SF:/Users/johannystrom/practice/TinyCMS/src/TinyCMS.Commerce/Nodes/Product.cs
FN:14,System.String TinyCMS.Commerce.Nodes.Product::get_Id()
FNDA:4,System.String TinyCMS.Commerce.Nodes.Product::get_Id()
DA:15,4
FN:16,System.Int32 TinyCMS.Commerce.Nodes.Product::get_Pageid()
FNDA:2,System.Int32 TinyCMS.Commerce.Nodes.Product::get_Pageid()
DA:17,2
FN:19,System.String TinyCMS.Commerce.Nodes.Product::get_ParentId()
FNDA:2,System.String TinyCMS.Commerce.Nodes.Product::get_ParentId()
DA:20,2
FN:22,System.Boolean TinyCMS.Commerce.Nodes.Product::get_IsParsed()
FNDA:2,System.Boolean TinyCMS.Commerce.Nodes.Product::get_IsParsed()
DA:23,2
FN:24,System.String TinyCMS.Commerce.Nodes.Product::get_Type()
FNDA:1,System.String TinyCMS.Commerce.Nodes.Product::get_Type()
DA:25,1
FN:27,System.Collections.Generic.IList`1<System.String> TinyCMS.Commerce.Nodes.Product::get_Tags()
FNDA:0,System.Collections.Generic.IList`1<System.String> TinyCMS.Commerce.Nodes.Product::get_Tags()
DA:28,0
FN:30,System.Collections.ObjectModel.ObservableCollection`1<TinyCMS.Interfaces.INode> TinyCMS.Commerce.Nodes.Product::get_Children()
FNDA:6,System.Collections.ObjectModel.ObservableCollection`1<TinyCMS.Interfaces.INode> TinyCMS.Commerce.Nodes.Product::get_Children()
DA:31,6
LF:7
LH:6
BRF:12
BRH:5
FNF:7
FNH:6
end_of_record
SF:/Users/johannystrom/practice/TinyCMS/src/TinyCMS.Commerce/Services/BaseService/ArticleService.cs
FN:13,System.Void TinyCMS.Commerce.Services.ArticleServiceBase::Add(TinyCMS.Commerce.Models.IArticle)
FNDA:0,System.Void TinyCMS.Commerce.Services.ArticleServiceBase::Add(TinyCMS.Commerce.Models.IArticle)
DA:14,0
DA:15,0
DA:16,0
DA:17,0
DA:18,0
DA:19,0
BRDA:15,18,0,0
BRDA:15,18,1,0
FN:21,System.Collections.Generic.IList`1<TinyCMS.Commerce.Models.IArticle> TinyCMS.Commerce.Services.ArticleServiceBase::GetAll()
FNDA:0,System.Collections.Generic.IList`1<TinyCMS.Commerce.Models.IArticle> TinyCMS.Commerce.Services.ArticleServiceBase::GetAll()
DA:22,0
DA:23,0
DA:24,0
FN:26,TinyCMS.Commerce.Models.IArticle TinyCMS.Commerce.Services.ArticleServiceBase::GetByArticleNr(System.String)
FNDA:0,TinyCMS.Commerce.Models.IArticle TinyCMS.Commerce.Services.ArticleServiceBase::GetByArticleNr(System.String)
DA:27,0
DA:28,0
DA:29,0
FN:31,System.Void TinyCMS.Commerce.Services.ArticleServiceBase::Remove(TinyCMS.Commerce.Models.IArticle)
FNDA:0,System.Void TinyCMS.Commerce.Services.ArticleServiceBase::Remove(TinyCMS.Commerce.Models.IArticle)
DA:32,0
DA:33,0
DA:34,0
FN:10,System.Void TinyCMS.Commerce.Services.ArticleServiceBase::.ctor()
FNDA:0,System.Void TinyCMS.Commerce.Services.ArticleServiceBase::.ctor()
DA:11,0
LF:16
LH:0
BRF:2
BRH:0
FNF:5
FNH:0
end_of_record
SF:/Users/johannystrom/practice/TinyCMS/src/TinyCMS.Commerce/Services/BaseService/OrderService.cs
FN:12,System.Void TinyCMS.Commerce.Services.OrderServiceBase::Delete(TinyCMS.Commerce.Models.IOrder)
FNDA:0,System.Void TinyCMS.Commerce.Services.OrderServiceBase::Delete(TinyCMS.Commerce.Models.IOrder)
DA:13,0
DA:14,0
DA:15,0
FN:17,TinyCMS.Commerce.Models.IOrder TinyCMS.Commerce.Services.OrderServiceBase::GetNewOrder()
FNDA:1,TinyCMS.Commerce.Models.IOrder TinyCMS.Commerce.Services.OrderServiceBase::GetNewOrder()
DA:18,1
DA:19,1
DA:20,1
DA:21,1
DA:22,1
DA:23,1
FN:25,System.Void TinyCMS.Commerce.Services.OrderServiceBase::OrderChanged(System.Object,System.ComponentModel.PropertyChangedEventArgs)
FNDA:2,System.Void TinyCMS.Commerce.Services.OrderServiceBase::OrderChanged(System.Object,System.ComponentModel.PropertyChangedEventArgs)
DA:26,2
DA:27,2
DA:28,2
FN:33,System.Void TinyCMS.Commerce.Services.OrderServiceBase::DeleteOrderFromStorage(TinyCMS.Commerce.Models.IOrder)
FNDA:0,System.Void TinyCMS.Commerce.Services.OrderServiceBase::DeleteOrderFromStorage(TinyCMS.Commerce.Models.IOrder)
DA:34,0
DA:35,0
DA:36,0
DA:37,0
DA:38,0
BRDA:35,15,0,0
BRDA:35,15,1,0
FN:40,TinyCMS.Commerce.Models.IOrder TinyCMS.Commerce.Services.OrderServiceBase::GetOrder(System.String)
FNDA:0,TinyCMS.Commerce.Models.IOrder TinyCMS.Commerce.Services.OrderServiceBase::GetOrder(System.String)
DA:41,0
DA:42,0
DA:43,0
FN:45,TinyCMS.Commerce.Models.IOrder TinyCMS.Commerce.Services.OrderServiceBase::GetOrderFromStorage(System.String)
FNDA:0,TinyCMS.Commerce.Models.IOrder TinyCMS.Commerce.Services.OrderServiceBase::GetOrderFromStorage(System.String)
DA:46,0
DA:47,0
DA:49,0
FN:9,System.Void TinyCMS.Commerce.Services.OrderServiceBase::.ctor()
FNDA:1,System.Void TinyCMS.Commerce.Services.OrderServiceBase::.ctor()
DA:10,1
LF:24
LH:10
BRF:2
BRH:0
FNF:7
FNH:3
end_of_record
SF:/Users/johannystrom/practice/TinyCMS/src/TinyCMS.Commerce/Services/BaseService/ProductService.cs
FN:17,System.Void TinyCMS.Commerce.Services.ProductServiceBase::Products_CollectionChanged(System.Object,System.Collections.Specialized.NotifyCollectionChangedEventArgs)
FNDA:0,System.Void TinyCMS.Commerce.Services.ProductServiceBase::Products_CollectionChanged(System.Object,System.Collections.Specialized.NotifyCollectionChangedEventArgs)
DA:18,0
DA:19,0
DA:20,0
FN:24,System.Collections.ObjectModel.ObservableCollection`1<TinyCMS.Commerce.Models.IProduct> TinyCMS.Commerce.Services.ProductServiceBase::get_Products()
FNDA:0,System.Collections.ObjectModel.ObservableCollection`1<TinyCMS.Commerce.Models.IProduct> TinyCMS.Commerce.Services.ProductServiceBase::get_Products()
DA:25,0
FN:27,TinyCMS.Commerce.Models.IProduct TinyCMS.Commerce.Services.ProductServiceBase::GetProduct(System.String)
FNDA:0,TinyCMS.Commerce.Models.IProduct TinyCMS.Commerce.Services.ProductServiceBase::GetProduct(System.String)
DA:28,0
DA:29,0
DA:30,0
DA:31,0
DA:32,0
DA:33,0
DA:34,0
DA:35,0
BRDA:30,44,0,0
BRDA:30,44,1,0
FN:10,System.Void TinyCMS.Commerce.Services.ProductServiceBase::.ctor()
FNDA:0,System.Void TinyCMS.Commerce.Services.ProductServiceBase::.ctor()
DA:11,0
DA:12,0
DA:13,0
DA:14,0
DA:15,0
LF:17
LH:0
BRF:2
BRH:0
FNF:4
FNH:0
end_of_record
SF:/Users/johannystrom/practice/TinyCMS/src/TinyCMS.Commerce/Services/MockArticleService.cs
FN:7,TinyCMS.Commerce.Models.IArticle TinyCMS.Commerce.Services.MockArticleService::GetByArticleNr(System.String)
FNDA:0,TinyCMS.Commerce.Models.IArticle TinyCMS.Commerce.Services.MockArticleService::GetByArticleNr(System.String)
DA:8,0
DA:9,0
DA:10,0
DA:11,0
DA:12,0
DA:13,0
DA:14,0
DA:15,0
DA:16,0
BRDA:10,15,0,0
BRDA:10,15,1,0
LF:9
LH:0
BRF:2
BRH:0
FNF:1
FNH:0
end_of_record
SF:/Users/johannystrom/practice/TinyCMS/src/TinyCMS.Commerce/Services/MockOrderService.cs
FN:8,System.Void TinyCMS.Commerce.Services.MockOrderService::DeleteOrder(TinyCMS.Commerce.Models.IOrder)
FNDA:0,System.Void TinyCMS.Commerce.Services.MockOrderService::DeleteOrder(TinyCMS.Commerce.Models.IOrder)
DA:9,0
DA:11,0
FN:13,TinyCMS.Commerce.Models.IOrder TinyCMS.Commerce.Services.MockOrderService::GetOrder(System.String)
FNDA:0,TinyCMS.Commerce.Models.IOrder TinyCMS.Commerce.Services.MockOrderService::GetOrder(System.String)
DA:14,0
DA:15,0
DA:16,0
DA:17,0
DA:18,0
DA:19,0
BRDA:16,15,0,0
BRDA:16,15,1,0
FN:21,System.Void TinyCMS.Commerce.Services.MockOrderService::SaveOrder(TinyCMS.Commerce.Models.IOrder)
FNDA:0,System.Void TinyCMS.Commerce.Services.MockOrderService::SaveOrder(TinyCMS.Commerce.Models.IOrder)
DA:22,0
DA:24,0
LF:10
LH:0
BRF:2
BRH:0
FNF:3
FNH:0
end_of_record
SF:/Users/johannystrom/practice/TinyCMS/src/TinyCMS.Commerce/Services/MockProductService.cs
FN:7,System.Void TinyCMS.Commerce.Services.MockProductService::Load(System.String)
FNDA:0,System.Void TinyCMS.Commerce.Services.MockProductService::Load(System.String)
DA:8,0
DA:10,0
FN:12,System.Void TinyCMS.Commerce.Services.MockProductService::Save(TinyCMS.Commerce.Models.IProduct)
FNDA:0,System.Void TinyCMS.Commerce.Services.MockProductService::Save(TinyCMS.Commerce.Models.IProduct)
DA:13,0
DA:15,0
LF:4
LH:0
BRF:0
BRH:0
FNF:2
FNH:0
end_of_record
SF:/Users/johannystrom/practice/TinyCMS/src/TinyCMS.Commerce/Services/NodeOrderService.cs
FN:36,System.Void TinyCMS.Commerce.Services.NodeOrderService::DeleteOrder(TinyCMS.Commerce.Models.IOrder)
FNDA:0,System.Void TinyCMS.Commerce.Services.NodeOrderService::DeleteOrder(TinyCMS.Commerce.Models.IOrder)
DA:37,0
DA:38,0
DA:39,0
DA:40,0
DA:41,0
BRDA:38,14,0,0
BRDA:38,14,1,0
FN:42,TinyCMS.Commerce.Models.IOrder TinyCMS.Commerce.Services.NodeOrderService::GetNewOrder()
FNDA:1,TinyCMS.Commerce.Models.IOrder TinyCMS.Commerce.Services.NodeOrderService::GetNewOrder()
DA:43,1
DA:44,1
DA:45,1
DA:46,1
DA:47,1
FN:49,TinyCMS.Commerce.Models.IOrder TinyCMS.Commerce.Services.NodeOrderService::GetOrder(System.String)
FNDA:0,TinyCMS.Commerce.Models.IOrder TinyCMS.Commerce.Services.NodeOrderService::GetOrder(System.String)
DA:50,0
DA:51,0
DA:52,0
DA:53,0
DA:54,0
DA:55,0
DA:56,0
DA:57,0
DA:58,0
DA:59,0
DA:60,0
DA:61,0
DA:62,0
BRDA:52,15,0,0
BRDA:55,38,0,0
BRDA:55,38,1,0
BRDA:52,15,1,0
FN:64,System.Void TinyCMS.Commerce.Services.NodeOrderService::SaveOrder(TinyCMS.Commerce.Models.IOrder)
FNDA:2,System.Void TinyCMS.Commerce.Services.NodeOrderService::SaveOrder(TinyCMS.Commerce.Models.IOrder)
DA:65,2
DA:67,2
FN:16,System.Void TinyCMS.Commerce.Services.NodeOrderService::.ctor(TinyCMS.Interfaces.IContainer)
FNDA:1,System.Void TinyCMS.Commerce.Services.NodeOrderService::.ctor(TinyCMS.Interfaces.IContainer)
DA:17,1
DA:18,1
DA:19,1
DA:20,1
DA:21,1
DA:22,0
DA:23,0
DA:24,0
DA:25,0
DA:26,0
DA:27,0
DA:29,1
DA:30,21
DA:31,9
DA:32,9
DA:33,9
DA:34,1
DA:35,1
BRDA:21,43,0,0
BRDA:21,43,1,1
BRDA:30,132,1,9
BRDA:30,132,0,1
LF:43
LH:19
BRF:10
BRH:3
FNF:5
FNH:3
end_of_record
SF:/Users/johannystrom/practice/TinyCMS/src/TinyCMS.Commerce/Models/Article.cs
FN:6,System.String TinyCMS.Commerce.Models.Article::get_Name()
FNDA:0,System.String TinyCMS.Commerce.Models.Article::get_Name()
DA:7,0
FN:7,System.String TinyCMS.Commerce.Models.Article::get_ArticleNr()
FNDA:0,System.String TinyCMS.Commerce.Models.Article::get_ArticleNr()
DA:8,0
FN:8,System.Single TinyCMS.Commerce.Models.Article::get_Price()
FNDA:0,System.Single TinyCMS.Commerce.Models.Article::get_Price()
DA:9,0
FN:9,System.Single TinyCMS.Commerce.Models.Article::get_Tax()
FNDA:0,System.Single TinyCMS.Commerce.Models.Article::get_Tax()
DA:10,0
LF:4
LH:0
BRF:8
BRH:0
FNF:4
FNH:0
end_of_record
SF:/Users/johannystrom/practice/TinyCMS/src/TinyCMS.Commerce/Models/ArticleProperty.cs
FN:6,System.String TinyCMS.Commerce.Models.ArticleProperty::get_Value()
FNDA:0,System.String TinyCMS.Commerce.Models.ArticleProperty::get_Value()
DA:7,0
FN:7,System.String TinyCMS.Commerce.Models.ArticleProperty::get_Key()
FNDA:0,System.String TinyCMS.Commerce.Models.ArticleProperty::get_Key()
DA:8,0
LF:2
LH:0
BRF:4
BRH:0
FNF:2
FNH:0
end_of_record
SF:/Users/johannystrom/practice/TinyCMS/src/TinyCMS.Commerce/Models/Order.cs
FN:15,System.String TinyCMS.Commerce.Models.Order::get_FirstName()
FNDA:1,System.String TinyCMS.Commerce.Models.Order::get_FirstName()
DA:16,1
FN:16,System.String TinyCMS.Commerce.Models.Order::get_LastName()
FNDA:1,System.String TinyCMS.Commerce.Models.Order::get_LastName()
DA:17,1
FN:17,System.String TinyCMS.Commerce.Models.Order::get_Id()
FNDA:52,System.String TinyCMS.Commerce.Models.Order::get_Id()
DA:18,52
FN:18,System.DateTime TinyCMS.Commerce.Models.Order::get_Created()
FNDA:21,System.DateTime TinyCMS.Commerce.Models.Order::get_Created()
DA:19,21
FN:20,System.Boolean TinyCMS.Commerce.Models.Order::get_IsLocked()
FNDA:1,System.Boolean TinyCMS.Commerce.Models.Order::get_IsLocked()
DA:21,1
FN:22,TinyCMS.Commerce.Models.OrderStatusEnum TinyCMS.Commerce.Models.Order::get_Status()
FNDA:1,TinyCMS.Commerce.Models.OrderStatusEnum TinyCMS.Commerce.Models.Order::get_Status()
DA:23,1
FN:23,TinyCMS.Commerce.Models.PaymentStatusEnum TinyCMS.Commerce.Models.Order::get_PaymentStatus()
FNDA:1,TinyCMS.Commerce.Models.PaymentStatusEnum TinyCMS.Commerce.Models.Order::get_PaymentStatus()
DA:24,1
FN:25,System.Collections.Generic.IList`1<TinyCMS.Commerce.Models.IOrderArticle> TinyCMS.Commerce.Models.Order::get_Articles()
FNDA:23,System.Collections.Generic.IList`1<TinyCMS.Commerce.Models.IOrderArticle> TinyCMS.Commerce.Models.Order::get_Articles()
DA:26,23
FN:30,TinyCMS.Commerce.Models.IOrderArticle TinyCMS.Commerce.Models.Order::AddArticle(TinyCMS.Commerce.Models.IArticle,System.Int32)
FNDA:0,TinyCMS.Commerce.Models.IOrderArticle TinyCMS.Commerce.Models.Order::AddArticle(TinyCMS.Commerce.Models.IArticle,System.Int32)
DA:31,0
DA:32,0
DA:33,0
DA:35,0
DA:36,0
DA:37,0
DA:38,0
DA:39,0
DA:40,0
BRDA:38,72,0,0
BRDA:38,72,1,0
FN:42,System.Void TinyCMS.Commerce.Models.Order::RemoveArticle(TinyCMS.Commerce.Models.IOrderArticle)
FNDA:0,System.Void TinyCMS.Commerce.Models.Order::RemoveArticle(TinyCMS.Commerce.Models.IOrderArticle)
DA:43,0
DA:44,0
DA:45,0
DA:46,0
BRDA:44,15,0,0
BRDA:44,15,1,0
FN:8,System.Void TinyCMS.Commerce.Models.Order::.ctor()
FNDA:11,System.Void TinyCMS.Commerce.Models.Order::.ctor()
DA:9,11
DA:10,11
DA:11,11
DA:12,11
DA:13,11
DA:14,11
LF:27
LH:14
BRF:20
BRH:6
FNF:11
FNH:9
end_of_record
SF:/Users/johannystrom/practice/TinyCMS/src/TinyCMS.Commerce/Models/OrderArticle.cs
FN:6,System.String TinyCMS.Commerce.Models.OrderArticle::get_OrderId()
FNDA:0,System.String TinyCMS.Commerce.Models.OrderArticle::get_OrderId()
DA:7,0
FN:7,System.String TinyCMS.Commerce.Models.OrderArticle::get_Name()
FNDA:0,System.String TinyCMS.Commerce.Models.OrderArticle::get_Name()
DA:8,0
FN:8,System.String TinyCMS.Commerce.Models.OrderArticle::get_ArticleNr()
FNDA:0,System.String TinyCMS.Commerce.Models.OrderArticle::get_ArticleNr()
DA:9,0
FN:9,System.Single TinyCMS.Commerce.Models.OrderArticle::get_Price()
FNDA:0,System.Single TinyCMS.Commerce.Models.OrderArticle::get_Price()
DA:10,0
FN:10,System.Single TinyCMS.Commerce.Models.OrderArticle::get_Tax()
FNDA:0,System.Single TinyCMS.Commerce.Models.OrderArticle::get_Tax()
DA:11,0
FN:11,System.Int32 TinyCMS.Commerce.Models.OrderArticle::get_Noi()
FNDA:0,System.Int32 TinyCMS.Commerce.Models.OrderArticle::get_Noi()
DA:12,0
LF:6
LH:0
BRF:12
BRH:0
FNF:6
FNH:0
end_of_record
SF:/Users/johannystrom/practice/TinyCMS/src/TinyCMS.Commerce/Models/Product.cs
FN:17,System.Void TinyCMS.Commerce.Models.Product::Articles_CollectionChanged(System.Object,System.Collections.Specialized.NotifyCollectionChangedEventArgs)
FNDA:0,System.Void TinyCMS.Commerce.Models.Product::Articles_CollectionChanged(System.Object,System.Collections.Specialized.NotifyCollectionChangedEventArgs)
DA:18,0
DA:19,0
DA:20,0
BRDA:19,8,0,0
BRDA:19,8,1,0
FN:22,System.String TinyCMS.Commerce.Models.Product::get_Model()
FNDA:0,System.String TinyCMS.Commerce.Models.Product::get_Model()
DA:23,0
FN:24,System.Collections.ObjectModel.ObservableCollection`1<TinyCMS.Commerce.Models.IShopArticleWithProperties> TinyCMS.Commerce.Models.Product::get_Articles()
FNDA:0,System.Collections.ObjectModel.ObservableCollection`1<TinyCMS.Commerce.Models.IShopArticleWithProperties> TinyCMS.Commerce.Models.Product::get_Articles()
DA:25,0
FN:30,System.Collections.Generic.IList`1<TinyCMS.Commerce.Models.IProperty> TinyCMS.Commerce.Models.Product::GetAvailableProperties()
FNDA:0,System.Collections.Generic.IList`1<TinyCMS.Commerce.Models.IProperty> TinyCMS.Commerce.Models.Product::GetAvailableProperties()
DA:31,0
DA:32,0
DA:33,0
DA:34,0
DA:35,0
DA:36,0
DA:37,0
DA:38,0
BRDA:33,50,1,0
BRDA:33,50,0,0
FN:40,System.Collections.Generic.IList`1<TinyCMS.Commerce.Models.IProperty> TinyCMS.Commerce.Models.Product::GetAvailableProperties(System.String)
FNDA:0,System.Collections.Generic.IList`1<TinyCMS.Commerce.Models.IProperty> TinyCMS.Commerce.Models.Product::GetAvailableProperties(System.String)
DA:41,0
DA:42,0
DA:43,0
FN:45,System.Collections.Generic.IList`1<System.String> TinyCMS.Commerce.Models.Product::GetAvailablePropertyTypes()
FNDA:0,System.Collections.Generic.IList`1<System.String> TinyCMS.Commerce.Models.Product::GetAvailablePropertyTypes()
DA:46,0
DA:47,0
DA:48,0
BRDA:47,13,0,0
BRDA:47,13,1,0
FN:50,System.Void TinyCMS.Commerce.Models.Product::Dispose()
FNDA:0,System.Void TinyCMS.Commerce.Models.Product::Dispose()
DA:51,0
DA:52,0
DA:53,0
FN:10,System.Void TinyCMS.Commerce.Models.Product::.ctor()
FNDA:0,System.Void TinyCMS.Commerce.Models.Product::.ctor()
DA:11,0
DA:12,0
DA:13,0
DA:14,0
DA:15,0
LF:27
LH:0
BRF:10
BRH:0
FNF:8
FNH:0
end_of_record
SF:/Users/johannystrom/practice/TinyCMS/src/TinyCMS.Commerce/Models/PropertyArticle.cs
FN:8,System.Collections.ObjectModel.ObservableCollection`1<TinyCMS.Commerce.Models.IProperty> TinyCMS.Commerce.Models.PropertyArticle::get_Properties()
FNDA:0,System.Collections.ObjectModel.ObservableCollection`1<TinyCMS.Commerce.Models.IProperty> TinyCMS.Commerce.Models.PropertyArticle::get_Properties()
DA:9,0
FN:9,System.String TinyCMS.Commerce.Models.PropertyArticle::get_Name()
FNDA:0,System.String TinyCMS.Commerce.Models.PropertyArticle::get_Name()
DA:10,0
FN:10,System.String TinyCMS.Commerce.Models.PropertyArticle::get_ArticleNr()
FNDA:0,System.String TinyCMS.Commerce.Models.PropertyArticle::get_ArticleNr()
DA:11,0
FN:11,System.Single TinyCMS.Commerce.Models.PropertyArticle::get_Price()
FNDA:0,System.Single TinyCMS.Commerce.Models.PropertyArticle::get_Price()
DA:12,0
FN:12,System.Single TinyCMS.Commerce.Models.PropertyArticle::get_Tax()
FNDA:0,System.Single TinyCMS.Commerce.Models.PropertyArticle::get_Tax()
DA:13,0
LF:5
LH:0
BRF:10
BRH:0
FNF:5
FNH:0
end_of_record
SF:/Users/johannystrom/practice/TinyCMS/src/TinyCMS.Commerce/Models/ShopArticle.cs
FN:7,System.Collections.ObjectModel.ObservableCollection`1<TinyCMS.Commerce.Models.IProperty> TinyCMS.Commerce.Models.ShopArticle::get_Properties()
FNDA:0,System.Collections.ObjectModel.ObservableCollection`1<TinyCMS.Commerce.Models.IProperty> TinyCMS.Commerce.Models.ShopArticle::get_Properties()
DA:8,0
FN:8,System.String TinyCMS.Commerce.Models.ShopArticle::get_Name()
FNDA:0,System.String TinyCMS.Commerce.Models.ShopArticle::get_Name()
DA:9,0
FN:9,System.String TinyCMS.Commerce.Models.ShopArticle::get_ArticleNr()
FNDA:0,System.String TinyCMS.Commerce.Models.ShopArticle::get_ArticleNr()
DA:10,0
FN:10,System.Single TinyCMS.Commerce.Models.ShopArticle::get_Price()
FNDA:0,System.Single TinyCMS.Commerce.Models.ShopArticle::get_Price()
DA:11,0
FN:11,System.Single TinyCMS.Commerce.Models.ShopArticle::get_Tax()
FNDA:0,System.Single TinyCMS.Commerce.Models.ShopArticle::get_Tax()
DA:12,0
LF:5
LH:0
BRF:10
BRH:0
FNF:5
FNH:0
end_of_record
SF:/Users/johannystrom/practice/TinyCMS/src/TinyCMS.Interfaces/IAuthenticationData.cs
FN:14,System.String TinyCMS.Security.RequireRoleAttribute::get_RequiredRole()
FNDA:3,System.String TinyCMS.Security.RequireRoleAttribute::get_RequiredRole()
DA:15,3
LF:1
LH:1
BRF:0
BRH:0
FNF:1
FNH:1
end_of_record
SF:/Users/johannystrom/practice/TinyCMS/src/TinyCMS.Interfaces/Attributes/EditorTypeAttribute.cs
FN:11,System.String TinyCMS.Data.EditorTypeAttribute::get_Editor()
FNDA:1,System.String TinyCMS.Data.EditorTypeAttribute::get_Editor()
DA:12,1
FN:6,System.Void TinyCMS.Data.EditorTypeAttribute::.ctor(System.String)
FNDA:1,System.Void TinyCMS.Data.EditorTypeAttribute::.ctor(System.String)
DA:7,1
DA:8,1
DA:9,1
DA:10,1
LF:5
LH:5
BRF:0
BRH:0
FNF:2
FNH:2
end_of_record
SF:/Users/johannystrom/practice/TinyCMS/src/TinyCMS.Interfaces/Attributes/SchemaTypeAttribute.cs
FN:13,System.String TinyCMS.Data.SchemaTypeAttribute::get_Schema()
FNDA:6,System.String TinyCMS.Data.SchemaTypeAttribute::get_Schema()
DA:14,6
FN:8,System.Void TinyCMS.Data.SchemaTypeAttribute::.ctor(System.String,System.Boolean)
FNDA:3,System.Void TinyCMS.Data.SchemaTypeAttribute::.ctor(System.String,System.Boolean)
DA:9,3
DA:10,3
DA:11,3
DA:12,3
BRDA:11,10,0,2
BRDA:11,10,1,1
FN:6,System.Void TinyCMS.Data.SchemaTypeAttribute::.cctor()
FNDA:1,System.Void TinyCMS.Data.SchemaTypeAttribute::.cctor()
DA:7,1
LF:6
LH:6
BRF:2
BRH:2
FNF:3
FNH:3
end_of_record
SF:/Users/johannystrom/practice/TinyCMS/src/TinyCMS.NodeSerializer/JsonStreamWriter.cs
FN:17,System.Void TinyCMS.Serializer.JsonStreamWriter::WriteKeyAndValue(System.String,System.Object)
FNDA:221,System.Void TinyCMS.Serializer.JsonStreamWriter::WriteKeyAndValue(System.String,System.Object)
DA:18,221
DA:19,221
DA:20,221
DA:21,221
FN:23,System.Void TinyCMS.Serializer.JsonStreamWriter::WriteKey(System.String)
FNDA:247,System.Void TinyCMS.Serializer.JsonStreamWriter::WriteKey(System.String)
DA:24,247
DA:25,247
DA:26,247
DA:27,247
FN:34,System.Void TinyCMS.Serializer.JsonStreamWriter::WriteValue(System.Object)
FNDA:250,System.Void TinyCMS.Serializer.JsonStreamWriter::WriteValue(System.Object)
DA:35,250
DA:36,250
DA:39,151
DA:40,151
DA:42,13
DA:43,13
DA:45,13
DA:46,13
DA:48,13
DA:49,13
DA:51,15
DA:52,15
DA:54,13
DA:55,13
DA:57,13
DA:58,13
DA:60,1
DA:61,1
DA:63,3
DA:64,3
DA:66,15
DA:67,15
DA:69,250
BRDA:36,8,1,250
BRDA:36,23,1,99
BRDA:36,39,0,13
BRDA:36,39,1,86
BRDA:36,63,0,13
BRDA:36,63,1,73
BRDA:36,87,1,60
BRDA:36,103,0,15
BRDA:36,103,1,45
BRDA:36,128,0,13
BRDA:36,128,1,32
BRDA:36,153,0,13
BRDA:36,153,1,19
BRDA:36,178,1,18
BRDA:36,23,0,151
BRDA:36,87,0,13
BRDA:36,178,0,1
BRDA:36,194,0,3
BRDA:36,8,0,15
BRDA:36,194,1,15
FN:71,System.String TinyCMS.Serializer.JsonStreamWriter::EscapeString(System.String)
FNDA:151,System.String TinyCMS.Serializer.JsonStreamWriter::EscapeString(System.String)
DA:72,151
DA:73,151
DA:74,151
DA:75,151
DA:76,151
DA:77,151
DA:78,151
FN:80,System.Void TinyCMS.Serializer.JsonStreamWriter::WriteString(System.String)
FNDA:411,System.Void TinyCMS.Serializer.JsonStreamWriter::WriteString(System.String)
DA:81,411
DA:82,411
DA:83,411
DA:84,411
DA:85,411
FN:86,System.Void TinyCMS.Serializer.JsonStreamWriter::WriteBool(System.Boolean)
FNDA:13,System.Void TinyCMS.Serializer.JsonStreamWriter::WriteBool(System.Boolean)
DA:87,13
BRDA:87,2,0,12
BRDA:87,2,1,1
FN:87,System.Void TinyCMS.Serializer.JsonStreamWriter::WriteDateTime(System.DateTime)
FNDA:13,System.Void TinyCMS.Serializer.JsonStreamWriter::WriteDateTime(System.DateTime)
DA:88,13
FN:88,System.Void TinyCMS.Serializer.JsonStreamWriter::WriteEnum(System.Enum)
FNDA:13,System.Void TinyCMS.Serializer.JsonStreamWriter::WriteEnum(System.Enum)
DA:89,13
FN:89,System.Void TinyCMS.Serializer.JsonStreamWriter::WriteNumber(System.Int32)
FNDA:15,System.Void TinyCMS.Serializer.JsonStreamWriter::WriteNumber(System.Int32)
DA:90,15
FN:90,System.Void TinyCMS.Serializer.JsonStreamWriter::WriteNumber(System.Single)
FNDA:13,System.Void TinyCMS.Serializer.JsonStreamWriter::WriteNumber(System.Single)
DA:91,13
FN:91,System.Void TinyCMS.Serializer.JsonStreamWriter::WriteNumber(System.Double)
FNDA:13,System.Void TinyCMS.Serializer.JsonStreamWriter::WriteNumber(System.Double)
DA:92,13
FN:94,System.Void TinyCMS.Serializer.JsonStreamWriter::WriteArray(System.Collections.Generic.IEnumerable`1<T>,System.Action`1<T>)
FNDA:15,System.Void TinyCMS.Serializer.JsonStreamWriter::WriteArray(System.Collections.Generic.IEnumerable`1<T>,System.Action`1<T>)
DA:95,15
DA:96,15
DA:97,15
DA:98,15
DA:99,15
FN:101,System.Void TinyCMS.Serializer.JsonStreamWriter::WriteCommaSeparated(System.Collections.Generic.IEnumerable`1<T>,System.Action`1<T>)
FNDA:15,System.Void TinyCMS.Serializer.JsonStreamWriter::WriteCommaSeparated(System.Collections.Generic.IEnumerable`1<T>,System.Action`1<T>)
DA:102,15
DA:103,15
DA:104,15
FN:106,System.Void TinyCMS.Serializer.JsonStreamWriter::IterateCommaSeparated(System.Collections.Generic.IEnumerator`1<T>,System.Action`1<T>)
FNDA:44,System.Void TinyCMS.Serializer.JsonStreamWriter::IterateCommaSeparated(System.Collections.Generic.IEnumerator`1<T>,System.Action`1<T>)
DA:107,44
DA:108,44
DA:109,194
DA:110,150
DA:111,150
DA:112,119
DA:113,119
DA:114,119
DA:115,150
DA:116,150
DA:117,150
DA:118,44
BRDA:109,49,1,150
BRDA:111,12,0,119
BRDA:111,12,1,150
BRDA:109,49,0,44
FN:120,System.Void TinyCMS.Serializer.JsonStreamWriter::WriteCommaSeparated(System.Collections.Generic.Dictionary`2<TKey,TValue>,System.Action`2<TKey,TValue>)
FNDA:29,System.Void TinyCMS.Serializer.JsonStreamWriter::WriteCommaSeparated(System.Collections.Generic.Dictionary`2<TKey,TValue>,System.Action`2<TKey,TValue>)
DA:121,29
DA:122,131
DA:123,29
FN:125,System.Void TinyCMS.Serializer.JsonStreamWriter::WriteObject(System.Collections.Generic.Dictionary`2<System.String,System.Object>)
FNDA:16,System.Void TinyCMS.Serializer.JsonStreamWriter::WriteObject(System.Collections.Generic.Dictionary`2<System.String,System.Object>)
DA:126,16
DA:127,16
DA:128,16
DA:129,16
DA:130,16
FN:14,System.Void TinyCMS.Serializer.JsonStreamWriter::.ctor(System.IO.Stream)
FNDA:87,System.Void TinyCMS.Serializer.JsonStreamWriter::.ctor(System.IO.Stream)
DA:15,87
LF:78
LH:78
BRF:26
BRH:26
FNF:17
FNH:17
end_of_record
SF:/Users/johannystrom/practice/TinyCMS/src/TinyCMS.NodeSerializer/NodeSerializer.cs
FN:22,System.ArraySegment`1<System.Byte> TinyCMS.Serializer.NodeSerializer::ToArraySegment(TinyCMS.Interfaces.INode,System.Boolean)
FNDA:21,System.ArraySegment`1<System.Byte> TinyCMS.Serializer.NodeSerializer::ToArraySegment(TinyCMS.Interfaces.INode,System.Boolean)
DA:23,21
DA:24,21
DA:25,16
DA:26,16
DA:27,16
DA:29,21
DA:30,21
DA:31,21
DA:32,21
DA:33,21
DA:34,21
DA:35,21
DA:36,21
DA:38,21
BRDA:24,12,0,16
BRDA:24,12,1,21
FN:17,System.Void TinyCMS.Serializer.NodeSerializer::.ctor(TinyCMS.Interfaces.IContainer)
FNDA:22,System.Void TinyCMS.Serializer.NodeSerializer::.ctor(TinyCMS.Interfaces.IContainer)
DA:18,22
DA:19,22
DA:20,22
DA:21,22
LF:18
LH:18
BRF:2
BRH:2
FNF:2
FNH:2
end_of_record
SF:/Users/johannystrom/practice/TinyCMS/src/TinyCMS.NodeSerializer/NodeStreamWriter.cs
FN:17,TinyCMS.Interfaces.IContainer TinyCMS.Serializer.NodeStreamWriter::get_Container()
FNDA:28,TinyCMS.Interfaces.IContainer TinyCMS.Serializer.NodeStreamWriter::get_Container()
DA:18,28
FN:34,System.Void TinyCMS.Serializer.NodeStreamWriter::WriteNode(TinyCMS.Interfaces.INode,System.Boolean,System.String[])
FNDA:21,System.Void TinyCMS.Serializer.NodeStreamWriter::WriteNode(TinyCMS.Interfaces.INode,System.Boolean,System.String[])
DA:35,21
DA:37,21
DA:38,21
FN:40,System.Void TinyCMS.Serializer.NodeStreamWriter::WriteNode(TinyCMS.Interfaces.INode,System.Int32,System.Boolean,System.String[])
FNDA:41,System.Void TinyCMS.Serializer.NodeStreamWriter::WriteNode(TinyCMS.Interfaces.INode,System.Int32,System.Boolean,System.String[])
DA:41,41
DA:42,41
DA:43,41
DA:44,1
DA:45,1
DA:46,1
DA:49,40
DA:51,40
DA:52,7
DA:53,7
DA:54,7
DA:55,20
DA:56,7
DA:57,40
DA:58,28
DA:59,28
DA:60,28
DA:61,5
DA:62,5
DA:63,5
DA:64,11
DA:65,5
DA:66,28
DA:68,40
DA:69,40
DA:70,40
DA:71,13
DA:72,13
DA:73,13
DA:74,13
DA:76,40
DA:77,41
BRDA:43,44,0,1
BRDA:43,44,1,40
BRDA:51,79,0,7
BRDA:51,79,1,40
BRDA:57,134,0,28
BRDA:60,162,0,5
BRDA:60,162,1,28
BRDA:57,134,1,40
BRDA:70,239,0,13
BRDA:70,239,1,40
FN:79,System.Void TinyCMS.Serializer.NodeStreamWriter::WriteNodeProperties(TinyCMS.Interfaces.INode)
FNDA:40,System.Void TinyCMS.Serializer.NodeStreamWriter::WriteNodeProperties(TinyCMS.Interfaces.INode)
DA:80,40
DA:81,40
DA:82,40
DA:83,40
DA:85,40
DA:86,16
DA:87,16
DA:88,16
DA:89,16
DA:90,40
BRDA:85,72,0,16
BRDA:85,72,1,40
FN:92,System.Void TinyCMS.Serializer.NodeStreamWriter::WriteValue(System.Object)
FNDA:228,System.Void TinyCMS.Serializer.NodeStreamWriter::WriteValue(System.Object)
DA:93,228
DA:94,228
DA:95,1
DA:96,1
DA:97,1
DA:99,227
DA:100,227
DA:101,227
DA:102,228
BRDA:94,14,0,1
BRDA:94,14,1,227
FN:19,System.Void TinyCMS.Serializer.NodeStreamWriter::.ctor(System.IO.Stream,TinyCMS.Interfaces.IContainer)
FNDA:22,System.Void TinyCMS.Serializer.NodeStreamWriter::.ctor(System.IO.Stream,TinyCMS.Interfaces.IContainer)
DA:20,22
DA:21,22
DA:22,22
DA:23,22
LF:59
LH:59
BRF:14
BRH:14
FNF:6
FNH:6
end_of_record
SF:/Users/johannystrom/practice/TinyCMS/src/TinyCMS.NodeSerializer/SchemaSerializer.cs
FN:17,System.Void TinyCMS.Serializer.SchemaSerializer::StreamSchema(System.Type,System.IO.Stream)
FNDA:7,System.Void TinyCMS.Serializer.SchemaSerializer::StreamSchema(System.Type,System.IO.Stream)
DA:18,7
DA:19,7
DA:20,7
DA:21,7
DA:22,7
FN:24,System.Void TinyCMS.Serializer.SchemaSerializer::StreamTypes(System.IO.Stream,System.Collections.Generic.IEnumerable`1<System.String>)
FNDA:1,System.Void TinyCMS.Serializer.SchemaSerializer::StreamTypes(System.IO.Stream,System.Collections.Generic.IEnumerable`1<System.String>)
DA:25,1
DA:26,1
DA:27,1
DA:28,1
LF:9
LH:9
BRF:0
BRH:0
FNF:2
FNH:2
end_of_record
SF:/Users/johannystrom/practice/TinyCMS/src/TinyCMS.NodeSerializer/SchemaStreamWriter.cs
FN:20,System.Void TinyCMS.Serializer.SchemaStreamWriter::WriteSchema(System.Type)
FNDA:7,System.Void TinyCMS.Serializer.SchemaStreamWriter::WriteSchema(System.Type)
DA:21,7
DA:22,7
DA:23,7
DA:24,7
DA:25,1
DA:26,1
DA:27,1
DA:28,1
DA:29,7
DA:30,7
DA:31,7
DA:32,7
DA:33,7
DA:34,7
DA:35,7
DA:36,7
DA:37,7
BRDA:24,76,0,1
BRDA:24,76,1,7
FN:39,System.Void TinyCMS.Serializer.SchemaStreamWriter::WriteSchemaProperties(System.Type)
FNDA:7,System.Void TinyCMS.Serializer.SchemaStreamWriter::WriteSchemaProperties(System.Type)
DA:40,7
DA:41,7
DA:42,42
DA:43,7
DA:44,7
DA:45,1
DA:46,1
DA:47,1
DA:48,7
DA:49,7
DA:50,7
DA:51,7
DA:53,7
DA:54,1
DA:55,1
DA:56,1
DA:57,1
DA:58,7
DA:59,7
DA:60,7
DA:61,7
BRDA:42,16,0,1
BRDA:42,16,1,7
BRDA:42,216,1,7
BRDA:44,73,0,1
BRDA:44,73,1,7
BRDA:53,166,0,1
BRDA:53,166,1,7
BRDA:42,216,0,7
[...]
end_of_record
SF:/Users/johannystrom/practice/TinyCMS/src/TinyCMS.SocketServer/MoveData.cs
FN:7,System.String TinyCMS.SocketServer.MoveData::get_ParentId()
FNDA:6,System.String TinyCMS.SocketServer.MoveData::get_ParentId()
DA:8,6
FN:8,System.String TinyCMS.SocketServer.MoveData::get_OldParentId()
FNDA:6,System.String TinyCMS.SocketServer.MoveData::get_OldParentId()
DA:9,6
FN:9,System.String TinyCMS.SocketServer.MoveData::get_Id()
FNDA:4,System.String TinyCMS.SocketServer.MoveData::get_Id()
DA:10,4
FN:10,System.Int32 TinyCMS.SocketServer.MoveData::get_NewIndex()
FNDA:3,System.Int32 TinyCMS.SocketServer.MoveData::get_NewIndex()
DA:11,3
LF:4
LH:4
BRF:0
BRH:0
FNF:4
FNH:4
end_of_record
SF:/Users/johannystrom/practice/TinyCMS/src/TinyCMS.Proxy/ApplicationBuilderExtensions.cs
FN:8,Microsoft.AspNetCore.Builder.IApplicationBuilder TinyCMS.Proxy.ApplicationBuilderExtensions::UseProxy(Microsoft.AspNetCore.Builder.IApplicationBuilder,TinyCMS.Proxy.ProxyOptions)
FNDA:1,Microsoft.AspNetCore.Builder.IApplicationBuilder TinyCMS.Proxy.ApplicationBuilderExtensions::UseProxy(Microsoft.AspNetCore.Builder.IApplicationBuilder,TinyCMS.Proxy.ProxyOptions)
DA:9,1
DA:10,1
DA:11,1
FN:13,Microsoft.AspNetCore.Builder.IApplicationBuilder TinyCMS.Proxy.ApplicationBuilderExtensions::UseProxy(Microsoft.AspNetCore.Builder.IApplicationBuilder,System.String,System.String)
FNDA:1,Microsoft.AspNetCore.Builder.IApplicationBuilder TinyCMS.Proxy.ApplicationBuilderExtensions::UseProxy(Microsoft.AspNetCore.Builder.IApplicationBuilder,System.String,System.String)
DA:14,1
DA:15,1
DA:16,1
DA:17,1
DA:18,1
DA:19,1
DA:20,1
LF:10
LH:10
BRF:0
BRH:0
FNF:2
FNH:2
end_of_record
SF:/Users/johannystrom/practice/TinyCMS/src/TinyCMS.Proxy/ProxyExtensions.cs
FN:16,System.Net.Http.HttpRequestMessage TinyCMS.Proxy.ProxyExtensions::CreateProxyHttpRequest(Microsoft.AspNetCore.Http.HttpContext,System.Uri)
FNDA:0,System.Net.Http.HttpRequestMessage TinyCMS.Proxy.ProxyExtensions::CreateProxyHttpRequest(Microsoft.AspNetCore.Http.HttpContext,System.Uri)
DA:17,0
DA:18,0
DA:20,0
DA:21,0
DA:22,0
DA:23,0
DA:24,0
DA:25,0
DA:26,0
DA:27,0
DA:28,0
DA:29,0
DA:32,0
DA:33,0
DA:34,0
DA:35,0
DA:36,0
DA:37,0
DA:38,0
DA:40,0
DA:41,0
DA:42,0
DA:44,0
DA:45,0
BRDA:22,27,0,0
BRDA:22,35,0,0
BRDA:22,43,0,0
BRDA:22,27,1,0
BRDA:22,35,1,0
BRDA:22,43,1,0
BRDA:22,59,0,0
BRDA:22,59,1,0
BRDA:32,221,1,0
BRDA:34,145,0,0
BRDA:34,145,1,0
BRDA:34,163,0,0
BRDA:36,173,0,0
BRDA:36,173,1,0
BRDA:34,163,1,0
BRDA:32,221,0,0
FN:61,System.Threading.Tasks.Task`1<System.Net.Http.HttpResponseMessage> TinyCMS.Proxy.ProxyExtensions::SendProxyHttpRequest(Microsoft.AspNetCore.Http.HttpContext,System.Net.Http.HttpRequestMessage)
FNDA:0,System.Threading.Tasks.Task`1<System.Net.Http.HttpResponseMessage> TinyCMS.Proxy.ProxyExtensions::SendProxyHttpRequest(Microsoft.AspNetCore.Http.HttpContext,System.Net.Http.HttpRequestMessage)
DA:62,0
DA:63,0
DA:64,0
DA:65,0
DA:68,0
DA:70,0
DA:71,0
BRDA:63,7,0,0
BRDA:63,7,1,0
FN:47,System.Void TinyCMS.Proxy.ProxyExtensions/<ProxyRequest>d__2::MoveNext()
FNDA:0,System.Void TinyCMS.Proxy.ProxyExtensions/<ProxyRequest>d__2::MoveNext()
DA:48,0
DA:49,0
DA:50,0
DA:51,0
DA:52,0
DA:53,0
DA:54,0
DA:55,0
DA:56,0
DA:57,0
DA:58,0
DA:59,0
BRDA:49,37,0,0
BRDA:51,68,0,0
BRDA:51,74,0,0
BRDA:53,116,0,0
BRDA:51,68,1,0
BRDA:53,116,1,0
BRDA:51,74,1,0
BRDA:53,220,0,0
BRDA:55,258,0,0
BRDA:53,220,1,0
BRDA:55,258,1,0
BRDA:49,37,1,0
FN:73,System.Void TinyCMS.Proxy.ProxyExtensions/<CopyProxyHttpResponse>d__4::MoveNext()
FNDA:0,System.Void TinyCMS.Proxy.ProxyExtensions/<CopyProxyHttpResponse>d__4::MoveNext()
DA:74,0
DA:75,0
DA:76,0
DA:77,0
DA:80,0
DA:82,0
DA:83,0
DA:84,0
DA:85,0
DA:86,0
DA:88,0
DA:89,0
DA:90,0
DA:91,0
DA:94,0
DA:96,0
DA:97,0
DA:98,0
DA:99,0
DA:100,0
BRDA:74,14,0,0
BRDA:75,40,0,0
BRDA:75,40,1,0
BRDA:83,210,1,0
BRDA:83,210,0,0
BRDA:88,367,1,0
BRDA:88,367,0,0
BRDA:96,454,0,0
BRDA:96,454,1,0
BRDA:74,14,1,0
BRDA:96,558,0,0
BRDA:98,617,0,0
BRDA:96,558,1,0
BRDA:98,617,1,0
LF:63
LH:0
BRF:44
BRH:0
FNF:4
FNH:0
end_of_record
SF:/Users/johannystrom/practice/TinyCMS/src/TinyCMS.Proxy/ProxyMiddleware.cs
FN:19,System.Threading.Tasks.Task TinyCMS.Proxy.ProxyMiddleware::Invoke(Microsoft.AspNetCore.Http.HttpContext)
FNDA:2,System.Threading.Tasks.Task TinyCMS.Proxy.ProxyMiddleware::Invoke(Microsoft.AspNetCore.Http.HttpContext)
DA:20,2
DA:21,2
DA:22,2
DA:23,0
DA:24,0
DA:26,0
DA:27,0
DA:30,2
DA:31,2
BRDA:22,38,0,0
BRDA:22,38,1,2
FN:12,System.Void TinyCMS.Proxy.ProxyMiddleware::.ctor(Microsoft.AspNetCore.Http.RequestDelegate,Microsoft.Extensions.Options.IOptions`1<TinyCMS.Proxy.ProxyOptions>)
FNDA:1,System.Void TinyCMS.Proxy.ProxyMiddleware::.ctor(Microsoft.AspNetCore.Http.RequestDelegate,Microsoft.Extensions.Options.IOptions`1<TinyCMS.Proxy.ProxyOptions>)
DA:13,1
DA:14,1
DA:15,1
DA:16,1
DA:17,1
LF:14
LH:10
BRF:2
BRH:1
FNF:2
FNH:2
end_of_record
SF:/Users/johannystrom/practice/TinyCMS/src/TinyCMS.Proxy/ProxyOptions.cs
FN:4,System.String TinyCMS.Proxy.ProxyOptions::get_LocalUrl()
FNDA:3,System.String TinyCMS.Proxy.ProxyOptions::get_LocalUrl()
DA:5,3
FN:5,System.String TinyCMS.Proxy.ProxyOptions::get_Destination()
FNDA:1,System.String TinyCMS.Proxy.ProxyOptions::get_Destination()
DA:6,1
FN:6,System.String TinyCMS.Proxy.ProxyOptions::get_Scheme()
FNDA:1,System.String TinyCMS.Proxy.ProxyOptions::get_Scheme()
DA:7,1
LF:3
LH:3
BRF:0
BRH:0
FNF:3
FNH:3
end_of_record
SF:/Users/johannystrom/practice/TinyCMS/src/TinyCMS.Proxy/ProxyService.cs
FN:12,System.Net.Http.HttpClient TinyCMS.Proxy.ProxyService::get_Client()
FNDA:0,System.Net.Http.HttpClient TinyCMS.Proxy.ProxyService::get_Client()
DA:13,0
FN:7,System.Void TinyCMS.Proxy.ProxyService::.ctor()
FNDA:0,System.Void TinyCMS.Proxy.ProxyService::.ctor()
DA:8,0
DA:9,0
DA:10,0
DA:11,0
LF:5
LH:0
BRF:0
BRH:0
FNF:2
FNH:0
end_of_record
SF:/Users/johannystrom/practice/TinyCMS/src/TinyCMS.Proxy/ServiceCollectionExtensions.cs
FN:9,Microsoft.Extensions.DependencyInjection.IServiceCollection TinyCMS.Proxy.ServiceCollectionExtensions::AddProxy(Microsoft.Extensions.DependencyInjection.IServiceCollection)
FNDA:1,Microsoft.Extensions.DependencyInjection.IServiceCollection TinyCMS.Proxy.ServiceCollectionExtensions::AddProxy(Microsoft.Extensions.DependencyInjection.IServiceCollection)
DA:10,1
DA:11,1
DA:12,1
DA:13,1
LF:4
LH:4
BRF:0
BRH:0
FNF:1
FNH:1
end_of_record
SF:/Users/johannystrom/practice/TinyCMS/src/TinyCMS.Node.ResizeImage/DefaultResizeRequest.cs
FN:4,System.String TinyCMS.Node.ResizeImage.DefaultResizeRequest::get_Url()
FNDA:0,System.String TinyCMS.Node.ResizeImage.DefaultResizeRequest::get_Url()
DA:5,0
FN:5,System.String TinyCMS.Node.ResizeImage.DefaultResizeRequest::get_CustomData()
FNDA:0,System.String TinyCMS.Node.ResizeImage.DefaultResizeRequest::get_CustomData()
DA:6,0
LF:2
LH:0
BRF:0
BRH:0
FNF:2
FNH:0
end_of_record
SF:/Users/johannystrom/practice/TinyCMS/src/TinyCMS.Node.ResizeImage/DefaultResizeResponse.cs
FN:6,System.String TinyCMS.Node.ResizeImage.DefaultResizeResponse::get_Token()
FNDA:0,System.String TinyCMS.Node.ResizeImage.DefaultResizeResponse::get_Token()
DA:7,0
FN:7,System.String TinyCMS.Node.ResizeImage.DefaultResizeResponse::get_Url()
FNDA:0,System.String TinyCMS.Node.ResizeImage.DefaultResizeResponse::get_Url()
DA:8,0
FN:8,System.String TinyCMS.Node.ResizeImage.DefaultResizeResponse::get_CustomData()
FNDA:0,System.String TinyCMS.Node.ResizeImage.DefaultResizeResponse::get_CustomData()
DA:9,0
LF:3
LH:0
BRF:0
BRH:0
FNF:3
FNH:0
end_of_record
SF:/Users/johannystrom/practice/TinyCMS/src/TinyCMS.Node.ResizeImage/ImageResizeHelper.cs
FN:13,TinyCMS.Node.ResizeImage.ImageResizeHelper TinyCMS.Node.ResizeImage.ImageResizeHelper::get_Instance()
FNDA:0,TinyCMS.Node.ResizeImage.ImageResizeHelper TinyCMS.Node.ResizeImage.ImageResizeHelper::get_Instance()
DA:14,0
DA:15,0
DA:16,0
DA:17,0
DA:18,0
DA:19,0
DA:20,0
BRDA:15,11,0,0
BRDA:15,11,1,0
FN:26,TinyCMS.Node.ResizeImage.ImageResizeHelper TinyCMS.Node.ResizeImage.ImageResizeHelper::SetResizeBackendUrl(System.String)
FNDA:0,TinyCMS.Node.ResizeImage.ImageResizeHelper TinyCMS.Node.ResizeImage.ImageResizeHelper::SetResizeBackendUrl(System.String)
DA:27,0
DA:28,0
DA:29,0
DA:30,0
FN:32,TinyCMS.Node.ResizeImage.ImageResizeHelper TinyCMS.Node.ResizeImage.ImageResizeHelper::SetResponseType(System.Type)
FNDA:0,TinyCMS.Node.ResizeImage.ImageResizeHelper TinyCMS.Node.ResizeImage.ImageResizeHelper::SetResponseType(System.Type)
DA:33,0
DA:34,0
DA:35,0
DA:36,0
FN:40,System.Void TinyCMS.Node.ResizeImage.ImageResizeHelper::GetResizedImageUrl(System.String,System.Action`1<TinyCMS.Node.ResizeImage.IResizeResponse>)
FNDA:0,System.Void TinyCMS.Node.ResizeImage.ImageResizeHelper::GetResizedImageUrl(System.String,System.Action`1<TinyCMS.Node.ResizeImage.IResizeResponse>)
DA:41,0
DA:42,0
DA:43,0
DA:44,0
DA:45,0
DA:46,0
DA:47,0
DA:48,0
DA:49,0
DA:50,0
DA:51,0
DA:52,0
DA:53,0
DA:54,0
DA:55,0
DA:56,0
DA:57,0
DA:58,0
DA:59,0
DA:60,0
DA:61,0
DA:62,0
DA:63,0
DA:64,0
DA:65,0
DA:66,0
DA:67,0
DA:68,0
DA:69,0
DA:70,0
DA:71,0
DA:72,0
DA:73,0
DA:74,0
DA:75,0
DA:76,0
DA:77,0
FN:22,System.Void TinyCMS.Node.ResizeImage.ImageResizeHelper::.ctor()
FNDA:0,System.Void TinyCMS.Node.ResizeImage.ImageResizeHelper::.ctor()
DA:23,0
DA:24,0
LF:54
LH:0
BRF:20
BRH:0
FNF:5
FNH:0
end_of_record
SF:/Users/johannystrom/practice/TinyCMS/src/TinyCMS.Node.ResizeImage/ResizeImage.cs
FN:10,System.String TinyCMS.Node.ResizeImage.ResizeImage::get_Type()
FNDA:1,System.String TinyCMS.Node.ResizeImage.ResizeImage::get_Type()
DA:11,1
FN:15,System.String TinyCMS.Node.ResizeImage.ResizeImage::get_SourceUrl()
FNDA:0,System.String TinyCMS.Node.ResizeImage.ResizeImage::get_SourceUrl()
DA:16,0
FN:17,System.Void TinyCMS.Node.ResizeImage.ResizeImage::set_SourceUrl(System.String)
FNDA:0,System.Void TinyCMS.Node.ResizeImage.ResizeImage::set_SourceUrl(System.String)
DA:18,0
DA:19,0
DA:20,0
DA:21,0
DA:22,0
DA:23,0
DA:24,0
DA:25,0
DA:26,0
DA:27,0
BRDA:19,15,0,0
BRDA:22,47,0,0
BRDA:19,15,1,0
BRDA:22,47,1,0
FN:30,System.Void TinyCMS.Node.ResizeImage.ResizeImage::FetchDownloadUrl()
FNDA:0,System.Void TinyCMS.Node.ResizeImage.ResizeImage::FetchDownloadUrl()
DA:31,0
DA:32,0
DA:33,0
DA:34,0
DA:35,0
DA:36,0
DA:37,0
FN:39,System.String TinyCMS.Node.ResizeImage.ResizeImage::get_DownloadUrl()
FNDA:0,System.String TinyCMS.Node.ResizeImage.ResizeImage::get_DownloadUrl()
DA:40,0
FN:40,System.Double TinyCMS.Node.ResizeImage.ResizeImage::get_Width()
FNDA:0,System.Double TinyCMS.Node.ResizeImage.ResizeImage::get_Width()
DA:41,0
FN:41,System.Double TinyCMS.Node.ResizeImage.ResizeImage::get_Height()
FNDA:0,System.Double TinyCMS.Node.ResizeImage.ResizeImage::get_Height()
DA:42,0
FN:42,System.String TinyCMS.Node.ResizeImage.ResizeImage::get_Alt()
FNDA:0,System.String TinyCMS.Node.ResizeImage.ResizeImage::get_Alt()
DA:43,0
LF:23
LH:1
BRF:12
BRH:0
FNF:8
FNH:1
end_of_record
SF:/Users/johannystrom/practice/TinyCMS/src/TinyCMS.FileStorage/BinaryStorageService.cs
FN:19,T TinyCMS.FileStorage.BinaryStorageService::LoadContainer(System.String)
FNDA:0,T TinyCMS.FileStorage.BinaryStorageService::LoadContainer(System.String)
DA:20,0
DA:21,0
DA:22,0
DA:23,0
DA:24,0
DA:25,0
DA:26,0
DA:29,0
DA:30,0
BRDA:22,27,0,0
BRDA:22,27,1,0
FN:32,System.Void TinyCMS.FileStorage.BinaryStorageService::SaveContainer(TinyCMS.Interfaces.IContainer,System.String)
FNDA:0,System.Void TinyCMS.FileStorage.BinaryStorageService::SaveContainer(TinyCMS.Interfaces.IContainer,System.String)
DA:33,0
DA:34,0
DA:35,0
DA:36,0
DA:37,0
DA:38,0
DA:39,0
DA:40,0
FN:12,System.Void TinyCMS.FileStorage.BinaryStorageService::.ctor(TinyCMS.Storage.IFileStorageService)
FNDA:0,System.Void TinyCMS.FileStorage.BinaryStorageService::.ctor(TinyCMS.Storage.IFileStorageService)
DA:13,0
DA:14,0
DA:15,0
DA:16,0
DA:17,0
LF:22
LH:0
BRF:2
BRH:0
FNF:3
FNH:0
end_of_record
SF:/Users/johannystrom/practice/TinyCMS/src/TinyCMS.FileStorage/JsonStorageService.cs
FN:22,T TinyCMS.FileStorage.JsonStorageService::LoadContainer(System.String)
FNDA:1,T TinyCMS.FileStorage.JsonStorageService::LoadContainer(System.String)
DA:23,1
DA:24,1
DA:25,1
DA:26,1
DA:27,1
DA:28,1
DA:29,1
DA:30,1
DA:31,1
DA:32,1
DA:33,1
DA:38,0
DA:40,1
BRDA:25,27,0,1
BRDA:25,27,1,0
FN:42,System.Void TinyCMS.FileStorage.JsonStorageService::SaveContainer(TinyCMS.Interfaces.IContainer,System.String)
FNDA:0,System.Void TinyCMS.FileStorage.JsonStorageService::SaveContainer(TinyCMS.Interfaces.IContainer,System.String)
DA:43,0
DA:44,0
DA:45,0
DA:46,0
DA:47,0
DA:48,0
DA:50,0
DA:51,0
DA:52,0
DA:53,0
DA:54,0
DA:55,0
DA:57,0
DA:58,0
DA:59,0
DA:60,0
DA:61,0
DA:63,0
DA:64,0
DA:65,0
DA:66,0
DA:67,0
BRDA:45,27,0,0
BRDA:45,27,1,0
FN:15,System.Void TinyCMS.FileStorage.JsonStorageService::.ctor(TinyCMS.Storage.IFileStorageService)
FNDA:1,System.Void TinyCMS.FileStorage.JsonStorageService::.ctor(TinyCMS.Storage.IFileStorageService)
DA:16,1
DA:17,1
DA:18,1
DA:19,1
DA:20,1
LF:40
LH:17
BRF:4
BRH:1
FNF:3
FNH:2
end_of_record
SF:/Users/johannystrom/practice/TinyCMS/src/TinyCMS.FileStorage/NodeFileStorage.cs
FN:28,TinyCMS.Interfaces.IContainer TinyCMS.FileStorage.NodeFileStorage`1::Load()
FNDA:1,TinyCMS.Interfaces.IContainer TinyCMS.FileStorage.NodeFileStorage`1::Load()
DA:29,1
DA:30,1
DA:32,1
DA:33,1
DA:34,1
DA:35,0
DA:36,0
DA:37,0
DA:38,0
DA:39,1
DA:40,0
DA:41,1
DA:42,1
DA:43,1
DA:44,1
DA:45,1
BRDA:39,53,0,0
BRDA:39,53,1,1
FN:47,T TinyCMS.FileStorage.NodeFileStorage`1::GenerateNewContainerData()
FNDA:0,T TinyCMS.FileStorage.NodeFileStorage`1::GenerateNewContainerData()
DA:48,0
DA:49,0
DA:50,0
DA:51,0
DA:52,0
DA:53,0
DA:54,0
DA:55,0
DA:56,0
DA:57,0
FN:59,System.Void TinyCMS.FileStorage.NodeFileStorage`1::StartSaveThread()
FNDA:0,System.Void TinyCMS.FileStorage.NodeFileStorage`1::StartSaveThread()
DA:60,0
DA:61,0
DA:62,0
DA:63,0
DA:64,0
DA:65,0
DA:66,0
DA:67,0
DA:68,0
DA:69,0
BRDA:62,26,0,0
BRDA:62,26,1,0
FN:71,System.Void TinyCMS.FileStorage.NodeFileStorage`1::Store(TinyCMS.Interfaces.IContainer)
FNDA:0,System.Void TinyCMS.FileStorage.NodeFileStorage`1::Store(TinyCMS.Interfaces.IContainer)
DA:72,0
DA:74,0
DA:75,0
DA:76,0
DA:77,0
DA:78,0
DA:79,0
DA:80,0
DA:83,0
FN:22,System.Void TinyCMS.FileStorage.NodeFileStorage`1::.ctor(TinyCMS.FileStorage.IStorageService)
FNDA:1,System.Void TinyCMS.FileStorage.NodeFileStorage`1::.ctor(TinyCMS.FileStorage.IStorageService)
DA:23,1
DA:24,1
DA:25,1
DA:26,1
LF:49
LH:15
BRF:4
BRH:1
FNF:5
FNH:2
end_of_record
SF:/Users/johannystrom/practice/TinyCMS/src/TinyCMS.FileStorage/Storage/Directory.cs
FN:10,System.String TinyCMS.FileStorage.Storage.Directory::get_Name()
FNDA:0,System.String TinyCMS.FileStorage.Storage.Directory::get_Name()
DA:11,0
FN:12,TinyCMS.Storage.IDirectory TinyCMS.FileStorage.Storage.Directory::get_Parent()
FNDA:1,TinyCMS.Storage.IDirectory TinyCMS.FileStorage.Storage.Directory::get_Parent()
DA:13,1
FN:25,System.IO.DirectoryInfo TinyCMS.FileStorage.Storage.Directory::get_directoryInfo()
FNDA:1,System.IO.DirectoryInfo TinyCMS.FileStorage.Storage.Directory::get_directoryInfo()
DA:26,1
DA:27,1
DA:28,1
FN:31,System.Collections.Generic.IEnumerable`1<TinyCMS.Storage.IFile> TinyCMS.FileStorage.Storage.Directory::GetFiles()
FNDA:0,System.Collections.Generic.IEnumerable`1<TinyCMS.Storage.IFile> TinyCMS.FileStorage.Storage.Directory::GetFiles()
DA:32,0
DA:33,0
DA:34,0
FN:36,System.Collections.Generic.IEnumerable`1<TinyCMS.Storage.IDirectory> TinyCMS.FileStorage.Storage.Directory::GetDirectories()
FNDA:0,System.Collections.Generic.IEnumerable`1<TinyCMS.Storage.IDirectory> TinyCMS.FileStorage.Storage.Directory::GetDirectories()
DA:37,0
DA:38,0
DA:39,0
FN:41,System.Void TinyCMS.FileStorage.Storage.Directory::UploadFile(TinyCMS.Storage.IFile)
FNDA:0,System.Void TinyCMS.FileStorage.Storage.Directory::UploadFile(TinyCMS.Storage.IFile)
DA:42,0
DA:44,0
FN:46,TinyCMS.Storage.IFile TinyCMS.FileStorage.Storage.Directory::GetFile(System.String)
FNDA:1,TinyCMS.Storage.IFile TinyCMS.FileStorage.Storage.Directory::GetFile(System.String)
DA:47,1
DA:48,1
DA:49,1
FN:16,System.Void TinyCMS.FileStorage.Storage.Directory::.ctor(TinyCMS.Storage.IDirectory,System.IO.DirectoryInfo)
FNDA:1,System.Void TinyCMS.FileStorage.Storage.Directory::.ctor(TinyCMS.Storage.IDirectory,System.IO.DirectoryInfo)
DA:17,1
DA:18,1
DA:19,1
DA:20,1
DA:21,1
LF:21
LH:12
BRF:0
BRH:0
FNF:8
FNH:4
end_of_record
SF:/Users/johannystrom/practice/TinyCMS/src/TinyCMS.FileStorage/Storage/File.cs
FN:22,System.String TinyCMS.FileStorage.Storage.File::get_Name()
FNDA:1,System.String TinyCMS.FileStorage.Storage.File::get_Name()
DA:23,1
FN:24,TinyCMS.Storage.IDirectory TinyCMS.FileStorage.Storage.File::get_Directory()
FNDA:1,TinyCMS.Storage.IDirectory TinyCMS.FileStorage.Storage.File::get_Directory()
DA:25,1
FN:30,System.IO.FileInfo TinyCMS.FileStorage.Storage.File::get_fileInfo()
FNDA:2,System.IO.FileInfo TinyCMS.FileStorage.Storage.File::get_fileInfo()
DA:31,2
DA:32,2
DA:33,2
FN:36,System.Void TinyCMS.FileStorage.Storage.File::Delete()
FNDA:0,System.Void TinyCMS.FileStorage.Storage.File::Delete()
DA:37,0
DA:38,0
DA:39,0
FN:41,System.Void TinyCMS.FileStorage.Storage.File::Move(System.String)
FNDA:0,System.Void TinyCMS.FileStorage.Storage.File::Move(System.String)
DA:42,0
DA:43,0
DA:44,0
FN:46,System.IO.Stream TinyCMS.FileStorage.Storage.File::OpenRead()
FNDA:1,System.IO.Stream TinyCMS.FileStorage.Storage.File::OpenRead()
DA:47,1
DA:48,1
DA:49,1
FN:51,System.IO.Stream TinyCMS.FileStorage.Storage.File::OpenWrite()
FNDA:0,System.IO.Stream TinyCMS.FileStorage.Storage.File::OpenWrite()
DA:52,0
DA:53,0
DA:54,0
FN:56,System.Boolean TinyCMS.FileStorage.Storage.File::Exists()
FNDA:1,System.Boolean TinyCMS.FileStorage.Storage.File::Exists()
DA:57,1
DA:58,1
DA:59,1
FN:9,System.Void TinyCMS.FileStorage.Storage.File::.ctor(TinyCMS.Storage.IDirectory,System.String)
FNDA:0,System.Void TinyCMS.FileStorage.Storage.File::.ctor(TinyCMS.Storage.IDirectory,System.String)
DA:10,0
DA:11,0
DA:12,0
DA:13,0
DA:14,0
FN:15,System.Void TinyCMS.FileStorage.Storage.File::.ctor(System.IO.FileInfo,TinyCMS.Storage.IDirectory)
FNDA:1,System.Void TinyCMS.FileStorage.Storage.File::.ctor(System.IO.FileInfo,TinyCMS.Storage.IDirectory)
DA:16,1
DA:17,1
DA:18,1
DA:19,1
DA:20,1
DA:21,1
LF:31
LH:17
BRF:0
BRH:0
FNF:10
FNH:6
end_of_record
SF:/Users/johannystrom/practice/TinyCMS/src/TinyCMS.FileStorage/Storage/FileStorageService.cs
FN:19,TinyCMS.Storage.IDirectory TinyCMS.FileStorage.Storage.FileStorageService::get_RootDirectory()
FNDA:2,TinyCMS.Storage.IDirectory TinyCMS.FileStorage.Storage.FileStorageService::get_RootDirectory()
DA:20,2
FN:9,System.Void TinyCMS.FileStorage.Storage.FileStorageService::.ctor(Microsoft.AspNetCore.Hosting.IHostingEnvironment)
FNDA:1,System.Void TinyCMS.FileStorage.Storage.FileStorageService::.ctor(Microsoft.AspNetCore.Hosting.IHostingEnvironment)
DA:10,1
DA:11,1
DA:12,1
DA:13,1
FN:14,System.Void TinyCMS.FileStorage.Storage.FileStorageService::.ctor(System.String)
FNDA:0,System.Void TinyCMS.FileStorage.Storage.FileStorageService::.ctor(System.String)
DA:15,0
DA:16,0
DA:17,0
DA:18,0
LF:9
LH:5
BRF:0
BRH:0
FNF:3
FNH:2
end_of_record
SF:/Users/johannystrom/practice/TinyCMS/src/TinyCMS.FileStorage/Storage/FileStorageServiceCollectionExtensions.cs
FN:11,TinyCMS.Base.ITinyCmsBuilder TinyCMS.FileStorage.Storage.FileStorageServiceCollectionExtensions::AddFileStorage(TinyCMS.Base.ITinyCmsBuilder)
FNDA:1,TinyCMS.Base.ITinyCmsBuilder TinyCMS.FileStorage.Storage.FileStorageServiceCollectionExtensions::AddFileStorage(TinyCMS.Base.ITinyCmsBuilder)
DA:12,1
DA:13,1
DA:15,1
DA:16,1
DA:17,1
DA:18,1
DA:19,1
DA:20,1
DA:21,1
DA:22,2
DA:23,2
DA:24,2
DA:26,1
DA:27,1
BRDA:15,76,0,1
BRDA:15,76,1,1
LF:14
LH:14
BRF:2
BRH:2
FNF:1
FNH:1
end_of_record
SF:/Users/johannystrom/practice/TinyCMS/src/TinyCMS.FileStorage/Storage/TinyCmsStorageOptions.cs
FN:14,System.Type TinyCMS.FileStorage.Storage.TinyCmsStorageOptions::get_NodeStorage()
FNDA:2,System.Type TinyCMS.FileStorage.Storage.TinyCmsStorageOptions::get_NodeStorage()
DA:15,2
FN:15,System.Type TinyCMS.FileStorage.Storage.TinyCmsStorageOptions::get_StorageService()
FNDA:2,System.Type TinyCMS.FileStorage.Storage.TinyCmsStorageOptions::get_StorageService()
DA:16,2
LF:2
LH:2
BRF:0
BRH:0
FNF:2
FNH:2
end_of_record